C51 COMPILER V9.52.0.0   MAIN                                                              09/28/2014 17:32:18 PAGE 1   


C51 COMPILER V9.52.0.0, COMPILATION OF MODULE MAIN
OBJECT MODULE PLACED IN Z:\home\aloo\Documents\Acads\Sem5\EE337 Microprocessors Lab\Exp8\exp8q1\main.obj
COMPILER INVOKED BY: C:\Keil\C51\BIN\C51.exe Z:\home\aloo\Documents\Acads\Sem5\EE337 Microprocessors Lab\Exp8\exp8q1\mai
                    -n.c BROWSE DEBUG OBJECTEXTEND PRINT(.\main.lst) TABS(2) OBJECT(Z:\home\aloo\Documents\Acads\Sem5\EE337 Microprocessors L
                    -ab\Exp8\exp8q1\main.obj)

line level    source

   1          #include <regx51.h>
   2          #include "delay.h"
   3          #include "watch.h"
   4          #include "lcd.h"
   5          #include "twi_lib.h"
   6          
   7          #define MS 245
   8          
   9          _watch_state watch_state;
  10          
  11          int temp;
  12          char string[3]="00\0";
  13          
  14          int main() {
  15   1        init_lcd();
  16   1        twi_lib_init();
  17   1        //disp_watch(&watch_state);
  18   1        P1 = 0x0F;                    // LEDs as outputs, switches as inputs.
  19   1        //twi_putchar()
  20   1        while(1) {
  21   2          twi_putchar(0xd0, 0);
  22   2          temp=twi_getchar(0xd0);  // 0xd0 0 0x80 0x30 0x09 0x02 0x07 0x09 0x09
  23   2          sprintf(string, "%x", temp);
  24   2          string[2]='\0';
  25   2          lcd_command(LCD_first);
  26   2          lcd_string(string);
  27   2          //disp_watch(&watch_state);
  28   2        }
  29   1      }


MODULE INFORMATION:   STATIC OVERLAYABLE
   CODE SIZE        =     69    ----
   CONSTANT SIZE    =      3    ----
   XDATA SIZE       =   ----    ----
   PDATA SIZE       =   ----    ----
   DATA SIZE        =     13    ----
   IDATA SIZE       =   ----    ----
   BIT SIZE         =   ----    ----
END OF MODULE INFORMATION.


C51 COMPILATION COMPLETE.  0 WARNING(S),  0 ERROR(S)
