C51 COMPILER V9.52.0.0   WATCH                                                             09/28/2014 17:32:18 PAGE 1   


C51 COMPILER V9.52.0.0, COMPILATION OF MODULE WATCH
OBJECT MODULE PLACED IN Z:\home\aloo\Documents\Acads\Sem5\EE337 Microprocessors Lab\Exp8\exp8q1\watch.obj
COMPILER INVOKED BY: C:\Keil\C51\BIN\C51.exe Z:\home\aloo\Documents\Acads\Sem5\EE337 Microprocessors Lab\Exp8\exp8q1\wat
                    -ch.c BROWSE DEBUG OBJECTEXTEND PRINT(.\watch.lst) TABS(2) OBJECT(Z:\home\aloo\Documents\Acads\Sem5\EE337 Microprocessors
                    - Lab\Exp8\exp8q1\watch.obj)

line level    source

   1          #include "lcd.h"
   2          #include "watch.h"
   3          
   4          #define _DIFF LCD_last-LCD_first
   5          
   6          typedef unsigned char uchar;
   7          
   8          int dayData[]={0x37,0x43,0x14,4,0x24,5,0x54};
   9          code uchar* days[]={"MON", "TUE", "WED", "THU", "FRI", "SAT", "SUN"};
  10          code uchar* months[]={"JAN", "FEB", "MAR", "APR", "MAY", "JUN", "JUL", "AUG", "SEP", "OCT", "NOV", "DEC"};
  11          code uchar first_offsets[]={0, 5, 8, 14, _DIFF+4, _DIFF+7, _DIFF+10};
  12          code uchar lengths[]={3, 2, 3, 2, 2, 2, 2};
  13          
  14          char _temp[3];
  15          
  16          void disp_watch(_watch_state* watch_state) {
  17   1        int index;
  18   1        lcd_command(LCD_first);
  19   1        lcd_string(days[dayData[3]-1]);
  20   1        lcd_string(", ");
  21   1        sprintf(_temp,"%x",dayData[4]);
  22   1        _temp[2]='\0';
  23   1        lcd_string(_temp);
  24   1        lcd_string(" ");
  25   1        lcd_string(months[dayData[5]-1]);
  26   1        lcd_string(" 20");
  27   1        sprintf(_temp,"%x",dayData[6]);
  28   1        _temp[2]='\0';
  29   1        lcd_string(_temp);
  30   1        
  31   1        lcd_command(LCD_last+4);
  32   1        
  33   1        sprintf(_temp,"%x",dayData[2]);
  34   1        _temp[2]='\0';
  35   1        lcd_string(_temp);
  36   1        
  37   1        lcd_string(":");
  38   1        sprintf(_temp,"%x",dayData[1]);
  39   1        _temp[2]='\0';
  40   1        lcd_string(_temp);
  41   1        
  42   1        lcd_string(":");
  43   1        sprintf(_temp,"%x",dayData[0]);
  44   1        _temp[2]='\0';
  45   1        lcd_string(_temp);
  46   1        
  47   1        if(watch_state->state != -1) {
  48   2          if(watch_state->disapp == 1) {
  49   3            lcd_command(LCD_first+first_offsets[watch_state->state]);
  50   3            for(index=0;index<lengths[watch_state->state];index++) {
  51   4              lcd_string(" ");
  52   4            }
  53   3          }
C51 COMPILER V9.52.0.0   WATCH                                                             09/28/2014 17:32:18 PAGE 2   

  54   2        }
  55   1      }
  56          
  57          void update_watch() {
  58   1        
  59   1      }


MODULE INFORMATION:   STATIC OVERLAYABLE
   CODE SIZE        =    428    ----
   CONSTANT SIZE    =    161    ----
   XDATA SIZE       =   ----    ----
   PDATA SIZE       =   ----    ----
   DATA SIZE        =     17       5
   IDATA SIZE       =   ----    ----
   BIT SIZE         =   ----    ----
END OF MODULE INFORMATION.


C51 COMPILATION COMPLETE.  0 WARNING(S),  0 ERROR(S)
