C51 COMPILER V9.52.0.0   EXP5Q2                                                            08/25/2014 14:11:13 PAGE 1   


C51 COMPILER V9.52.0.0, COMPILATION OF MODULE EXP5Q2
OBJECT MODULE PLACED IN Z:\home\aloo\Documents\Acads\Sem5\EE337 Microprocessors Lab\Exp5\exp5q2\exp5q2.obj
COMPILER INVOKED BY: C:\Keil\C51\BIN\C51.exe Z:\home\aloo\Documents\Acads\Sem5\EE337 Microprocessors Lab\Exp5\exp5q2\exp
                    -5q2.c BROWSE DEBUG OBJECTEXTEND PRINT(.\exp5q2.lst) TABS(2) OBJECT(Z:\home\aloo\Documents\Acads\Sem5\EE337 Microprocesso
                    -rs Lab\Exp5\exp5q2\exp5q2.obj)

line level    source

   1          #include<regx51.h>
   2          
   3          int timer0Interrupt_enable=1;
   4          int timer0_reloadValue=0xF82F;
   5          
   6          sbit pin=P0^4;
   7          
   8          
   9          const int half_periods[]={3900, 3681, 3476, 3279, 3096, 2925, 2757, 2600, 2456, 2319, 2189, 2066};
  10          const int durations[]   ={200, 100, 100, 100, 200, 100, 100, 200, 100, 200, 100, 100, 200, 100, 100, 100, 2
             -00, 00};
  11          const int notes[]       ={0, 2, 4, 5, 7, 9, 11, 16, 64, 16, 11, 9, 7, 5, 4, 2, 0, 0};
  12          int note_index=0;
  13          
  14          int curr_hp, curr_dur, curr_note, note_high, note_low;
  15          
  16          void timer0() interrupt 1 {
  17   1        if(timer0Interrupt_enable==1) {
  18   2          pin=~pin;
  19   2          TH0=(0xFFFF-timer0_reloadValue)/256;
  20   2          TL0=(0xFFFF-timer0_reloadValue) & (0xFF);
  21   2          TR0=1;
  22   2        }
  23   1      }
  24          
  25          void main() {
  26   1        int j;
  27   1        P1=0x00;
  28   1        TMOD |= 0x11;
  29   1        IE |= 0x82;
  30   1        pin=0;
  31   1        TH0=(0xFFFF-timer0_reloadValue)/256;
  32   1        TL0=(0xFFFF-timer0_reloadValue) & (0xFF);
  33   1        TR0=1;
  34   1        TR1=1;
  35   1        while(1) {
  36   2          curr_dur=durations[note_index];
  37   2          if(curr_dur==0) break;
  38   2          curr_note=notes[note_index];
  39   2          note_high=curr_note & 0xF0;
  40   2          note_high=note_high/16;
  41   2          note_low=curr_note & 0x0F;
  42   2          curr_hp=half_periods[note_low];
  43   2          switch(note_high) {
  44   3            case 0:
  45   3              break;
  46   3            case 1:
  47   3              curr_hp=curr_hp/2;
  48   3              timer0Interrupt_enable=1;
  49   3              break;
  50   3            case 2:
  51   3              curr_hp=curr_hp*2;
  52   3              timer0Interrupt_enable=1;
C51 COMPILER V9.52.0.0   EXP5Q2                                                            08/25/2014 14:11:13 PAGE 2   

  53   3              break;
  54   3            default:
  55   3              curr_hp=0xFFFF;
  56   3              timer0Interrupt_enable=0;
  57   3              break;
  58   3          }
  59   2          timer0_reloadValue=curr_hp;
  60   2          TF1=0;
  61   2          for(j=0;j<5*curr_dur;j++) {
  62   3            TH1=0xF0;
  63   3            TL1=0x5F;
  64   3            while(!TF1);
  65   3            TF1=0;
  66   3          }
  67   2          note_index++;
  68   2        }
  69   1        timer0Interrupt_enable=0;
  70   1        while(1);
  71   1      }


MODULE INFORMATION:   STATIC OVERLAYABLE
   CODE SIZE        =    282    ----
   CONSTANT SIZE    =   ----    ----
   XDATA SIZE       =   ----    ----
   PDATA SIZE       =   ----    ----
   DATA SIZE        =    112    ----
   IDATA SIZE       =   ----    ----
   BIT SIZE         =   ----    ----
END OF MODULE INFORMATION.


C51 COMPILATION COMPLETE.  0 WARNING(S),  0 ERROR(S)
