
main:     file format elf32-avr


Disassembly of section .text:

00000000 <__vectors>:
   0:	0c 94 56 00 	jmp	0xac	; 0xac <__ctors_end>
   4:	0c 94 73 00 	jmp	0xe6	; 0xe6 <__bad_interrupt>
   8:	0c 94 73 00 	jmp	0xe6	; 0xe6 <__bad_interrupt>
   c:	0c 94 73 00 	jmp	0xe6	; 0xe6 <__bad_interrupt>
  10:	0c 94 73 00 	jmp	0xe6	; 0xe6 <__bad_interrupt>
  14:	0c 94 73 00 	jmp	0xe6	; 0xe6 <__bad_interrupt>
  18:	0c 94 73 00 	jmp	0xe6	; 0xe6 <__bad_interrupt>
  1c:	0c 94 73 00 	jmp	0xe6	; 0xe6 <__bad_interrupt>
  20:	0c 94 73 00 	jmp	0xe6	; 0xe6 <__bad_interrupt>
  24:	0c 94 73 00 	jmp	0xe6	; 0xe6 <__bad_interrupt>
  28:	0c 94 73 00 	jmp	0xe6	; 0xe6 <__bad_interrupt>
  2c:	0c 94 73 00 	jmp	0xe6	; 0xe6 <__bad_interrupt>
  30:	0c 94 73 00 	jmp	0xe6	; 0xe6 <__bad_interrupt>
  34:	0c 94 73 00 	jmp	0xe6	; 0xe6 <__bad_interrupt>
  38:	0c 94 73 00 	jmp	0xe6	; 0xe6 <__bad_interrupt>
  3c:	0c 94 73 00 	jmp	0xe6	; 0xe6 <__bad_interrupt>
  40:	0c 94 73 00 	jmp	0xe6	; 0xe6 <__bad_interrupt>
  44:	0c 94 73 00 	jmp	0xe6	; 0xe6 <__bad_interrupt>
  48:	0c 94 73 00 	jmp	0xe6	; 0xe6 <__bad_interrupt>
  4c:	0c 94 73 00 	jmp	0xe6	; 0xe6 <__bad_interrupt>
  50:	0c 94 73 00 	jmp	0xe6	; 0xe6 <__bad_interrupt>
  54:	0c 94 73 00 	jmp	0xe6	; 0xe6 <__bad_interrupt>
  58:	0c 94 73 00 	jmp	0xe6	; 0xe6 <__bad_interrupt>
  5c:	0c 94 73 00 	jmp	0xe6	; 0xe6 <__bad_interrupt>
  60:	0c 94 73 00 	jmp	0xe6	; 0xe6 <__bad_interrupt>
  64:	0c 94 73 00 	jmp	0xe6	; 0xe6 <__bad_interrupt>
  68:	0c 94 73 00 	jmp	0xe6	; 0xe6 <__bad_interrupt>
  6c:	0c 94 73 00 	jmp	0xe6	; 0xe6 <__bad_interrupt>
  70:	0c 94 73 00 	jmp	0xe6	; 0xe6 <__bad_interrupt>
  74:	0c 94 93 00 	jmp	0x126	; 0x126 <__vector_29>
  78:	0c 94 73 00 	jmp	0xe6	; 0xe6 <__bad_interrupt>
  7c:	0c 94 73 00 	jmp	0xe6	; 0xe6 <__bad_interrupt>
  80:	0c 94 73 00 	jmp	0xe6	; 0xe6 <__bad_interrupt>
  84:	0c 94 73 00 	jmp	0xe6	; 0xe6 <__bad_interrupt>
  88:	0c 94 73 00 	jmp	0xe6	; 0xe6 <__bad_interrupt>
  8c:	0c 94 73 00 	jmp	0xe6	; 0xe6 <__bad_interrupt>
  90:	0c 94 73 00 	jmp	0xe6	; 0xe6 <__bad_interrupt>
  94:	0c 94 73 00 	jmp	0xe6	; 0xe6 <__bad_interrupt>
  98:	0c 94 73 00 	jmp	0xe6	; 0xe6 <__bad_interrupt>
  9c:	0c 94 73 00 	jmp	0xe6	; 0xe6 <__bad_interrupt>
  a0:	0c 94 73 00 	jmp	0xe6	; 0xe6 <__bad_interrupt>
  a4:	0c 94 73 00 	jmp	0xe6	; 0xe6 <__bad_interrupt>
  a8:	0c 94 73 00 	jmp	0xe6	; 0xe6 <__bad_interrupt>

000000ac <__ctors_end>:
  ac:	11 24       	eor	r1, r1
  ae:	1f be       	out	0x3f, r1	; 63
  b0:	cf ef       	ldi	r28, 0xFF	; 255
  b2:	da e0       	ldi	r29, 0x0A	; 10
  b4:	de bf       	out	0x3e, r29	; 62
  b6:	cd bf       	out	0x3d, r28	; 61

000000b8 <__do_clear_bss>:
  b8:	11 e0       	ldi	r17, 0x01	; 1
  ba:	a8 e0       	ldi	r26, 0x08	; 8
  bc:	b1 e0       	ldi	r27, 0x01	; 1
  be:	01 c0       	rjmp	.+2      	; 0xc2 <.do_clear_bss_start>

000000c0 <.do_clear_bss_loop>:
  c0:	1d 92       	st	X+, r1

000000c2 <.do_clear_bss_start>:
  c2:	ac 30       	cpi	r26, 0x0C	; 12
  c4:	b1 07       	cpc	r27, r17
  c6:	e1 f7       	brne	.-8      	; 0xc0 <.do_clear_bss_loop>

000000c8 <__do_copy_data>:
  c8:	11 e0       	ldi	r17, 0x01	; 1
  ca:	a0 e0       	ldi	r26, 0x00	; 0
  cc:	b1 e0       	ldi	r27, 0x01	; 1
  ce:	ec e2       	ldi	r30, 0x2C	; 44
  d0:	fd e0       	ldi	r31, 0x0D	; 13
  d2:	02 c0       	rjmp	.+4      	; 0xd8 <__do_copy_data+0x10>
  d4:	05 90       	lpm	r0, Z+
  d6:	0d 92       	st	X+, r0
  d8:	a8 30       	cpi	r26, 0x08	; 8
  da:	b1 07       	cpc	r27, r17
  dc:	d9 f7       	brne	.-10     	; 0xd4 <__do_copy_data+0xc>
  de:	0e 94 22 06 	call	0xc44	; 0xc44 <main>
  e2:	0c 94 94 06 	jmp	0xd28	; 0xd28 <_exit>

000000e6 <__bad_interrupt>:
  e6:	0c 94 00 00 	jmp	0	; 0x0 <__vectors>

000000ea <adc_init>:
  ea:	ea e7       	ldi	r30, 0x7A	; 122
  ec:	f0 e0       	ldi	r31, 0x00	; 0
  ee:	80 81       	ld	r24, Z
  f0:	87 60       	ori	r24, 0x07	; 7
  f2:	80 83       	st	Z, r24
  f4:	ac e7       	ldi	r26, 0x7C	; 124
  f6:	b0 e0       	ldi	r27, 0x00	; 0
  f8:	8c 91       	ld	r24, X
  fa:	80 64       	ori	r24, 0x40	; 64
  fc:	8c 93       	st	X, r24
  fe:	80 81       	ld	r24, Z
 100:	88 60       	ori	r24, 0x08	; 8
 102:	80 83       	st	Z, r24
 104:	80 81       	ld	r24, Z
 106:	80 68       	ori	r24, 0x80	; 128
 108:	80 83       	st	Z, r24
 10a:	08 95       	ret

0000010c <port_init>:
 10c:	10 ba       	out	0x10, r1	; 16
 10e:	11 ba       	out	0x11, r1	; 17
 110:	8f ef       	ldi	r24, 0xFF	; 255
 112:	87 b9       	out	0x07, r24	; 7
 114:	18 b8       	out	0x08, r1	; 8
 116:	08 95       	ret

00000118 <pwm_init>:
 118:	81 e8       	ldi	r24, 0x81	; 129
 11a:	80 93 80 00 	sts	0x0080, r24
 11e:	81 e0       	ldi	r24, 0x01	; 1
 120:	80 93 81 00 	sts	0x0081, r24
 124:	08 95       	ret

00000126 <__vector_29>:
 126:	1f 92       	push	r1
 128:	0f 92       	push	r0
 12a:	0f b6       	in	r0, 0x3f	; 63
 12c:	0f 92       	push	r0
 12e:	11 24       	eor	r1, r1
 130:	2f 93       	push	r18
 132:	3f 93       	push	r19
 134:	4f 93       	push	r20
 136:	5f 93       	push	r21
 138:	6f 93       	push	r22
 13a:	7f 93       	push	r23
 13c:	8f 93       	push	r24
 13e:	9f 93       	push	r25
 140:	af 93       	push	r26
 142:	bf 93       	push	r27
 144:	ef 93       	push	r30
 146:	ff 93       	push	r31
 148:	80 91 78 00 	lds	r24, 0x0078
 14c:	90 91 79 00 	lds	r25, 0x0079
 150:	79 2f       	mov	r23, r25
 152:	60 e0       	ldi	r22, 0x00	; 0
 154:	68 0f       	add	r22, r24
 156:	71 1d       	adc	r23, r1
 158:	88 27       	eor	r24, r24
 15a:	77 fd       	sbrc	r23, 7
 15c:	80 95       	com	r24
 15e:	98 2f       	mov	r25, r24
 160:	0e 94 dd 03 	call	0x7ba	; 0x7ba <__floatsisf>
 164:	60 93 08 01 	sts	0x0108, r22
 168:	70 93 09 01 	sts	0x0109, r23
 16c:	80 93 0a 01 	sts	0x010A, r24
 170:	90 93 0b 01 	sts	0x010B, r25
 174:	ea e7       	ldi	r30, 0x7A	; 122
 176:	f0 e0       	ldi	r31, 0x00	; 0
 178:	80 81       	ld	r24, Z
 17a:	80 64       	ori	r24, 0x40	; 64
 17c:	80 83       	st	Z, r24
 17e:	60 91 08 01 	lds	r22, 0x0108
 182:	70 91 09 01 	lds	r23, 0x0109
 186:	80 91 0a 01 	lds	r24, 0x010A
 18a:	90 91 0b 01 	lds	r25, 0x010B
 18e:	20 e0       	ldi	r18, 0x00	; 0
 190:	30 e0       	ldi	r19, 0x00	; 0
 192:	40 e8       	ldi	r20, 0x80	; 128
 194:	5e e3       	ldi	r21, 0x3E	; 62
 196:	0e 94 c9 02 	call	0x592	; 0x592 <__mulsf3>
 19a:	0e 94 e4 00 	call	0x1c8	; 0x1c8 <__fixunssfsi>
 19e:	70 93 89 00 	sts	0x0089, r23
 1a2:	60 93 88 00 	sts	0x0088, r22
 1a6:	ff 91       	pop	r31
 1a8:	ef 91       	pop	r30
 1aa:	bf 91       	pop	r27
 1ac:	af 91       	pop	r26
 1ae:	9f 91       	pop	r25
 1b0:	8f 91       	pop	r24
 1b2:	7f 91       	pop	r23
 1b4:	6f 91       	pop	r22
 1b6:	5f 91       	pop	r21
 1b8:	4f 91       	pop	r20
 1ba:	3f 91       	pop	r19
 1bc:	2f 91       	pop	r18
 1be:	0f 90       	pop	r0
 1c0:	0f be       	out	0x3f, r0	; 63
 1c2:	0f 90       	pop	r0
 1c4:	1f 90       	pop	r1
 1c6:	18 95       	reti

000001c8 <__fixunssfsi>:
 1c8:	cf 92       	push	r12
 1ca:	df 92       	push	r13
 1cc:	ef 92       	push	r14
 1ce:	ff 92       	push	r15
 1d0:	0f 93       	push	r16
 1d2:	1f 93       	push	r17
 1d4:	6b 01       	movw	r12, r22
 1d6:	7c 01       	movw	r14, r24
 1d8:	20 e0       	ldi	r18, 0x00	; 0
 1da:	30 e0       	ldi	r19, 0x00	; 0
 1dc:	40 e0       	ldi	r20, 0x00	; 0
 1de:	5f e4       	ldi	r21, 0x4F	; 79
 1e0:	0e 94 ae 03 	call	0x75c	; 0x75c <__gesf2>
 1e4:	87 fd       	sbrc	r24, 7
 1e6:	0e c0       	rjmp	.+28     	; 0x204 <__fixunssfsi+0x3c>
 1e8:	20 e0       	ldi	r18, 0x00	; 0
 1ea:	30 e0       	ldi	r19, 0x00	; 0
 1ec:	40 e0       	ldi	r20, 0x00	; 0
 1ee:	5f e4       	ldi	r21, 0x4F	; 79
 1f0:	c7 01       	movw	r24, r14
 1f2:	b6 01       	movw	r22, r12
 1f4:	0e 94 99 02 	call	0x532	; 0x532 <__subsf3>
 1f8:	0e 94 39 04 	call	0x872	; 0x872 <__fixsfsi>
 1fc:	8b 01       	movw	r16, r22
 1fe:	9c 01       	movw	r18, r24
 200:	30 58       	subi	r19, 0x80	; 128
 202:	06 c0       	rjmp	.+12     	; 0x210 <__fixunssfsi+0x48>
 204:	c7 01       	movw	r24, r14
 206:	b6 01       	movw	r22, r12
 208:	0e 94 39 04 	call	0x872	; 0x872 <__fixsfsi>
 20c:	8b 01       	movw	r16, r22
 20e:	9c 01       	movw	r18, r24
 210:	b8 01       	movw	r22, r16
 212:	c9 01       	movw	r24, r18
 214:	1f 91       	pop	r17
 216:	0f 91       	pop	r16
 218:	ff 90       	pop	r15
 21a:	ef 90       	pop	r14
 21c:	df 90       	pop	r13
 21e:	cf 90       	pop	r12
 220:	08 95       	ret

00000222 <_fpadd_parts>:
 222:	a4 e0       	ldi	r26, 0x04	; 4
 224:	b0 e0       	ldi	r27, 0x00	; 0
 226:	e7 e1       	ldi	r30, 0x17	; 23
 228:	f1 e0       	ldi	r31, 0x01	; 1
 22a:	0c 94 44 06 	jmp	0xc88	; 0xc88 <__prologue_saves__+0x4>
 22e:	7c 01       	movw	r14, r24
 230:	6a 01       	movw	r12, r20
 232:	fc 01       	movw	r30, r24
 234:	80 81       	ld	r24, Z
 236:	82 30       	cpi	r24, 0x02	; 2
 238:	08 f4       	brcc	.+2      	; 0x23c <_fpadd_parts+0x1a>
 23a:	4a c1       	rjmp	.+660    	; 0x4d0 <_fpadd_parts+0x2ae>
 23c:	fb 01       	movw	r30, r22
 23e:	90 81       	ld	r25, Z
 240:	92 30       	cpi	r25, 0x02	; 2
 242:	08 f4       	brcc	.+2      	; 0x246 <_fpadd_parts+0x24>
 244:	42 c1       	rjmp	.+644    	; 0x4ca <_fpadd_parts+0x2a8>
 246:	84 30       	cpi	r24, 0x04	; 4
 248:	79 f4       	brne	.+30     	; 0x268 <_fpadd_parts+0x46>
 24a:	94 30       	cpi	r25, 0x04	; 4
 24c:	09 f0       	breq	.+2      	; 0x250 <_fpadd_parts+0x2e>
 24e:	40 c1       	rjmp	.+640    	; 0x4d0 <_fpadd_parts+0x2ae>
 250:	f7 01       	movw	r30, r14
 252:	91 81       	ldd	r25, Z+1	; 0x01
 254:	fb 01       	movw	r30, r22
 256:	81 81       	ldd	r24, Z+1	; 0x01
 258:	98 17       	cp	r25, r24
 25a:	09 f4       	brne	.+2      	; 0x25e <_fpadd_parts+0x3c>
 25c:	39 c1       	rjmp	.+626    	; 0x4d0 <_fpadd_parts+0x2ae>
 25e:	a0 e0       	ldi	r26, 0x00	; 0
 260:	ea 2e       	mov	r14, r26
 262:	a1 e0       	ldi	r26, 0x01	; 1
 264:	fa 2e       	mov	r15, r26
 266:	34 c1       	rjmp	.+616    	; 0x4d0 <_fpadd_parts+0x2ae>
 268:	94 30       	cpi	r25, 0x04	; 4
 26a:	09 f4       	brne	.+2      	; 0x26e <_fpadd_parts+0x4c>
 26c:	2e c1       	rjmp	.+604    	; 0x4ca <_fpadd_parts+0x2a8>
 26e:	92 30       	cpi	r25, 0x02	; 2
 270:	91 f4       	brne	.+36     	; 0x296 <_fpadd_parts+0x74>
 272:	82 30       	cpi	r24, 0x02	; 2
 274:	09 f0       	breq	.+2      	; 0x278 <_fpadd_parts+0x56>
 276:	2c c1       	rjmp	.+600    	; 0x4d0 <_fpadd_parts+0x2ae>
 278:	88 e0       	ldi	r24, 0x08	; 8
 27a:	f7 01       	movw	r30, r14
 27c:	da 01       	movw	r26, r20
 27e:	01 90       	ld	r0, Z+
 280:	0d 92       	st	X+, r0
 282:	8a 95       	dec	r24
 284:	e1 f7       	brne	.-8      	; 0x27e <_fpadd_parts+0x5c>
 286:	fb 01       	movw	r30, r22
 288:	81 81       	ldd	r24, Z+1	; 0x01
 28a:	f7 01       	movw	r30, r14
 28c:	91 81       	ldd	r25, Z+1	; 0x01
 28e:	89 23       	and	r24, r25
 290:	fa 01       	movw	r30, r20
 292:	81 83       	std	Z+1, r24	; 0x01
 294:	1c c1       	rjmp	.+568    	; 0x4ce <_fpadd_parts+0x2ac>
 296:	82 30       	cpi	r24, 0x02	; 2
 298:	09 f4       	brne	.+2      	; 0x29c <_fpadd_parts+0x7a>
 29a:	17 c1       	rjmp	.+558    	; 0x4ca <_fpadd_parts+0x2a8>
 29c:	f7 01       	movw	r30, r14
 29e:	82 81       	ldd	r24, Z+2	; 0x02
 2a0:	93 81       	ldd	r25, Z+3	; 0x03
 2a2:	fb 01       	movw	r30, r22
 2a4:	a2 81       	ldd	r26, Z+2	; 0x02
 2a6:	b3 81       	ldd	r27, Z+3	; 0x03
 2a8:	f7 01       	movw	r30, r14
 2aa:	04 81       	ldd	r16, Z+4	; 0x04
 2ac:	15 81       	ldd	r17, Z+5	; 0x05
 2ae:	26 81       	ldd	r18, Z+6	; 0x06
 2b0:	37 81       	ldd	r19, Z+7	; 0x07
 2b2:	fb 01       	movw	r30, r22
 2b4:	84 80       	ldd	r8, Z+4	; 0x04
 2b6:	95 80       	ldd	r9, Z+5	; 0x05
 2b8:	a6 80       	ldd	r10, Z+6	; 0x06
 2ba:	b7 80       	ldd	r11, Z+7	; 0x07
 2bc:	fc 01       	movw	r30, r24
 2be:	ea 1b       	sub	r30, r26
 2c0:	fb 0b       	sbc	r31, r27
 2c2:	af 01       	movw	r20, r30
 2c4:	f7 ff       	sbrs	r31, 7
 2c6:	04 c0       	rjmp	.+8      	; 0x2d0 <_fpadd_parts+0xae>
 2c8:	44 27       	eor	r20, r20
 2ca:	55 27       	eor	r21, r21
 2cc:	4e 1b       	sub	r20, r30
 2ce:	5f 0b       	sbc	r21, r31
 2d0:	40 32       	cpi	r20, 0x20	; 32
 2d2:	51 05       	cpc	r21, r1
 2d4:	0c f0       	brlt	.+2      	; 0x2d8 <_fpadd_parts+0xb6>
 2d6:	74 c0       	rjmp	.+232    	; 0x3c0 <_fpadd_parts+0x19e>
 2d8:	1e 16       	cp	r1, r30
 2da:	1f 06       	cpc	r1, r31
 2dc:	b4 f5       	brge	.+108    	; 0x34a <_fpadd_parts+0x128>
 2de:	24 01       	movw	r4, r8
 2e0:	35 01       	movw	r6, r10
 2e2:	04 2e       	mov	r0, r20
 2e4:	04 c0       	rjmp	.+8      	; 0x2ee <_fpadd_parts+0xcc>
 2e6:	76 94       	lsr	r7
 2e8:	67 94       	ror	r6
 2ea:	57 94       	ror	r5
 2ec:	47 94       	ror	r4
 2ee:	0a 94       	dec	r0
 2f0:	d2 f7       	brpl	.-12     	; 0x2e6 <_fpadd_parts+0xc4>
 2f2:	49 82       	std	Y+1, r4	; 0x01
 2f4:	5a 82       	std	Y+2, r5	; 0x02
 2f6:	6b 82       	std	Y+3, r6	; 0x03
 2f8:	7c 82       	std	Y+4, r7	; 0x04
 2fa:	41 2c       	mov	r4, r1
 2fc:	51 2c       	mov	r5, r1
 2fe:	32 01       	movw	r6, r4
 300:	43 94       	inc	r4
 302:	04 c0       	rjmp	.+8      	; 0x30c <_fpadd_parts+0xea>
 304:	44 0c       	add	r4, r4
 306:	55 1c       	adc	r5, r5
 308:	66 1c       	adc	r6, r6
 30a:	77 1c       	adc	r7, r7
 30c:	4a 95       	dec	r20
 30e:	d2 f7       	brpl	.-12     	; 0x304 <_fpadd_parts+0xe2>
 310:	41 e0       	ldi	r20, 0x01	; 1
 312:	44 1a       	sub	r4, r20
 314:	51 08       	sbc	r5, r1
 316:	61 08       	sbc	r6, r1
 318:	71 08       	sbc	r7, r1
 31a:	48 20       	and	r4, r8
 31c:	59 20       	and	r5, r9
 31e:	6a 20       	and	r6, r10
 320:	7b 20       	and	r7, r11
 322:	81 2c       	mov	r8, r1
 324:	91 2c       	mov	r9, r1
 326:	54 01       	movw	r10, r8
 328:	83 94       	inc	r8
 32a:	45 28       	or	r4, r5
 32c:	46 28       	or	r4, r6
 32e:	47 28       	or	r4, r7
 330:	19 f4       	brne	.+6      	; 0x338 <_fpadd_parts+0x116>
 332:	81 2c       	mov	r8, r1
 334:	91 2c       	mov	r9, r1
 336:	54 01       	movw	r10, r8
 338:	49 80       	ldd	r4, Y+1	; 0x01
 33a:	5a 80       	ldd	r5, Y+2	; 0x02
 33c:	6b 80       	ldd	r6, Y+3	; 0x03
 33e:	7c 80       	ldd	r7, Y+4	; 0x04
 340:	84 28       	or	r8, r4
 342:	95 28       	or	r9, r5
 344:	a6 28       	or	r10, r6
 346:	b7 28       	or	r11, r7
 348:	46 c0       	rjmp	.+140    	; 0x3d6 <_fpadd_parts+0x1b4>
 34a:	ef 2b       	or	r30, r31
 34c:	09 f4       	brne	.+2      	; 0x350 <_fpadd_parts+0x12e>
 34e:	43 c0       	rjmp	.+134    	; 0x3d6 <_fpadd_parts+0x1b4>
 350:	84 0f       	add	r24, r20
 352:	95 1f       	adc	r25, r21
 354:	28 01       	movw	r4, r16
 356:	39 01       	movw	r6, r18
 358:	04 2e       	mov	r0, r20
 35a:	04 c0       	rjmp	.+8      	; 0x364 <_fpadd_parts+0x142>
 35c:	76 94       	lsr	r7
 35e:	67 94       	ror	r6
 360:	57 94       	ror	r5
 362:	47 94       	ror	r4
 364:	0a 94       	dec	r0
 366:	d2 f7       	brpl	.-12     	; 0x35c <_fpadd_parts+0x13a>
 368:	49 82       	std	Y+1, r4	; 0x01
 36a:	5a 82       	std	Y+2, r5	; 0x02
 36c:	6b 82       	std	Y+3, r6	; 0x03
 36e:	7c 82       	std	Y+4, r7	; 0x04
 370:	41 2c       	mov	r4, r1
 372:	51 2c       	mov	r5, r1
 374:	32 01       	movw	r6, r4
 376:	43 94       	inc	r4
 378:	04 c0       	rjmp	.+8      	; 0x382 <_fpadd_parts+0x160>
 37a:	44 0c       	add	r4, r4
 37c:	55 1c       	adc	r5, r5
 37e:	66 1c       	adc	r6, r6
 380:	77 1c       	adc	r7, r7
 382:	4a 95       	dec	r20
 384:	d2 f7       	brpl	.-12     	; 0x37a <_fpadd_parts+0x158>
 386:	41 e0       	ldi	r20, 0x01	; 1
 388:	44 1a       	sub	r4, r20
 38a:	51 08       	sbc	r5, r1
 38c:	61 08       	sbc	r6, r1
 38e:	71 08       	sbc	r7, r1
 390:	40 22       	and	r4, r16
 392:	51 22       	and	r5, r17
 394:	62 22       	and	r6, r18
 396:	73 22       	and	r7, r19
 398:	01 e0       	ldi	r16, 0x01	; 1
 39a:	10 e0       	ldi	r17, 0x00	; 0
 39c:	20 e0       	ldi	r18, 0x00	; 0
 39e:	30 e0       	ldi	r19, 0x00	; 0
 3a0:	45 28       	or	r4, r5
 3a2:	46 28       	or	r4, r6
 3a4:	47 28       	or	r4, r7
 3a6:	19 f4       	brne	.+6      	; 0x3ae <_fpadd_parts+0x18c>
 3a8:	00 e0       	ldi	r16, 0x00	; 0
 3aa:	10 e0       	ldi	r17, 0x00	; 0
 3ac:	98 01       	movw	r18, r16
 3ae:	49 80       	ldd	r4, Y+1	; 0x01
 3b0:	5a 80       	ldd	r5, Y+2	; 0x02
 3b2:	6b 80       	ldd	r6, Y+3	; 0x03
 3b4:	7c 80       	ldd	r7, Y+4	; 0x04
 3b6:	04 29       	or	r16, r4
 3b8:	15 29       	or	r17, r5
 3ba:	26 29       	or	r18, r6
 3bc:	37 29       	or	r19, r7
 3be:	0b c0       	rjmp	.+22     	; 0x3d6 <_fpadd_parts+0x1b4>
 3c0:	a8 17       	cp	r26, r24
 3c2:	b9 07       	cpc	r27, r25
 3c4:	24 f4       	brge	.+8      	; 0x3ce <_fpadd_parts+0x1ac>
 3c6:	81 2c       	mov	r8, r1
 3c8:	91 2c       	mov	r9, r1
 3ca:	54 01       	movw	r10, r8
 3cc:	04 c0       	rjmp	.+8      	; 0x3d6 <_fpadd_parts+0x1b4>
 3ce:	cd 01       	movw	r24, r26
 3d0:	00 e0       	ldi	r16, 0x00	; 0
 3d2:	10 e0       	ldi	r17, 0x00	; 0
 3d4:	98 01       	movw	r18, r16
 3d6:	f7 01       	movw	r30, r14
 3d8:	41 81       	ldd	r20, Z+1	; 0x01
 3da:	fb 01       	movw	r30, r22
 3dc:	51 81       	ldd	r21, Z+1	; 0x01
 3de:	45 17       	cp	r20, r21
 3e0:	09 f4       	brne	.+2      	; 0x3e4 <_fpadd_parts+0x1c2>
 3e2:	46 c0       	rjmp	.+140    	; 0x470 <_fpadd_parts+0x24e>
 3e4:	44 23       	and	r20, r20
 3e6:	49 f0       	breq	.+18     	; 0x3fa <_fpadd_parts+0x1d8>
 3e8:	24 01       	movw	r4, r8
 3ea:	35 01       	movw	r6, r10
 3ec:	40 1a       	sub	r4, r16
 3ee:	51 0a       	sbc	r5, r17
 3f0:	62 0a       	sbc	r6, r18
 3f2:	73 0a       	sbc	r7, r19
 3f4:	93 01       	movw	r18, r6
 3f6:	82 01       	movw	r16, r4
 3f8:	04 c0       	rjmp	.+8      	; 0x402 <_fpadd_parts+0x1e0>
 3fa:	08 19       	sub	r16, r8
 3fc:	19 09       	sbc	r17, r9
 3fe:	2a 09       	sbc	r18, r10
 400:	3b 09       	sbc	r19, r11
 402:	37 fd       	sbrc	r19, 7
 404:	05 c0       	rjmp	.+10     	; 0x410 <_fpadd_parts+0x1ee>
 406:	f6 01       	movw	r30, r12
 408:	11 82       	std	Z+1, r1	; 0x01
 40a:	93 83       	std	Z+3, r25	; 0x03
 40c:	82 83       	std	Z+2, r24	; 0x02
 40e:	0c c0       	rjmp	.+24     	; 0x428 <_fpadd_parts+0x206>
 410:	41 e0       	ldi	r20, 0x01	; 1
 412:	f6 01       	movw	r30, r12
 414:	41 83       	std	Z+1, r20	; 0x01
 416:	93 83       	std	Z+3, r25	; 0x03
 418:	82 83       	std	Z+2, r24	; 0x02
 41a:	30 95       	com	r19
 41c:	20 95       	com	r18
 41e:	10 95       	com	r17
 420:	01 95       	neg	r16
 422:	1f 4f       	sbci	r17, 0xFF	; 255
 424:	2f 4f       	sbci	r18, 0xFF	; 255
 426:	3f 4f       	sbci	r19, 0xFF	; 255
 428:	04 83       	std	Z+4, r16	; 0x04
 42a:	15 83       	std	Z+5, r17	; 0x05
 42c:	26 83       	std	Z+6, r18	; 0x06
 42e:	37 83       	std	Z+7, r19	; 0x07
 430:	0e c0       	rjmp	.+28     	; 0x44e <_fpadd_parts+0x22c>
 432:	88 0f       	add	r24, r24
 434:	99 1f       	adc	r25, r25
 436:	aa 1f       	adc	r26, r26
 438:	bb 1f       	adc	r27, r27
 43a:	f6 01       	movw	r30, r12
 43c:	84 83       	std	Z+4, r24	; 0x04
 43e:	95 83       	std	Z+5, r25	; 0x05
 440:	a6 83       	std	Z+6, r26	; 0x06
 442:	b7 83       	std	Z+7, r27	; 0x07
 444:	82 81       	ldd	r24, Z+2	; 0x02
 446:	93 81       	ldd	r25, Z+3	; 0x03
 448:	01 97       	sbiw	r24, 0x01	; 1
 44a:	93 83       	std	Z+3, r25	; 0x03
 44c:	82 83       	std	Z+2, r24	; 0x02
 44e:	f6 01       	movw	r30, r12
 450:	84 81       	ldd	r24, Z+4	; 0x04
 452:	95 81       	ldd	r25, Z+5	; 0x05
 454:	a6 81       	ldd	r26, Z+6	; 0x06
 456:	b7 81       	ldd	r27, Z+7	; 0x07
 458:	ac 01       	movw	r20, r24
 45a:	bd 01       	movw	r22, r26
 45c:	41 50       	subi	r20, 0x01	; 1
 45e:	51 09       	sbc	r21, r1
 460:	61 09       	sbc	r22, r1
 462:	71 09       	sbc	r23, r1
 464:	4f 3f       	cpi	r20, 0xFF	; 255
 466:	5f 4f       	sbci	r21, 0xFF	; 255
 468:	6f 4f       	sbci	r22, 0xFF	; 255
 46a:	7f 43       	sbci	r23, 0x3F	; 63
 46c:	10 f3       	brcs	.-60     	; 0x432 <_fpadd_parts+0x210>
 46e:	0c c0       	rjmp	.+24     	; 0x488 <_fpadd_parts+0x266>
 470:	f6 01       	movw	r30, r12
 472:	41 83       	std	Z+1, r20	; 0x01
 474:	93 83       	std	Z+3, r25	; 0x03
 476:	82 83       	std	Z+2, r24	; 0x02
 478:	08 0d       	add	r16, r8
 47a:	19 1d       	adc	r17, r9
 47c:	2a 1d       	adc	r18, r10
 47e:	3b 1d       	adc	r19, r11
 480:	04 83       	std	Z+4, r16	; 0x04
 482:	15 83       	std	Z+5, r17	; 0x05
 484:	26 83       	std	Z+6, r18	; 0x06
 486:	37 83       	std	Z+7, r19	; 0x07
 488:	83 e0       	ldi	r24, 0x03	; 3
 48a:	f6 01       	movw	r30, r12
 48c:	80 83       	st	Z, r24
 48e:	44 81       	ldd	r20, Z+4	; 0x04
 490:	55 81       	ldd	r21, Z+5	; 0x05
 492:	66 81       	ldd	r22, Z+6	; 0x06
 494:	77 81       	ldd	r23, Z+7	; 0x07
 496:	77 ff       	sbrs	r23, 7
 498:	1a c0       	rjmp	.+52     	; 0x4ce <_fpadd_parts+0x2ac>
 49a:	db 01       	movw	r26, r22
 49c:	ca 01       	movw	r24, r20
 49e:	81 70       	andi	r24, 0x01	; 1
 4a0:	99 27       	eor	r25, r25
 4a2:	aa 27       	eor	r26, r26
 4a4:	bb 27       	eor	r27, r27
 4a6:	76 95       	lsr	r23
 4a8:	67 95       	ror	r22
 4aa:	57 95       	ror	r21
 4ac:	47 95       	ror	r20
 4ae:	84 2b       	or	r24, r20
 4b0:	95 2b       	or	r25, r21
 4b2:	a6 2b       	or	r26, r22
 4b4:	b7 2b       	or	r27, r23
 4b6:	84 83       	std	Z+4, r24	; 0x04
 4b8:	95 83       	std	Z+5, r25	; 0x05
 4ba:	a6 83       	std	Z+6, r26	; 0x06
 4bc:	b7 83       	std	Z+7, r27	; 0x07
 4be:	82 81       	ldd	r24, Z+2	; 0x02
 4c0:	93 81       	ldd	r25, Z+3	; 0x03
 4c2:	01 96       	adiw	r24, 0x01	; 1
 4c4:	93 83       	std	Z+3, r25	; 0x03
 4c6:	82 83       	std	Z+2, r24	; 0x02
 4c8:	02 c0       	rjmp	.+4      	; 0x4ce <_fpadd_parts+0x2ac>
 4ca:	7b 01       	movw	r14, r22
 4cc:	01 c0       	rjmp	.+2      	; 0x4d0 <_fpadd_parts+0x2ae>
 4ce:	76 01       	movw	r14, r12
 4d0:	c7 01       	movw	r24, r14
 4d2:	24 96       	adiw	r28, 0x04	; 4
 4d4:	e0 e1       	ldi	r30, 0x10	; 16
 4d6:	0c 94 60 06 	jmp	0xcc0	; 0xcc0 <__epilogue_restores__+0x4>

000004da <__addsf3>:
 4da:	a0 e2       	ldi	r26, 0x20	; 32
 4dc:	b0 e0       	ldi	r27, 0x00	; 0
 4de:	e3 e7       	ldi	r30, 0x73	; 115
 4e0:	f2 e0       	ldi	r31, 0x02	; 2
 4e2:	0c 94 52 06 	jmp	0xca4	; 0xca4 <__prologue_saves__+0x20>
 4e6:	6d 8f       	std	Y+29, r22	; 0x1d
 4e8:	7e 8f       	std	Y+30, r23	; 0x1e
 4ea:	8f 8f       	std	Y+31, r24	; 0x1f
 4ec:	98 a3       	std	Y+32, r25	; 0x20
 4ee:	29 8f       	std	Y+25, r18	; 0x19
 4f0:	3a 8f       	std	Y+26, r19	; 0x1a
 4f2:	4b 8f       	std	Y+27, r20	; 0x1b
 4f4:	5c 8f       	std	Y+28, r21	; 0x1c
 4f6:	be 01       	movw	r22, r28
 4f8:	6f 5e       	subi	r22, 0xEF	; 239
 4fa:	7f 4f       	sbci	r23, 0xFF	; 255
 4fc:	ce 01       	movw	r24, r28
 4fe:	4d 96       	adiw	r24, 0x1d	; 29
 500:	0e 94 52 05 	call	0xaa4	; 0xaa4 <__unpack_f>
 504:	be 01       	movw	r22, r28
 506:	67 5f       	subi	r22, 0xF7	; 247
 508:	7f 4f       	sbci	r23, 0xFF	; 255
 50a:	ce 01       	movw	r24, r28
 50c:	49 96       	adiw	r24, 0x19	; 25
 50e:	0e 94 52 05 	call	0xaa4	; 0xaa4 <__unpack_f>
 512:	ae 01       	movw	r20, r28
 514:	4f 5f       	subi	r20, 0xFF	; 255
 516:	5f 4f       	sbci	r21, 0xFF	; 255
 518:	be 01       	movw	r22, r28
 51a:	67 5f       	subi	r22, 0xF7	; 247
 51c:	7f 4f       	sbci	r23, 0xFF	; 255
 51e:	ce 01       	movw	r24, r28
 520:	41 96       	adiw	r24, 0x11	; 17
 522:	0e 94 11 01 	call	0x222	; 0x222 <_fpadd_parts>
 526:	0e 94 88 04 	call	0x910	; 0x910 <__pack_f>
 52a:	a0 96       	adiw	r28, 0x20	; 32
 52c:	e2 e0       	ldi	r30, 0x02	; 2
 52e:	0c 94 6e 06 	jmp	0xcdc	; 0xcdc <__epilogue_restores__+0x20>

00000532 <__subsf3>:
 532:	a0 e2       	ldi	r26, 0x20	; 32
 534:	b0 e0       	ldi	r27, 0x00	; 0
 536:	ef e9       	ldi	r30, 0x9F	; 159
 538:	f2 e0       	ldi	r31, 0x02	; 2
 53a:	0c 94 52 06 	jmp	0xca4	; 0xca4 <__prologue_saves__+0x20>
 53e:	6d 8f       	std	Y+29, r22	; 0x1d
 540:	7e 8f       	std	Y+30, r23	; 0x1e
 542:	8f 8f       	std	Y+31, r24	; 0x1f
 544:	98 a3       	std	Y+32, r25	; 0x20
 546:	29 8f       	std	Y+25, r18	; 0x19
 548:	3a 8f       	std	Y+26, r19	; 0x1a
 54a:	4b 8f       	std	Y+27, r20	; 0x1b
 54c:	5c 8f       	std	Y+28, r21	; 0x1c
 54e:	be 01       	movw	r22, r28
 550:	6f 5e       	subi	r22, 0xEF	; 239
 552:	7f 4f       	sbci	r23, 0xFF	; 255
 554:	ce 01       	movw	r24, r28
 556:	4d 96       	adiw	r24, 0x1d	; 29
 558:	0e 94 52 05 	call	0xaa4	; 0xaa4 <__unpack_f>
 55c:	be 01       	movw	r22, r28
 55e:	67 5f       	subi	r22, 0xF7	; 247
 560:	7f 4f       	sbci	r23, 0xFF	; 255
 562:	ce 01       	movw	r24, r28
 564:	49 96       	adiw	r24, 0x19	; 25
 566:	0e 94 52 05 	call	0xaa4	; 0xaa4 <__unpack_f>
 56a:	8a 85       	ldd	r24, Y+10	; 0x0a
 56c:	91 e0       	ldi	r25, 0x01	; 1
 56e:	89 27       	eor	r24, r25
 570:	8a 87       	std	Y+10, r24	; 0x0a
 572:	ae 01       	movw	r20, r28
 574:	4f 5f       	subi	r20, 0xFF	; 255
 576:	5f 4f       	sbci	r21, 0xFF	; 255
 578:	be 01       	movw	r22, r28
 57a:	67 5f       	subi	r22, 0xF7	; 247
 57c:	7f 4f       	sbci	r23, 0xFF	; 255
 57e:	ce 01       	movw	r24, r28
 580:	41 96       	adiw	r24, 0x11	; 17
 582:	0e 94 11 01 	call	0x222	; 0x222 <_fpadd_parts>
 586:	0e 94 88 04 	call	0x910	; 0x910 <__pack_f>
 58a:	a0 96       	adiw	r28, 0x20	; 32
 58c:	e2 e0       	ldi	r30, 0x02	; 2
 58e:	0c 94 6e 06 	jmp	0xcdc	; 0xcdc <__epilogue_restores__+0x20>

00000592 <__mulsf3>:
 592:	a0 e2       	ldi	r26, 0x20	; 32
 594:	b0 e0       	ldi	r27, 0x00	; 0
 596:	ef ec       	ldi	r30, 0xCF	; 207
 598:	f2 e0       	ldi	r31, 0x02	; 2
 59a:	0c 94 44 06 	jmp	0xc88	; 0xc88 <__prologue_saves__+0x4>
 59e:	6d 8f       	std	Y+29, r22	; 0x1d
 5a0:	7e 8f       	std	Y+30, r23	; 0x1e
 5a2:	8f 8f       	std	Y+31, r24	; 0x1f
 5a4:	98 a3       	std	Y+32, r25	; 0x20
 5a6:	29 8f       	std	Y+25, r18	; 0x19
 5a8:	3a 8f       	std	Y+26, r19	; 0x1a
 5aa:	4b 8f       	std	Y+27, r20	; 0x1b
 5ac:	5c 8f       	std	Y+28, r21	; 0x1c
 5ae:	be 01       	movw	r22, r28
 5b0:	6f 5e       	subi	r22, 0xEF	; 239
 5b2:	7f 4f       	sbci	r23, 0xFF	; 255
 5b4:	ce 01       	movw	r24, r28
 5b6:	4d 96       	adiw	r24, 0x1d	; 29
 5b8:	0e 94 52 05 	call	0xaa4	; 0xaa4 <__unpack_f>
 5bc:	be 01       	movw	r22, r28
 5be:	67 5f       	subi	r22, 0xF7	; 247
 5c0:	7f 4f       	sbci	r23, 0xFF	; 255
 5c2:	ce 01       	movw	r24, r28
 5c4:	49 96       	adiw	r24, 0x19	; 25
 5c6:	0e 94 52 05 	call	0xaa4	; 0xaa4 <__unpack_f>
 5ca:	99 89       	ldd	r25, Y+17	; 0x11
 5cc:	92 30       	cpi	r25, 0x02	; 2
 5ce:	08 f4       	brcc	.+2      	; 0x5d2 <__mulsf3+0x40>
 5d0:	12 c0       	rjmp	.+36     	; 0x5f6 <__mulsf3+0x64>
 5d2:	89 85       	ldd	r24, Y+9	; 0x09
 5d4:	82 30       	cpi	r24, 0x02	; 2
 5d6:	08 f4       	brcc	.+2      	; 0x5da <__mulsf3+0x48>
 5d8:	1a c0       	rjmp	.+52     	; 0x60e <__mulsf3+0x7c>
 5da:	94 30       	cpi	r25, 0x04	; 4
 5dc:	21 f4       	brne	.+8      	; 0x5e6 <__mulsf3+0x54>
 5de:	82 30       	cpi	r24, 0x02	; 2
 5e0:	09 f4       	brne	.+2      	; 0x5e4 <__mulsf3+0x52>
 5e2:	b4 c0       	rjmp	.+360    	; 0x74c <__mulsf3+0x1ba>
 5e4:	08 c0       	rjmp	.+16     	; 0x5f6 <__mulsf3+0x64>
 5e6:	84 30       	cpi	r24, 0x04	; 4
 5e8:	21 f4       	brne	.+8      	; 0x5f2 <__mulsf3+0x60>
 5ea:	92 30       	cpi	r25, 0x02	; 2
 5ec:	09 f4       	brne	.+2      	; 0x5f0 <__mulsf3+0x5e>
 5ee:	ae c0       	rjmp	.+348    	; 0x74c <__mulsf3+0x1ba>
 5f0:	0e c0       	rjmp	.+28     	; 0x60e <__mulsf3+0x7c>
 5f2:	92 30       	cpi	r25, 0x02	; 2
 5f4:	51 f4       	brne	.+20     	; 0x60a <__mulsf3+0x78>
 5f6:	81 e0       	ldi	r24, 0x01	; 1
 5f8:	2a 89       	ldd	r18, Y+18	; 0x12
 5fa:	9a 85       	ldd	r25, Y+10	; 0x0a
 5fc:	29 13       	cpse	r18, r25
 5fe:	01 c0       	rjmp	.+2      	; 0x602 <__mulsf3+0x70>
 600:	80 e0       	ldi	r24, 0x00	; 0
 602:	8a 8b       	std	Y+18, r24	; 0x12
 604:	ce 01       	movw	r24, r28
 606:	41 96       	adiw	r24, 0x11	; 17
 608:	a3 c0       	rjmp	.+326    	; 0x750 <__mulsf3+0x1be>
 60a:	82 30       	cpi	r24, 0x02	; 2
 60c:	51 f4       	brne	.+20     	; 0x622 <__mulsf3+0x90>
 60e:	81 e0       	ldi	r24, 0x01	; 1
 610:	2a 89       	ldd	r18, Y+18	; 0x12
 612:	9a 85       	ldd	r25, Y+10	; 0x0a
 614:	29 13       	cpse	r18, r25
 616:	01 c0       	rjmp	.+2      	; 0x61a <__mulsf3+0x88>
 618:	80 e0       	ldi	r24, 0x00	; 0
 61a:	8a 87       	std	Y+10, r24	; 0x0a
 61c:	ce 01       	movw	r24, r28
 61e:	09 96       	adiw	r24, 0x09	; 9
 620:	97 c0       	rjmp	.+302    	; 0x750 <__mulsf3+0x1be>
 622:	8d 88       	ldd	r8, Y+21	; 0x15
 624:	9e 88       	ldd	r9, Y+22	; 0x16
 626:	af 88       	ldd	r10, Y+23	; 0x17
 628:	b8 8c       	ldd	r11, Y+24	; 0x18
 62a:	0d 85       	ldd	r16, Y+13	; 0x0d
 62c:	1e 85       	ldd	r17, Y+14	; 0x0e
 62e:	2f 85       	ldd	r18, Y+15	; 0x0f
 630:	38 89       	ldd	r19, Y+16	; 0x10
 632:	e0 e2       	ldi	r30, 0x20	; 32
 634:	f0 e0       	ldi	r31, 0x00	; 0
 636:	80 e0       	ldi	r24, 0x00	; 0
 638:	90 e0       	ldi	r25, 0x00	; 0
 63a:	dc 01       	movw	r26, r24
 63c:	c1 2c       	mov	r12, r1
 63e:	d1 2c       	mov	r13, r1
 640:	76 01       	movw	r14, r12
 642:	40 e0       	ldi	r20, 0x00	; 0
 644:	50 e0       	ldi	r21, 0x00	; 0
 646:	ba 01       	movw	r22, r20
 648:	80 fe       	sbrs	r8, 0
 64a:	18 c0       	rjmp	.+48     	; 0x67c <__mulsf3+0xea>
 64c:	40 0f       	add	r20, r16
 64e:	51 1f       	adc	r21, r17
 650:	62 1f       	adc	r22, r18
 652:	73 1f       	adc	r23, r19
 654:	8c 0d       	add	r24, r12
 656:	9d 1d       	adc	r25, r13
 658:	ae 1d       	adc	r26, r14
 65a:	bf 1d       	adc	r27, r15
 65c:	41 2c       	mov	r4, r1
 65e:	51 2c       	mov	r5, r1
 660:	32 01       	movw	r6, r4
 662:	43 94       	inc	r4
 664:	40 17       	cp	r20, r16
 666:	51 07       	cpc	r21, r17
 668:	62 07       	cpc	r22, r18
 66a:	73 07       	cpc	r23, r19
 66c:	18 f0       	brcs	.+6      	; 0x674 <__mulsf3+0xe2>
 66e:	41 2c       	mov	r4, r1
 670:	51 2c       	mov	r5, r1
 672:	32 01       	movw	r6, r4
 674:	84 0d       	add	r24, r4
 676:	95 1d       	adc	r25, r5
 678:	a6 1d       	adc	r26, r6
 67a:	b7 1d       	adc	r27, r7
 67c:	cc 0c       	add	r12, r12
 67e:	dd 1c       	adc	r13, r13
 680:	ee 1c       	adc	r14, r14
 682:	ff 1c       	adc	r15, r15
 684:	37 ff       	sbrs	r19, 7
 686:	02 c0       	rjmp	.+4      	; 0x68c <__mulsf3+0xfa>
 688:	68 94       	set
 68a:	c0 f8       	bld	r12, 0
 68c:	00 0f       	add	r16, r16
 68e:	11 1f       	adc	r17, r17
 690:	22 1f       	adc	r18, r18
 692:	33 1f       	adc	r19, r19
 694:	b6 94       	lsr	r11
 696:	a7 94       	ror	r10
 698:	97 94       	ror	r9
 69a:	87 94       	ror	r8
 69c:	31 97       	sbiw	r30, 0x01	; 1
 69e:	a1 f6       	brne	.-88     	; 0x648 <__mulsf3+0xb6>
 6a0:	2b 89       	ldd	r18, Y+19	; 0x13
 6a2:	3c 89       	ldd	r19, Y+20	; 0x14
 6a4:	eb 85       	ldd	r30, Y+11	; 0x0b
 6a6:	fc 85       	ldd	r31, Y+12	; 0x0c
 6a8:	2e 0f       	add	r18, r30
 6aa:	3f 1f       	adc	r19, r31
 6ac:	2e 5f       	subi	r18, 0xFE	; 254
 6ae:	3f 4f       	sbci	r19, 0xFF	; 255
 6b0:	3c 83       	std	Y+4, r19	; 0x04
 6b2:	2b 83       	std	Y+3, r18	; 0x03
 6b4:	21 e0       	ldi	r18, 0x01	; 1
 6b6:	ea 89       	ldd	r30, Y+18	; 0x12
 6b8:	3a 85       	ldd	r19, Y+10	; 0x0a
 6ba:	e3 13       	cpse	r30, r19
 6bc:	01 c0       	rjmp	.+2      	; 0x6c0 <__mulsf3+0x12e>
 6be:	20 e0       	ldi	r18, 0x00	; 0
 6c0:	2a 83       	std	Y+2, r18	; 0x02
 6c2:	eb 81       	ldd	r30, Y+3	; 0x03
 6c4:	fc 81       	ldd	r31, Y+4	; 0x04
 6c6:	0c c0       	rjmp	.+24     	; 0x6e0 <__mulsf3+0x14e>
 6c8:	80 ff       	sbrs	r24, 0
 6ca:	05 c0       	rjmp	.+10     	; 0x6d6 <__mulsf3+0x144>
 6cc:	76 95       	lsr	r23
 6ce:	67 95       	ror	r22
 6d0:	57 95       	ror	r21
 6d2:	47 95       	ror	r20
 6d4:	70 68       	ori	r23, 0x80	; 128
 6d6:	b6 95       	lsr	r27
 6d8:	a7 95       	ror	r26
 6da:	97 95       	ror	r25
 6dc:	87 95       	ror	r24
 6de:	31 96       	adiw	r30, 0x01	; 1
 6e0:	b7 fd       	sbrc	r27, 7
 6e2:	f2 cf       	rjmp	.-28     	; 0x6c8 <__mulsf3+0x136>
 6e4:	9f 01       	movw	r18, r30
 6e6:	0c c0       	rjmp	.+24     	; 0x700 <__mulsf3+0x16e>
 6e8:	88 0f       	add	r24, r24
 6ea:	99 1f       	adc	r25, r25
 6ec:	aa 1f       	adc	r26, r26
 6ee:	bb 1f       	adc	r27, r27
 6f0:	77 fd       	sbrc	r23, 7
 6f2:	81 60       	ori	r24, 0x01	; 1
 6f4:	44 0f       	add	r20, r20
 6f6:	55 1f       	adc	r21, r21
 6f8:	66 1f       	adc	r22, r22
 6fa:	77 1f       	adc	r23, r23
 6fc:	21 50       	subi	r18, 0x01	; 1
 6fe:	31 09       	sbc	r19, r1
 700:	00 97       	sbiw	r24, 0x00	; 0
 702:	a1 05       	cpc	r26, r1
 704:	e0 e4       	ldi	r30, 0x40	; 64
 706:	be 07       	cpc	r27, r30
 708:	78 f3       	brcs	.-34     	; 0x6e8 <__mulsf3+0x156>
 70a:	2b 83       	std	Y+3, r18	; 0x03
 70c:	3c 83       	std	Y+4, r19	; 0x04
 70e:	8c 01       	movw	r16, r24
 710:	9d 01       	movw	r18, r26
 712:	0f 77       	andi	r16, 0x7F	; 127
 714:	11 27       	eor	r17, r17
 716:	22 27       	eor	r18, r18
 718:	33 27       	eor	r19, r19
 71a:	00 34       	cpi	r16, 0x40	; 64
 71c:	11 05       	cpc	r17, r1
 71e:	21 05       	cpc	r18, r1
 720:	31 05       	cpc	r19, r1
 722:	59 f4       	brne	.+22     	; 0x73a <__mulsf3+0x1a8>
 724:	87 fd       	sbrc	r24, 7
 726:	09 c0       	rjmp	.+18     	; 0x73a <__mulsf3+0x1a8>
 728:	45 2b       	or	r20, r21
 72a:	46 2b       	or	r20, r22
 72c:	47 2b       	or	r20, r23
 72e:	29 f0       	breq	.+10     	; 0x73a <__mulsf3+0x1a8>
 730:	80 5c       	subi	r24, 0xC0	; 192
 732:	9f 4f       	sbci	r25, 0xFF	; 255
 734:	af 4f       	sbci	r26, 0xFF	; 255
 736:	bf 4f       	sbci	r27, 0xFF	; 255
 738:	80 78       	andi	r24, 0x80	; 128
 73a:	8d 83       	std	Y+5, r24	; 0x05
 73c:	9e 83       	std	Y+6, r25	; 0x06
 73e:	af 83       	std	Y+7, r26	; 0x07
 740:	b8 87       	std	Y+8, r27	; 0x08
 742:	83 e0       	ldi	r24, 0x03	; 3
 744:	89 83       	std	Y+1, r24	; 0x01
 746:	ce 01       	movw	r24, r28
 748:	01 96       	adiw	r24, 0x01	; 1
 74a:	02 c0       	rjmp	.+4      	; 0x750 <__mulsf3+0x1be>
 74c:	80 e0       	ldi	r24, 0x00	; 0
 74e:	91 e0       	ldi	r25, 0x01	; 1
 750:	0e 94 88 04 	call	0x910	; 0x910 <__pack_f>
 754:	a0 96       	adiw	r28, 0x20	; 32
 756:	e0 e1       	ldi	r30, 0x10	; 16
 758:	0c 94 60 06 	jmp	0xcc0	; 0xcc0 <__epilogue_restores__+0x4>

0000075c <__gesf2>:
 75c:	a8 e1       	ldi	r26, 0x18	; 24
 75e:	b0 e0       	ldi	r27, 0x00	; 0
 760:	e4 eb       	ldi	r30, 0xB4	; 180
 762:	f3 e0       	ldi	r31, 0x03	; 3
 764:	0c 94 52 06 	jmp	0xca4	; 0xca4 <__prologue_saves__+0x20>
 768:	6d 8b       	std	Y+21, r22	; 0x15
 76a:	7e 8b       	std	Y+22, r23	; 0x16
 76c:	8f 8b       	std	Y+23, r24	; 0x17
 76e:	98 8f       	std	Y+24, r25	; 0x18
 770:	29 8b       	std	Y+17, r18	; 0x11
 772:	3a 8b       	std	Y+18, r19	; 0x12
 774:	4b 8b       	std	Y+19, r20	; 0x13
 776:	5c 8b       	std	Y+20, r21	; 0x14
 778:	be 01       	movw	r22, r28
 77a:	67 5f       	subi	r22, 0xF7	; 247
 77c:	7f 4f       	sbci	r23, 0xFF	; 255
 77e:	ce 01       	movw	r24, r28
 780:	45 96       	adiw	r24, 0x15	; 21
 782:	0e 94 52 05 	call	0xaa4	; 0xaa4 <__unpack_f>
 786:	be 01       	movw	r22, r28
 788:	6f 5f       	subi	r22, 0xFF	; 255
 78a:	7f 4f       	sbci	r23, 0xFF	; 255
 78c:	ce 01       	movw	r24, r28
 78e:	41 96       	adiw	r24, 0x11	; 17
 790:	0e 94 52 05 	call	0xaa4	; 0xaa4 <__unpack_f>
 794:	89 85       	ldd	r24, Y+9	; 0x09
 796:	82 30       	cpi	r24, 0x02	; 2
 798:	58 f0       	brcs	.+22     	; 0x7b0 <__gesf2+0x54>
 79a:	89 81       	ldd	r24, Y+1	; 0x01
 79c:	82 30       	cpi	r24, 0x02	; 2
 79e:	40 f0       	brcs	.+16     	; 0x7b0 <__gesf2+0x54>
 7a0:	be 01       	movw	r22, r28
 7a2:	6f 5f       	subi	r22, 0xFF	; 255
 7a4:	7f 4f       	sbci	r23, 0xFF	; 255
 7a6:	ce 01       	movw	r24, r28
 7a8:	09 96       	adiw	r24, 0x09	; 9
 7aa:	0e 94 c1 05 	call	0xb82	; 0xb82 <__fpcmp_parts_f>
 7ae:	01 c0       	rjmp	.+2      	; 0x7b2 <__gesf2+0x56>
 7b0:	8f ef       	ldi	r24, 0xFF	; 255
 7b2:	68 96       	adiw	r28, 0x18	; 24
 7b4:	e2 e0       	ldi	r30, 0x02	; 2
 7b6:	0c 94 6e 06 	jmp	0xcdc	; 0xcdc <__epilogue_restores__+0x20>

000007ba <__floatsisf>:
 7ba:	a8 e0       	ldi	r26, 0x08	; 8
 7bc:	b0 e0       	ldi	r27, 0x00	; 0
 7be:	e3 ee       	ldi	r30, 0xE3	; 227
 7c0:	f3 e0       	ldi	r31, 0x03	; 3
 7c2:	0c 94 50 06 	jmp	0xca0	; 0xca0 <__prologue_saves__+0x1c>
 7c6:	23 e0       	ldi	r18, 0x03	; 3
 7c8:	29 83       	std	Y+1, r18	; 0x01
 7ca:	8b 01       	movw	r16, r22
 7cc:	9c 01       	movw	r18, r24
 7ce:	00 27       	eor	r16, r16
 7d0:	37 fd       	sbrc	r19, 7
 7d2:	03 95       	inc	r16
 7d4:	11 27       	eor	r17, r17
 7d6:	22 27       	eor	r18, r18
 7d8:	33 27       	eor	r19, r19
 7da:	40 2f       	mov	r20, r16
 7dc:	0a 83       	std	Y+2, r16	; 0x02
 7de:	61 15       	cp	r22, r1
 7e0:	71 05       	cpc	r23, r1
 7e2:	81 05       	cpc	r24, r1
 7e4:	91 05       	cpc	r25, r1
 7e6:	19 f4       	brne	.+6      	; 0x7ee <__floatsisf+0x34>
 7e8:	82 e0       	ldi	r24, 0x02	; 2
 7ea:	89 83       	std	Y+1, r24	; 0x01
 7ec:	35 c0       	rjmp	.+106    	; 0x858 <__floatsisf+0x9e>
 7ee:	2e e1       	ldi	r18, 0x1E	; 30
 7f0:	30 e0       	ldi	r19, 0x00	; 0
 7f2:	3c 83       	std	Y+4, r19	; 0x04
 7f4:	2b 83       	std	Y+3, r18	; 0x03
 7f6:	44 23       	and	r20, r20
 7f8:	71 f0       	breq	.+28     	; 0x816 <__floatsisf+0x5c>
 7fa:	61 15       	cp	r22, r1
 7fc:	71 05       	cpc	r23, r1
 7fe:	81 05       	cpc	r24, r1
 800:	20 e8       	ldi	r18, 0x80	; 128
 802:	92 07       	cpc	r25, r18
 804:	71 f1       	breq	.+92     	; 0x862 <__floatsisf+0xa8>
 806:	00 27       	eor	r16, r16
 808:	11 27       	eor	r17, r17
 80a:	98 01       	movw	r18, r16
 80c:	06 1b       	sub	r16, r22
 80e:	17 0b       	sbc	r17, r23
 810:	28 0b       	sbc	r18, r24
 812:	39 0b       	sbc	r19, r25
 814:	02 c0       	rjmp	.+4      	; 0x81a <__floatsisf+0x60>
 816:	8b 01       	movw	r16, r22
 818:	9c 01       	movw	r18, r24
 81a:	c9 01       	movw	r24, r18
 81c:	b8 01       	movw	r22, r16
 81e:	0e 94 79 06 	call	0xcf2	; 0xcf2 <__clzsi2>
 822:	01 97       	sbiw	r24, 0x01	; 1
 824:	18 16       	cp	r1, r24
 826:	19 06       	cpc	r1, r25
 828:	2c f0       	brlt	.+10     	; 0x834 <__floatsisf+0x7a>
 82a:	0d 83       	std	Y+5, r16	; 0x05
 82c:	1e 83       	std	Y+6, r17	; 0x06
 82e:	2f 83       	std	Y+7, r18	; 0x07
 830:	38 87       	std	Y+8, r19	; 0x08
 832:	12 c0       	rjmp	.+36     	; 0x858 <__floatsisf+0x9e>
 834:	08 2e       	mov	r0, r24
 836:	04 c0       	rjmp	.+8      	; 0x840 <__floatsisf+0x86>
 838:	00 0f       	add	r16, r16
 83a:	11 1f       	adc	r17, r17
 83c:	22 1f       	adc	r18, r18
 83e:	33 1f       	adc	r19, r19
 840:	0a 94       	dec	r0
 842:	d2 f7       	brpl	.-12     	; 0x838 <__floatsisf+0x7e>
 844:	0d 83       	std	Y+5, r16	; 0x05
 846:	1e 83       	std	Y+6, r17	; 0x06
 848:	2f 83       	std	Y+7, r18	; 0x07
 84a:	38 87       	std	Y+8, r19	; 0x08
 84c:	2e e1       	ldi	r18, 0x1E	; 30
 84e:	30 e0       	ldi	r19, 0x00	; 0
 850:	28 1b       	sub	r18, r24
 852:	39 0b       	sbc	r19, r25
 854:	3c 83       	std	Y+4, r19	; 0x04
 856:	2b 83       	std	Y+3, r18	; 0x03
 858:	ce 01       	movw	r24, r28
 85a:	01 96       	adiw	r24, 0x01	; 1
 85c:	0e 94 88 04 	call	0x910	; 0x910 <__pack_f>
 860:	04 c0       	rjmp	.+8      	; 0x86a <__floatsisf+0xb0>
 862:	60 e0       	ldi	r22, 0x00	; 0
 864:	70 e0       	ldi	r23, 0x00	; 0
 866:	80 e0       	ldi	r24, 0x00	; 0
 868:	9f ec       	ldi	r25, 0xCF	; 207
 86a:	28 96       	adiw	r28, 0x08	; 8
 86c:	e4 e0       	ldi	r30, 0x04	; 4
 86e:	0c 94 6c 06 	jmp	0xcd8	; 0xcd8 <__epilogue_restores__+0x1c>

00000872 <__fixsfsi>:
 872:	ac e0       	ldi	r26, 0x0C	; 12
 874:	b0 e0       	ldi	r27, 0x00	; 0
 876:	ef e3       	ldi	r30, 0x3F	; 63
 878:	f4 e0       	ldi	r31, 0x04	; 4
 87a:	0c 94 50 06 	jmp	0xca0	; 0xca0 <__prologue_saves__+0x1c>
 87e:	69 87       	std	Y+9, r22	; 0x09
 880:	7a 87       	std	Y+10, r23	; 0x0a
 882:	8b 87       	std	Y+11, r24	; 0x0b
 884:	9c 87       	std	Y+12, r25	; 0x0c
 886:	be 01       	movw	r22, r28
 888:	6f 5f       	subi	r22, 0xFF	; 255
 88a:	7f 4f       	sbci	r23, 0xFF	; 255
 88c:	ce 01       	movw	r24, r28
 88e:	09 96       	adiw	r24, 0x09	; 9
 890:	0e 94 52 05 	call	0xaa4	; 0xaa4 <__unpack_f>
 894:	89 81       	ldd	r24, Y+1	; 0x01
 896:	82 30       	cpi	r24, 0x02	; 2
 898:	91 f1       	breq	.+100    	; 0x8fe <__fixsfsi+0x8c>
 89a:	82 30       	cpi	r24, 0x02	; 2
 89c:	80 f1       	brcs	.+96     	; 0x8fe <__fixsfsi+0x8c>
 89e:	84 30       	cpi	r24, 0x04	; 4
 8a0:	41 f4       	brne	.+16     	; 0x8b2 <__fixsfsi+0x40>
 8a2:	8a 81       	ldd	r24, Y+2	; 0x02
 8a4:	88 23       	and	r24, r24
 8a6:	31 f1       	breq	.+76     	; 0x8f4 <__fixsfsi+0x82>
 8a8:	00 e0       	ldi	r16, 0x00	; 0
 8aa:	10 e0       	ldi	r17, 0x00	; 0
 8ac:	20 e0       	ldi	r18, 0x00	; 0
 8ae:	30 e8       	ldi	r19, 0x80	; 128
 8b0:	29 c0       	rjmp	.+82     	; 0x904 <__fixsfsi+0x92>
 8b2:	2b 81       	ldd	r18, Y+3	; 0x03
 8b4:	3c 81       	ldd	r19, Y+4	; 0x04
 8b6:	37 fd       	sbrc	r19, 7
 8b8:	22 c0       	rjmp	.+68     	; 0x8fe <__fixsfsi+0x8c>
 8ba:	2f 31       	cpi	r18, 0x1F	; 31
 8bc:	31 05       	cpc	r19, r1
 8be:	8c f7       	brge	.-30     	; 0x8a2 <__fixsfsi+0x30>
 8c0:	8e e1       	ldi	r24, 0x1E	; 30
 8c2:	90 e0       	ldi	r25, 0x00	; 0
 8c4:	82 1b       	sub	r24, r18
 8c6:	93 0b       	sbc	r25, r19
 8c8:	0d 81       	ldd	r16, Y+5	; 0x05
 8ca:	1e 81       	ldd	r17, Y+6	; 0x06
 8cc:	2f 81       	ldd	r18, Y+7	; 0x07
 8ce:	38 85       	ldd	r19, Y+8	; 0x08
 8d0:	04 c0       	rjmp	.+8      	; 0x8da <__fixsfsi+0x68>
 8d2:	36 95       	lsr	r19
 8d4:	27 95       	ror	r18
 8d6:	17 95       	ror	r17
 8d8:	07 95       	ror	r16
 8da:	8a 95       	dec	r24
 8dc:	d2 f7       	brpl	.-12     	; 0x8d2 <__fixsfsi+0x60>
 8de:	8a 81       	ldd	r24, Y+2	; 0x02
 8e0:	88 23       	and	r24, r24
 8e2:	81 f0       	breq	.+32     	; 0x904 <__fixsfsi+0x92>
 8e4:	30 95       	com	r19
 8e6:	20 95       	com	r18
 8e8:	10 95       	com	r17
 8ea:	01 95       	neg	r16
 8ec:	1f 4f       	sbci	r17, 0xFF	; 255
 8ee:	2f 4f       	sbci	r18, 0xFF	; 255
 8f0:	3f 4f       	sbci	r19, 0xFF	; 255
 8f2:	08 c0       	rjmp	.+16     	; 0x904 <__fixsfsi+0x92>
 8f4:	0f ef       	ldi	r16, 0xFF	; 255
 8f6:	1f ef       	ldi	r17, 0xFF	; 255
 8f8:	2f ef       	ldi	r18, 0xFF	; 255
 8fa:	3f e7       	ldi	r19, 0x7F	; 127
 8fc:	03 c0       	rjmp	.+6      	; 0x904 <__fixsfsi+0x92>
 8fe:	00 e0       	ldi	r16, 0x00	; 0
 900:	10 e0       	ldi	r17, 0x00	; 0
 902:	98 01       	movw	r18, r16
 904:	b8 01       	movw	r22, r16
 906:	c9 01       	movw	r24, r18
 908:	2c 96       	adiw	r28, 0x0c	; 12
 90a:	e4 e0       	ldi	r30, 0x04	; 4
 90c:	0c 94 6c 06 	jmp	0xcd8	; 0xcd8 <__epilogue_restores__+0x1c>

00000910 <__pack_f>:
 910:	0f 93       	push	r16
 912:	1f 93       	push	r17
 914:	cf 93       	push	r28
 916:	df 93       	push	r29
 918:	dc 01       	movw	r26, r24
 91a:	14 96       	adiw	r26, 0x04	; 4
 91c:	4d 91       	ld	r20, X+
 91e:	5d 91       	ld	r21, X+
 920:	6d 91       	ld	r22, X+
 922:	7c 91       	ld	r23, X
 924:	17 97       	sbiw	r26, 0x07	; 7
 926:	11 96       	adiw	r26, 0x01	; 1
 928:	ec 91       	ld	r30, X
 92a:	11 97       	sbiw	r26, 0x01	; 1
 92c:	8c 91       	ld	r24, X
 92e:	82 30       	cpi	r24, 0x02	; 2
 930:	20 f4       	brcc	.+8      	; 0x93a <__pack_f+0x2a>
 932:	60 61       	ori	r22, 0x10	; 16
 934:	8f ef       	ldi	r24, 0xFF	; 255
 936:	90 e0       	ldi	r25, 0x00	; 0
 938:	a6 c0       	rjmp	.+332    	; 0xa86 <__pack_f+0x176>
 93a:	84 30       	cpi	r24, 0x04	; 4
 93c:	09 f4       	brne	.+2      	; 0x940 <__pack_f+0x30>
 93e:	9e c0       	rjmp	.+316    	; 0xa7c <__pack_f+0x16c>
 940:	82 30       	cpi	r24, 0x02	; 2
 942:	09 f4       	brne	.+2      	; 0x946 <__pack_f+0x36>
 944:	95 c0       	rjmp	.+298    	; 0xa70 <__pack_f+0x160>
 946:	41 15       	cp	r20, r1
 948:	51 05       	cpc	r21, r1
 94a:	61 05       	cpc	r22, r1
 94c:	71 05       	cpc	r23, r1
 94e:	09 f4       	brne	.+2      	; 0x952 <__pack_f+0x42>
 950:	92 c0       	rjmp	.+292    	; 0xa76 <__pack_f+0x166>
 952:	12 96       	adiw	r26, 0x02	; 2
 954:	2d 91       	ld	r18, X+
 956:	3c 91       	ld	r19, X
 958:	13 97       	sbiw	r26, 0x03	; 3
 95a:	22 38       	cpi	r18, 0x82	; 130
 95c:	8f ef       	ldi	r24, 0xFF	; 255
 95e:	38 07       	cpc	r19, r24
 960:	0c f0       	brlt	.+2      	; 0x964 <__pack_f+0x54>
 962:	58 c0       	rjmp	.+176    	; 0xa14 <__pack_f+0x104>
 964:	c2 e8       	ldi	r28, 0x82	; 130
 966:	df ef       	ldi	r29, 0xFF	; 255
 968:	c2 1b       	sub	r28, r18
 96a:	d3 0b       	sbc	r29, r19
 96c:	ca 31       	cpi	r28, 0x1A	; 26
 96e:	d1 05       	cpc	r29, r1
 970:	6c f5       	brge	.+90     	; 0x9cc <__pack_f+0xbc>
 972:	8a 01       	movw	r16, r20
 974:	9b 01       	movw	r18, r22
 976:	0c 2e       	mov	r0, r28
 978:	04 c0       	rjmp	.+8      	; 0x982 <__pack_f+0x72>
 97a:	36 95       	lsr	r19
 97c:	27 95       	ror	r18
 97e:	17 95       	ror	r17
 980:	07 95       	ror	r16
 982:	0a 94       	dec	r0
 984:	d2 f7       	brpl	.-12     	; 0x97a <__pack_f+0x6a>
 986:	81 e0       	ldi	r24, 0x01	; 1
 988:	90 e0       	ldi	r25, 0x00	; 0
 98a:	a0 e0       	ldi	r26, 0x00	; 0
 98c:	b0 e0       	ldi	r27, 0x00	; 0
 98e:	0c 2e       	mov	r0, r28
 990:	04 c0       	rjmp	.+8      	; 0x99a <__pack_f+0x8a>
 992:	88 0f       	add	r24, r24
 994:	99 1f       	adc	r25, r25
 996:	aa 1f       	adc	r26, r26
 998:	bb 1f       	adc	r27, r27
 99a:	0a 94       	dec	r0
 99c:	d2 f7       	brpl	.-12     	; 0x992 <__pack_f+0x82>
 99e:	01 97       	sbiw	r24, 0x01	; 1
 9a0:	a1 09       	sbc	r26, r1
 9a2:	b1 09       	sbc	r27, r1
 9a4:	84 23       	and	r24, r20
 9a6:	95 23       	and	r25, r21
 9a8:	a6 23       	and	r26, r22
 9aa:	b7 23       	and	r27, r23
 9ac:	41 e0       	ldi	r20, 0x01	; 1
 9ae:	50 e0       	ldi	r21, 0x00	; 0
 9b0:	60 e0       	ldi	r22, 0x00	; 0
 9b2:	70 e0       	ldi	r23, 0x00	; 0
 9b4:	89 2b       	or	r24, r25
 9b6:	8a 2b       	or	r24, r26
 9b8:	8b 2b       	or	r24, r27
 9ba:	19 f4       	brne	.+6      	; 0x9c2 <__pack_f+0xb2>
 9bc:	40 e0       	ldi	r20, 0x00	; 0
 9be:	50 e0       	ldi	r21, 0x00	; 0
 9c0:	ba 01       	movw	r22, r20
 9c2:	40 2b       	or	r20, r16
 9c4:	51 2b       	or	r21, r17
 9c6:	62 2b       	or	r22, r18
 9c8:	73 2b       	or	r23, r19
 9ca:	03 c0       	rjmp	.+6      	; 0x9d2 <__pack_f+0xc2>
 9cc:	40 e0       	ldi	r20, 0x00	; 0
 9ce:	50 e0       	ldi	r21, 0x00	; 0
 9d0:	ba 01       	movw	r22, r20
 9d2:	db 01       	movw	r26, r22
 9d4:	ca 01       	movw	r24, r20
 9d6:	8f 77       	andi	r24, 0x7F	; 127
 9d8:	99 27       	eor	r25, r25
 9da:	aa 27       	eor	r26, r26
 9dc:	bb 27       	eor	r27, r27
 9de:	80 34       	cpi	r24, 0x40	; 64
 9e0:	91 05       	cpc	r25, r1
 9e2:	a1 05       	cpc	r26, r1
 9e4:	b1 05       	cpc	r27, r1
 9e6:	39 f4       	brne	.+14     	; 0x9f6 <__pack_f+0xe6>
 9e8:	47 ff       	sbrs	r20, 7
 9ea:	09 c0       	rjmp	.+18     	; 0x9fe <__pack_f+0xee>
 9ec:	40 5c       	subi	r20, 0xC0	; 192
 9ee:	5f 4f       	sbci	r21, 0xFF	; 255
 9f0:	6f 4f       	sbci	r22, 0xFF	; 255
 9f2:	7f 4f       	sbci	r23, 0xFF	; 255
 9f4:	04 c0       	rjmp	.+8      	; 0x9fe <__pack_f+0xee>
 9f6:	41 5c       	subi	r20, 0xC1	; 193
 9f8:	5f 4f       	sbci	r21, 0xFF	; 255
 9fa:	6f 4f       	sbci	r22, 0xFF	; 255
 9fc:	7f 4f       	sbci	r23, 0xFF	; 255
 9fe:	81 e0       	ldi	r24, 0x01	; 1
 a00:	90 e0       	ldi	r25, 0x00	; 0
 a02:	41 15       	cp	r20, r1
 a04:	51 05       	cpc	r21, r1
 a06:	61 05       	cpc	r22, r1
 a08:	20 e4       	ldi	r18, 0x40	; 64
 a0a:	72 07       	cpc	r23, r18
 a0c:	48 f5       	brcc	.+82     	; 0xa60 <__pack_f+0x150>
 a0e:	80 e0       	ldi	r24, 0x00	; 0
 a10:	90 e0       	ldi	r25, 0x00	; 0
 a12:	26 c0       	rjmp	.+76     	; 0xa60 <__pack_f+0x150>
 a14:	20 38       	cpi	r18, 0x80	; 128
 a16:	31 05       	cpc	r19, r1
 a18:	8c f5       	brge	.+98     	; 0xa7c <__pack_f+0x16c>
 a1a:	db 01       	movw	r26, r22
 a1c:	ca 01       	movw	r24, r20
 a1e:	8f 77       	andi	r24, 0x7F	; 127
 a20:	99 27       	eor	r25, r25
 a22:	aa 27       	eor	r26, r26
 a24:	bb 27       	eor	r27, r27
 a26:	80 34       	cpi	r24, 0x40	; 64
 a28:	91 05       	cpc	r25, r1
 a2a:	a1 05       	cpc	r26, r1
 a2c:	b1 05       	cpc	r27, r1
 a2e:	39 f4       	brne	.+14     	; 0xa3e <__pack_f+0x12e>
 a30:	47 ff       	sbrs	r20, 7
 a32:	09 c0       	rjmp	.+18     	; 0xa46 <__pack_f+0x136>
 a34:	40 5c       	subi	r20, 0xC0	; 192
 a36:	5f 4f       	sbci	r21, 0xFF	; 255
 a38:	6f 4f       	sbci	r22, 0xFF	; 255
 a3a:	7f 4f       	sbci	r23, 0xFF	; 255
 a3c:	04 c0       	rjmp	.+8      	; 0xa46 <__pack_f+0x136>
 a3e:	41 5c       	subi	r20, 0xC1	; 193
 a40:	5f 4f       	sbci	r21, 0xFF	; 255
 a42:	6f 4f       	sbci	r22, 0xFF	; 255
 a44:	7f 4f       	sbci	r23, 0xFF	; 255
 a46:	77 fd       	sbrc	r23, 7
 a48:	04 c0       	rjmp	.+8      	; 0xa52 <__pack_f+0x142>
 a4a:	c9 01       	movw	r24, r18
 a4c:	81 58       	subi	r24, 0x81	; 129
 a4e:	9f 4f       	sbci	r25, 0xFF	; 255
 a50:	07 c0       	rjmp	.+14     	; 0xa60 <__pack_f+0x150>
 a52:	76 95       	lsr	r23
 a54:	67 95       	ror	r22
 a56:	57 95       	ror	r21
 a58:	47 95       	ror	r20
 a5a:	c9 01       	movw	r24, r18
 a5c:	80 58       	subi	r24, 0x80	; 128
 a5e:	9f 4f       	sbci	r25, 0xFF	; 255
 a60:	97 e0       	ldi	r25, 0x07	; 7
 a62:	76 95       	lsr	r23
 a64:	67 95       	ror	r22
 a66:	57 95       	ror	r21
 a68:	47 95       	ror	r20
 a6a:	9a 95       	dec	r25
 a6c:	d1 f7       	brne	.-12     	; 0xa62 <__pack_f+0x152>
 a6e:	0b c0       	rjmp	.+22     	; 0xa86 <__pack_f+0x176>
 a70:	80 e0       	ldi	r24, 0x00	; 0
 a72:	90 e0       	ldi	r25, 0x00	; 0
 a74:	05 c0       	rjmp	.+10     	; 0xa80 <__pack_f+0x170>
 a76:	80 e0       	ldi	r24, 0x00	; 0
 a78:	90 e0       	ldi	r25, 0x00	; 0
 a7a:	05 c0       	rjmp	.+10     	; 0xa86 <__pack_f+0x176>
 a7c:	8f ef       	ldi	r24, 0xFF	; 255
 a7e:	90 e0       	ldi	r25, 0x00	; 0
 a80:	40 e0       	ldi	r20, 0x00	; 0
 a82:	50 e0       	ldi	r21, 0x00	; 0
 a84:	ba 01       	movw	r22, r20
 a86:	98 2f       	mov	r25, r24
 a88:	96 95       	lsr	r25
 a8a:	e0 fb       	bst	r30, 0
 a8c:	97 f9       	bld	r25, 7
 a8e:	36 2f       	mov	r19, r22
 a90:	80 fb       	bst	r24, 0
 a92:	37 f9       	bld	r19, 7
 a94:	64 2f       	mov	r22, r20
 a96:	75 2f       	mov	r23, r21
 a98:	83 2f       	mov	r24, r19
 a9a:	df 91       	pop	r29
 a9c:	cf 91       	pop	r28
 a9e:	1f 91       	pop	r17
 aa0:	0f 91       	pop	r16
 aa2:	08 95       	ret

00000aa4 <__unpack_f>:
 aa4:	cf 92       	push	r12
 aa6:	df 92       	push	r13
 aa8:	ef 92       	push	r14
 aaa:	dc 01       	movw	r26, r24
 aac:	fb 01       	movw	r30, r22
 aae:	cc 90       	ld	r12, X
 ab0:	11 96       	adiw	r26, 0x01	; 1
 ab2:	dc 90       	ld	r13, X
 ab4:	11 97       	sbiw	r26, 0x01	; 1
 ab6:	12 96       	adiw	r26, 0x02	; 2
 ab8:	8c 91       	ld	r24, X
 aba:	12 97       	sbiw	r26, 0x02	; 2
 abc:	3f e7       	ldi	r19, 0x7F	; 127
 abe:	e3 2e       	mov	r14, r19
 ac0:	e8 22       	and	r14, r24
 ac2:	6e 2d       	mov	r22, r14
 ac4:	a6 01       	movw	r20, r12
 ac6:	70 e0       	ldi	r23, 0x00	; 0
 ac8:	98 2f       	mov	r25, r24
 aca:	99 1f       	adc	r25, r25
 acc:	99 27       	eor	r25, r25
 ace:	99 1f       	adc	r25, r25
 ad0:	13 96       	adiw	r26, 0x03	; 3
 ad2:	2c 91       	ld	r18, X
 ad4:	82 2f       	mov	r24, r18
 ad6:	88 0f       	add	r24, r24
 ad8:	89 2b       	or	r24, r25
 ada:	90 e0       	ldi	r25, 0x00	; 0
 adc:	27 fb       	bst	r18, 7
 ade:	22 27       	eor	r18, r18
 ae0:	20 f9       	bld	r18, 0
 ae2:	21 83       	std	Z+1, r18	; 0x01
 ae4:	00 97       	sbiw	r24, 0x00	; 0
 ae6:	29 f5       	brne	.+74     	; 0xb32 <__stack+0x33>
 ae8:	41 15       	cp	r20, r1
 aea:	51 05       	cpc	r21, r1
 aec:	61 05       	cpc	r22, r1
 aee:	71 05       	cpc	r23, r1
 af0:	11 f4       	brne	.+4      	; 0xaf6 <__unpack_f+0x52>
 af2:	82 e0       	ldi	r24, 0x02	; 2
 af4:	27 c0       	rjmp	.+78     	; 0xb44 <__stack+0x45>
 af6:	82 e8       	ldi	r24, 0x82	; 130
 af8:	9f ef       	ldi	r25, 0xFF	; 255
 afa:	93 83       	std	Z+3, r25	; 0x03
 afc:	82 83       	std	Z+2, r24	; 0x02
 afe:	27 e0       	ldi	r18, 0x07	; 7
 b00:	44 0f       	add	r20, r20
 b02:	55 1f       	adc	r21, r21
 b04:	66 1f       	adc	r22, r22
 b06:	77 1f       	adc	r23, r23
 b08:	2a 95       	dec	r18
 b0a:	d1 f7       	brne	.-12     	; 0xb00 <__stack+0x1>
 b0c:	83 e0       	ldi	r24, 0x03	; 3
 b0e:	80 83       	st	Z, r24
 b10:	09 c0       	rjmp	.+18     	; 0xb24 <__stack+0x25>
 b12:	44 0f       	add	r20, r20
 b14:	55 1f       	adc	r21, r21
 b16:	66 1f       	adc	r22, r22
 b18:	77 1f       	adc	r23, r23
 b1a:	82 81       	ldd	r24, Z+2	; 0x02
 b1c:	93 81       	ldd	r25, Z+3	; 0x03
 b1e:	01 97       	sbiw	r24, 0x01	; 1
 b20:	93 83       	std	Z+3, r25	; 0x03
 b22:	82 83       	std	Z+2, r24	; 0x02
 b24:	41 15       	cp	r20, r1
 b26:	51 05       	cpc	r21, r1
 b28:	61 05       	cpc	r22, r1
 b2a:	80 e4       	ldi	r24, 0x40	; 64
 b2c:	78 07       	cpc	r23, r24
 b2e:	88 f3       	brcs	.-30     	; 0xb12 <__stack+0x13>
 b30:	20 c0       	rjmp	.+64     	; 0xb72 <__stack+0x73>
 b32:	8f 3f       	cpi	r24, 0xFF	; 255
 b34:	91 05       	cpc	r25, r1
 b36:	79 f4       	brne	.+30     	; 0xb56 <__stack+0x57>
 b38:	41 15       	cp	r20, r1
 b3a:	51 05       	cpc	r21, r1
 b3c:	61 05       	cpc	r22, r1
 b3e:	71 05       	cpc	r23, r1
 b40:	19 f4       	brne	.+6      	; 0xb48 <__stack+0x49>
 b42:	84 e0       	ldi	r24, 0x04	; 4
 b44:	80 83       	st	Z, r24
 b46:	19 c0       	rjmp	.+50     	; 0xb7a <__stack+0x7b>
 b48:	e4 fe       	sbrs	r14, 4
 b4a:	03 c0       	rjmp	.+6      	; 0xb52 <__stack+0x53>
 b4c:	81 e0       	ldi	r24, 0x01	; 1
 b4e:	80 83       	st	Z, r24
 b50:	10 c0       	rjmp	.+32     	; 0xb72 <__stack+0x73>
 b52:	10 82       	st	Z, r1
 b54:	0e c0       	rjmp	.+28     	; 0xb72 <__stack+0x73>
 b56:	8f 57       	subi	r24, 0x7F	; 127
 b58:	91 09       	sbc	r25, r1
 b5a:	93 83       	std	Z+3, r25	; 0x03
 b5c:	82 83       	std	Z+2, r24	; 0x02
 b5e:	83 e0       	ldi	r24, 0x03	; 3
 b60:	80 83       	st	Z, r24
 b62:	87 e0       	ldi	r24, 0x07	; 7
 b64:	44 0f       	add	r20, r20
 b66:	55 1f       	adc	r21, r21
 b68:	66 1f       	adc	r22, r22
 b6a:	77 1f       	adc	r23, r23
 b6c:	8a 95       	dec	r24
 b6e:	d1 f7       	brne	.-12     	; 0xb64 <__stack+0x65>
 b70:	70 64       	ori	r23, 0x40	; 64
 b72:	44 83       	std	Z+4, r20	; 0x04
 b74:	55 83       	std	Z+5, r21	; 0x05
 b76:	66 83       	std	Z+6, r22	; 0x06
 b78:	77 83       	std	Z+7, r23	; 0x07
 b7a:	ef 90       	pop	r14
 b7c:	df 90       	pop	r13
 b7e:	cf 90       	pop	r12
 b80:	08 95       	ret

00000b82 <__fpcmp_parts_f>:
 b82:	cf 93       	push	r28
 b84:	fc 01       	movw	r30, r24
 b86:	db 01       	movw	r26, r22
 b88:	90 81       	ld	r25, Z
 b8a:	92 30       	cpi	r25, 0x02	; 2
 b8c:	08 f4       	brcc	.+2      	; 0xb90 <__fpcmp_parts_f+0xe>
 b8e:	52 c0       	rjmp	.+164    	; 0xc34 <__fpcmp_parts_f+0xb2>
 b90:	8c 91       	ld	r24, X
 b92:	82 30       	cpi	r24, 0x02	; 2
 b94:	08 f4       	brcc	.+2      	; 0xb98 <__fpcmp_parts_f+0x16>
 b96:	4e c0       	rjmp	.+156    	; 0xc34 <__fpcmp_parts_f+0xb2>
 b98:	94 30       	cpi	r25, 0x04	; 4
 b9a:	71 f4       	brne	.+28     	; 0xbb8 <__fpcmp_parts_f+0x36>
 b9c:	84 30       	cpi	r24, 0x04	; 4
 b9e:	39 f4       	brne	.+14     	; 0xbae <__fpcmp_parts_f+0x2c>
 ba0:	11 96       	adiw	r26, 0x01	; 1
 ba2:	2c 91       	ld	r18, X
 ba4:	30 e0       	ldi	r19, 0x00	; 0
 ba6:	81 81       	ldd	r24, Z+1	; 0x01
 ba8:	28 1b       	sub	r18, r24
 baa:	31 09       	sbc	r19, r1
 bac:	48 c0       	rjmp	.+144    	; 0xc3e <__fpcmp_parts_f+0xbc>
 bae:	81 81       	ldd	r24, Z+1	; 0x01
 bb0:	88 23       	and	r24, r24
 bb2:	09 f4       	brne	.+2      	; 0xbb6 <__fpcmp_parts_f+0x34>
 bb4:	3f c0       	rjmp	.+126    	; 0xc34 <__fpcmp_parts_f+0xb2>
 bb6:	3b c0       	rjmp	.+118    	; 0xc2e <__fpcmp_parts_f+0xac>
 bb8:	84 30       	cpi	r24, 0x04	; 4
 bba:	29 f4       	brne	.+10     	; 0xbc6 <__fpcmp_parts_f+0x44>
 bbc:	11 96       	adiw	r26, 0x01	; 1
 bbe:	8c 91       	ld	r24, X
 bc0:	81 11       	cpse	r24, r1
 bc2:	38 c0       	rjmp	.+112    	; 0xc34 <__fpcmp_parts_f+0xb2>
 bc4:	34 c0       	rjmp	.+104    	; 0xc2e <__fpcmp_parts_f+0xac>
 bc6:	92 30       	cpi	r25, 0x02	; 2
 bc8:	19 f4       	brne	.+6      	; 0xbd0 <__fpcmp_parts_f+0x4e>
 bca:	82 30       	cpi	r24, 0x02	; 2
 bcc:	b9 f7       	brne	.-18     	; 0xbbc <__fpcmp_parts_f+0x3a>
 bce:	35 c0       	rjmp	.+106    	; 0xc3a <__fpcmp_parts_f+0xb8>
 bd0:	82 30       	cpi	r24, 0x02	; 2
 bd2:	69 f3       	breq	.-38     	; 0xbae <__fpcmp_parts_f+0x2c>
 bd4:	c1 81       	ldd	r28, Z+1	; 0x01
 bd6:	11 96       	adiw	r26, 0x01	; 1
 bd8:	8c 91       	ld	r24, X
 bda:	11 97       	sbiw	r26, 0x01	; 1
 bdc:	c8 13       	cpse	r28, r24
 bde:	1d c0       	rjmp	.+58     	; 0xc1a <__fpcmp_parts_f+0x98>
 be0:	22 81       	ldd	r18, Z+2	; 0x02
 be2:	33 81       	ldd	r19, Z+3	; 0x03
 be4:	12 96       	adiw	r26, 0x02	; 2
 be6:	8d 91       	ld	r24, X+
 be8:	9c 91       	ld	r25, X
 bea:	13 97       	sbiw	r26, 0x03	; 3
 bec:	82 17       	cp	r24, r18
 bee:	93 07       	cpc	r25, r19
 bf0:	0c f4       	brge	.+2      	; 0xbf4 <__fpcmp_parts_f+0x72>
 bf2:	13 c0       	rjmp	.+38     	; 0xc1a <__fpcmp_parts_f+0x98>
 bf4:	28 17       	cp	r18, r24
 bf6:	39 07       	cpc	r19, r25
 bf8:	0c f4       	brge	.+2      	; 0xbfc <__fpcmp_parts_f+0x7a>
 bfa:	17 c0       	rjmp	.+46     	; 0xc2a <__fpcmp_parts_f+0xa8>
 bfc:	44 81       	ldd	r20, Z+4	; 0x04
 bfe:	55 81       	ldd	r21, Z+5	; 0x05
 c00:	66 81       	ldd	r22, Z+6	; 0x06
 c02:	77 81       	ldd	r23, Z+7	; 0x07
 c04:	14 96       	adiw	r26, 0x04	; 4
 c06:	8d 91       	ld	r24, X+
 c08:	9d 91       	ld	r25, X+
 c0a:	0d 90       	ld	r0, X+
 c0c:	bc 91       	ld	r27, X
 c0e:	a0 2d       	mov	r26, r0
 c10:	84 17       	cp	r24, r20
 c12:	95 07       	cpc	r25, r21
 c14:	a6 07       	cpc	r26, r22
 c16:	b7 07       	cpc	r27, r23
 c18:	18 f4       	brcc	.+6      	; 0xc20 <__fpcmp_parts_f+0x9e>
 c1a:	c1 11       	cpse	r28, r1
 c1c:	08 c0       	rjmp	.+16     	; 0xc2e <__fpcmp_parts_f+0xac>
 c1e:	0a c0       	rjmp	.+20     	; 0xc34 <__fpcmp_parts_f+0xb2>
 c20:	48 17       	cp	r20, r24
 c22:	59 07       	cpc	r21, r25
 c24:	6a 07       	cpc	r22, r26
 c26:	7b 07       	cpc	r23, r27
 c28:	40 f4       	brcc	.+16     	; 0xc3a <__fpcmp_parts_f+0xb8>
 c2a:	c1 11       	cpse	r28, r1
 c2c:	03 c0       	rjmp	.+6      	; 0xc34 <__fpcmp_parts_f+0xb2>
 c2e:	2f ef       	ldi	r18, 0xFF	; 255
 c30:	3f ef       	ldi	r19, 0xFF	; 255
 c32:	05 c0       	rjmp	.+10     	; 0xc3e <__fpcmp_parts_f+0xbc>
 c34:	21 e0       	ldi	r18, 0x01	; 1
 c36:	30 e0       	ldi	r19, 0x00	; 0
 c38:	02 c0       	rjmp	.+4      	; 0xc3e <__fpcmp_parts_f+0xbc>
 c3a:	20 e0       	ldi	r18, 0x00	; 0
 c3c:	30 e0       	ldi	r19, 0x00	; 0
 c3e:	c9 01       	movw	r24, r18
 c40:	cf 91       	pop	r28
 c42:	08 95       	ret

00000c44 <main>:
 c44:	10 ba       	out	0x10, r1	; 16
 c46:	11 ba       	out	0x11, r1	; 17
 c48:	8f ef       	ldi	r24, 0xFF	; 255
 c4a:	87 b9       	out	0x07, r24	; 7
 c4c:	18 b8       	out	0x08, r1	; 8
 c4e:	80 91 7a 00 	lds	r24, 0x007A
 c52:	87 60       	ori	r24, 0x07	; 7
 c54:	80 93 7a 00 	sts	0x007A, r24
 c58:	80 91 7c 00 	lds	r24, 0x007C
 c5c:	80 64       	ori	r24, 0x40	; 64
 c5e:	80 93 7c 00 	sts	0x007C, r24
 c62:	80 91 7a 00 	lds	r24, 0x007A
 c66:	88 60       	ori	r24, 0x08	; 8
 c68:	80 93 7a 00 	sts	0x007A, r24
 c6c:	80 91 7a 00 	lds	r24, 0x007A
 c70:	80 68       	ori	r24, 0x80	; 128
 c72:	80 93 7a 00 	sts	0x007A, r24
 c76:	78 94       	sei
 c78:	80 91 7a 00 	lds	r24, 0x007A
 c7c:	80 64       	ori	r24, 0x40	; 64
 c7e:	80 93 7a 00 	sts	0x007A, r24
 c82:	ff cf       	rjmp	.-2      	; 0xc82 <main+0x3e>

00000c84 <__prologue_saves__>:
 c84:	2f 92       	push	r2
 c86:	3f 92       	push	r3
 c88:	4f 92       	push	r4
 c8a:	5f 92       	push	r5
 c8c:	6f 92       	push	r6
 c8e:	7f 92       	push	r7
 c90:	8f 92       	push	r8
 c92:	9f 92       	push	r9
 c94:	af 92       	push	r10
 c96:	bf 92       	push	r11
 c98:	cf 92       	push	r12
 c9a:	df 92       	push	r13
 c9c:	ef 92       	push	r14
 c9e:	ff 92       	push	r15
 ca0:	0f 93       	push	r16
 ca2:	1f 93       	push	r17
 ca4:	cf 93       	push	r28
 ca6:	df 93       	push	r29
 ca8:	cd b7       	in	r28, 0x3d	; 61
 caa:	de b7       	in	r29, 0x3e	; 62
 cac:	ca 1b       	sub	r28, r26
 cae:	db 0b       	sbc	r29, r27
 cb0:	0f b6       	in	r0, 0x3f	; 63
 cb2:	f8 94       	cli
 cb4:	de bf       	out	0x3e, r29	; 62
 cb6:	0f be       	out	0x3f, r0	; 63
 cb8:	cd bf       	out	0x3d, r28	; 61
 cba:	09 94       	ijmp

00000cbc <__epilogue_restores__>:
 cbc:	2a 88       	ldd	r2, Y+18	; 0x12
 cbe:	39 88       	ldd	r3, Y+17	; 0x11
 cc0:	48 88       	ldd	r4, Y+16	; 0x10
 cc2:	5f 84       	ldd	r5, Y+15	; 0x0f
 cc4:	6e 84       	ldd	r6, Y+14	; 0x0e
 cc6:	7d 84       	ldd	r7, Y+13	; 0x0d
 cc8:	8c 84       	ldd	r8, Y+12	; 0x0c
 cca:	9b 84       	ldd	r9, Y+11	; 0x0b
 ccc:	aa 84       	ldd	r10, Y+10	; 0x0a
 cce:	b9 84       	ldd	r11, Y+9	; 0x09
 cd0:	c8 84       	ldd	r12, Y+8	; 0x08
 cd2:	df 80       	ldd	r13, Y+7	; 0x07
 cd4:	ee 80       	ldd	r14, Y+6	; 0x06
 cd6:	fd 80       	ldd	r15, Y+5	; 0x05
 cd8:	0c 81       	ldd	r16, Y+4	; 0x04
 cda:	1b 81       	ldd	r17, Y+3	; 0x03
 cdc:	aa 81       	ldd	r26, Y+2	; 0x02
 cde:	b9 81       	ldd	r27, Y+1	; 0x01
 ce0:	ce 0f       	add	r28, r30
 ce2:	d1 1d       	adc	r29, r1
 ce4:	0f b6       	in	r0, 0x3f	; 63
 ce6:	f8 94       	cli
 ce8:	de bf       	out	0x3e, r29	; 62
 cea:	0f be       	out	0x3f, r0	; 63
 cec:	cd bf       	out	0x3d, r28	; 61
 cee:	ed 01       	movw	r28, r26
 cf0:	08 95       	ret

00000cf2 <__clzsi2>:
 cf2:	0e 94 82 06 	call	0xd04	; 0xd04 <__clzhi2>
 cf6:	84 ff       	sbrs	r24, 4
 cf8:	08 95       	ret
 cfa:	cb 01       	movw	r24, r22
 cfc:	0e 94 82 06 	call	0xd04	; 0xd04 <__clzhi2>
 d00:	80 5f       	subi	r24, 0xF0	; 240
 d02:	08 95       	ret

00000d04 <__clzhi2>:
 d04:	aa 27       	eor	r26, r26
 d06:	99 23       	and	r25, r25
 d08:	29 f4       	brne	.+10     	; 0xd14 <__clzhi2+0x10>
 d0a:	a8 5f       	subi	r26, 0xF8	; 248
 d0c:	98 2b       	or	r25, r24
 d0e:	11 f4       	brne	.+4      	; 0xd14 <__clzhi2+0x10>
 d10:	80 e1       	ldi	r24, 0x10	; 16
 d12:	08 95       	ret
 d14:	90 31       	cpi	r25, 0x10	; 16
 d16:	18 f4       	brcc	.+6      	; 0xd1e <__clzhi2+0x1a>
 d18:	ad 5f       	subi	r26, 0xFD	; 253
 d1a:	92 95       	swap	r25
 d1c:	a3 95       	inc	r26
 d1e:	99 0f       	add	r25, r25
 d20:	e8 f7       	brcc	.-6      	; 0xd1c <__clzhi2+0x18>
 d22:	8a 2f       	mov	r24, r26
 d24:	99 27       	eor	r25, r25
 d26:	08 95       	ret

00000d28 <_exit>:
 d28:	f8 94       	cli

00000d2a <__stop_program>:
 d2a:	ff cf       	rjmp	.-2      	; 0xd2a <__stop_program>
