
pwm:     file format elf32-avr


Disassembly of section .text:

00000000 <__vectors>:
   0:	0c 94 56 00 	jmp	0xac	; 0xac <__ctors_end>
   4:	0c 94 73 00 	jmp	0xe6	; 0xe6 <__bad_interrupt>
   8:	0c 94 73 00 	jmp	0xe6	; 0xe6 <__bad_interrupt>
   c:	0c 94 73 00 	jmp	0xe6	; 0xe6 <__bad_interrupt>
  10:	0c 94 73 00 	jmp	0xe6	; 0xe6 <__bad_interrupt>
  14:	0c 94 73 00 	jmp	0xe6	; 0xe6 <__bad_interrupt>
  18:	0c 94 73 00 	jmp	0xe6	; 0xe6 <__bad_interrupt>
  1c:	0c 94 73 00 	jmp	0xe6	; 0xe6 <__bad_interrupt>
  20:	0c 94 73 00 	jmp	0xe6	; 0xe6 <__bad_interrupt>
  24:	0c 94 73 00 	jmp	0xe6	; 0xe6 <__bad_interrupt>
  28:	0c 94 73 00 	jmp	0xe6	; 0xe6 <__bad_interrupt>
  2c:	0c 94 73 00 	jmp	0xe6	; 0xe6 <__bad_interrupt>
  30:	0c 94 73 00 	jmp	0xe6	; 0xe6 <__bad_interrupt>
  34:	0c 94 73 00 	jmp	0xe6	; 0xe6 <__bad_interrupt>
  38:	0c 94 73 00 	jmp	0xe6	; 0xe6 <__bad_interrupt>
  3c:	0c 94 73 00 	jmp	0xe6	; 0xe6 <__bad_interrupt>
  40:	0c 94 73 00 	jmp	0xe6	; 0xe6 <__bad_interrupt>
  44:	0c 94 73 00 	jmp	0xe6	; 0xe6 <__bad_interrupt>
  48:	0c 94 73 00 	jmp	0xe6	; 0xe6 <__bad_interrupt>
  4c:	0c 94 73 00 	jmp	0xe6	; 0xe6 <__bad_interrupt>
  50:	0c 94 73 00 	jmp	0xe6	; 0xe6 <__bad_interrupt>
  54:	0c 94 73 00 	jmp	0xe6	; 0xe6 <__bad_interrupt>
  58:	0c 94 73 00 	jmp	0xe6	; 0xe6 <__bad_interrupt>
  5c:	0c 94 73 00 	jmp	0xe6	; 0xe6 <__bad_interrupt>
  60:	0c 94 73 00 	jmp	0xe6	; 0xe6 <__bad_interrupt>
  64:	0c 94 73 00 	jmp	0xe6	; 0xe6 <__bad_interrupt>
  68:	0c 94 73 00 	jmp	0xe6	; 0xe6 <__bad_interrupt>
  6c:	0c 94 73 00 	jmp	0xe6	; 0xe6 <__bad_interrupt>
  70:	0c 94 73 00 	jmp	0xe6	; 0xe6 <__bad_interrupt>
  74:	0c 94 73 00 	jmp	0xe6	; 0xe6 <__bad_interrupt>
  78:	0c 94 73 00 	jmp	0xe6	; 0xe6 <__bad_interrupt>
  7c:	0c 94 73 00 	jmp	0xe6	; 0xe6 <__bad_interrupt>
  80:	0c 94 73 00 	jmp	0xe6	; 0xe6 <__bad_interrupt>
  84:	0c 94 73 00 	jmp	0xe6	; 0xe6 <__bad_interrupt>
  88:	0c 94 73 00 	jmp	0xe6	; 0xe6 <__bad_interrupt>
  8c:	0c 94 73 00 	jmp	0xe6	; 0xe6 <__bad_interrupt>
  90:	0c 94 73 00 	jmp	0xe6	; 0xe6 <__bad_interrupt>
  94:	0c 94 73 00 	jmp	0xe6	; 0xe6 <__bad_interrupt>
  98:	0c 94 73 00 	jmp	0xe6	; 0xe6 <__bad_interrupt>
  9c:	0c 94 73 00 	jmp	0xe6	; 0xe6 <__bad_interrupt>
  a0:	0c 94 73 00 	jmp	0xe6	; 0xe6 <__bad_interrupt>
  a4:	0c 94 73 00 	jmp	0xe6	; 0xe6 <__bad_interrupt>
  a8:	0c 94 73 00 	jmp	0xe6	; 0xe6 <__bad_interrupt>

000000ac <__ctors_end>:
  ac:	11 24       	eor	r1, r1
  ae:	1f be       	out	0x3f, r1	; 63
  b0:	cf ef       	ldi	r28, 0xFF	; 255
  b2:	da e0       	ldi	r29, 0x0A	; 10
  b4:	de bf       	out	0x3e, r29	; 62
  b6:	cd bf       	out	0x3d, r28	; 61

000000b8 <__do_clear_bss>:
  b8:	11 e0       	ldi	r17, 0x01	; 1
  ba:	a8 e0       	ldi	r26, 0x08	; 8
  bc:	b1 e0       	ldi	r27, 0x01	; 1
  be:	01 c0       	rjmp	.+2      	; 0xc2 <.do_clear_bss_start>

000000c0 <.do_clear_bss_loop>:
  c0:	1d 92       	st	X+, r1

000000c2 <.do_clear_bss_start>:
  c2:	ac 30       	cpi	r26, 0x0C	; 12
  c4:	b1 07       	cpc	r27, r17
  c6:	e1 f7       	brne	.-8      	; 0xc0 <.do_clear_bss_loop>

000000c8 <__do_copy_data>:
  c8:	11 e0       	ldi	r17, 0x01	; 1
  ca:	a0 e0       	ldi	r26, 0x00	; 0
  cc:	b1 e0       	ldi	r27, 0x01	; 1
  ce:	e0 e4       	ldi	r30, 0x40	; 64
  d0:	fe e0       	ldi	r31, 0x0E	; 14
  d2:	02 c0       	rjmp	.+4      	; 0xd8 <__do_copy_data+0x10>
  d4:	05 90       	lpm	r0, Z+
  d6:	0d 92       	st	X+, r0
  d8:	a8 30       	cpi	r26, 0x08	; 8
  da:	b1 07       	cpc	r27, r17
  dc:	d9 f7       	brne	.-10     	; 0xd4 <__do_copy_data+0xc>
  de:	0e 94 6a 06 	call	0xcd4	; 0xcd4 <main>
  e2:	0c 94 1e 07 	jmp	0xe3c	; 0xe3c <_exit>

000000e6 <__bad_interrupt>:
  e6:	0c 94 00 00 	jmp	0	; 0x0 <__vectors>

000000ea <adc_init>:
  ea:	ea e7       	ldi	r30, 0x7A	; 122
  ec:	f0 e0       	ldi	r31, 0x00	; 0
  ee:	80 81       	ld	r24, Z
  f0:	87 60       	ori	r24, 0x07	; 7
  f2:	80 83       	st	Z, r24
  f4:	ac e7       	ldi	r26, 0x7C	; 124
  f6:	b0 e0       	ldi	r27, 0x00	; 0
  f8:	8c 91       	ld	r24, X
  fa:	80 64       	ori	r24, 0x40	; 64
  fc:	8c 93       	st	X, r24
  fe:	80 81       	ld	r24, Z
 100:	80 68       	ori	r24, 0x80	; 128
 102:	80 83       	st	Z, r24
 104:	08 95       	ret

00000106 <port_init>:
 106:	10 ba       	out	0x10, r1	; 16
 108:	11 ba       	out	0x11, r1	; 17
 10a:	8f ef       	ldi	r24, 0xFF	; 255
 10c:	84 b9       	out	0x04, r24	; 4
 10e:	15 b8       	out	0x05, r1	; 5
 110:	08 95       	ret

00000112 <__fixunssfsi>:
 112:	cf 92       	push	r12
 114:	df 92       	push	r13
 116:	ef 92       	push	r14
 118:	ff 92       	push	r15
 11a:	0f 93       	push	r16
 11c:	1f 93       	push	r17
 11e:	6b 01       	movw	r12, r22
 120:	7c 01       	movw	r14, r24
 122:	20 e0       	ldi	r18, 0x00	; 0
 124:	30 e0       	ldi	r19, 0x00	; 0
 126:	40 e0       	ldi	r20, 0x00	; 0
 128:	5f e4       	ldi	r21, 0x4F	; 79
 12a:	0e 94 f6 03 	call	0x7ec	; 0x7ec <__gesf2>
 12e:	87 fd       	sbrc	r24, 7
 130:	0e c0       	rjmp	.+28     	; 0x14e <__fixunssfsi+0x3c>
 132:	20 e0       	ldi	r18, 0x00	; 0
 134:	30 e0       	ldi	r19, 0x00	; 0
 136:	40 e0       	ldi	r20, 0x00	; 0
 138:	5f e4       	ldi	r21, 0x4F	; 79
 13a:	c7 01       	movw	r24, r14
 13c:	b6 01       	movw	r22, r12
 13e:	0e 94 3e 02 	call	0x47c	; 0x47c <__subsf3>
 142:	0e 94 81 04 	call	0x902	; 0x902 <__fixsfsi>
 146:	8b 01       	movw	r16, r22
 148:	9c 01       	movw	r18, r24
 14a:	30 58       	subi	r19, 0x80	; 128
 14c:	06 c0       	rjmp	.+12     	; 0x15a <__fixunssfsi+0x48>
 14e:	c7 01       	movw	r24, r14
 150:	b6 01       	movw	r22, r12
 152:	0e 94 81 04 	call	0x902	; 0x902 <__fixsfsi>
 156:	8b 01       	movw	r16, r22
 158:	9c 01       	movw	r18, r24
 15a:	b8 01       	movw	r22, r16
 15c:	c9 01       	movw	r24, r18
 15e:	1f 91       	pop	r17
 160:	0f 91       	pop	r16
 162:	ff 90       	pop	r15
 164:	ef 90       	pop	r14
 166:	df 90       	pop	r13
 168:	cf 90       	pop	r12
 16a:	08 95       	ret

0000016c <_fpadd_parts>:
 16c:	a4 e0       	ldi	r26, 0x04	; 4
 16e:	b0 e0       	ldi	r27, 0x00	; 0
 170:	ec eb       	ldi	r30, 0xBC	; 188
 172:	f0 e0       	ldi	r31, 0x00	; 0
 174:	0c 94 ce 06 	jmp	0xd9c	; 0xd9c <__prologue_saves__+0x4>
 178:	7c 01       	movw	r14, r24
 17a:	6a 01       	movw	r12, r20
 17c:	fc 01       	movw	r30, r24
 17e:	80 81       	ld	r24, Z
 180:	82 30       	cpi	r24, 0x02	; 2
 182:	08 f4       	brcc	.+2      	; 0x186 <_fpadd_parts+0x1a>
 184:	4a c1       	rjmp	.+660    	; 0x41a <_fpadd_parts+0x2ae>
 186:	fb 01       	movw	r30, r22
 188:	90 81       	ld	r25, Z
 18a:	92 30       	cpi	r25, 0x02	; 2
 18c:	08 f4       	brcc	.+2      	; 0x190 <_fpadd_parts+0x24>
 18e:	42 c1       	rjmp	.+644    	; 0x414 <_fpadd_parts+0x2a8>
 190:	84 30       	cpi	r24, 0x04	; 4
 192:	79 f4       	brne	.+30     	; 0x1b2 <_fpadd_parts+0x46>
 194:	94 30       	cpi	r25, 0x04	; 4
 196:	09 f0       	breq	.+2      	; 0x19a <_fpadd_parts+0x2e>
 198:	40 c1       	rjmp	.+640    	; 0x41a <_fpadd_parts+0x2ae>
 19a:	f7 01       	movw	r30, r14
 19c:	91 81       	ldd	r25, Z+1	; 0x01
 19e:	fb 01       	movw	r30, r22
 1a0:	81 81       	ldd	r24, Z+1	; 0x01
 1a2:	98 17       	cp	r25, r24
 1a4:	09 f4       	brne	.+2      	; 0x1a8 <_fpadd_parts+0x3c>
 1a6:	39 c1       	rjmp	.+626    	; 0x41a <_fpadd_parts+0x2ae>
 1a8:	a0 e0       	ldi	r26, 0x00	; 0
 1aa:	ea 2e       	mov	r14, r26
 1ac:	a1 e0       	ldi	r26, 0x01	; 1
 1ae:	fa 2e       	mov	r15, r26
 1b0:	34 c1       	rjmp	.+616    	; 0x41a <_fpadd_parts+0x2ae>
 1b2:	94 30       	cpi	r25, 0x04	; 4
 1b4:	09 f4       	brne	.+2      	; 0x1b8 <_fpadd_parts+0x4c>
 1b6:	2e c1       	rjmp	.+604    	; 0x414 <_fpadd_parts+0x2a8>
 1b8:	92 30       	cpi	r25, 0x02	; 2
 1ba:	91 f4       	brne	.+36     	; 0x1e0 <_fpadd_parts+0x74>
 1bc:	82 30       	cpi	r24, 0x02	; 2
 1be:	09 f0       	breq	.+2      	; 0x1c2 <_fpadd_parts+0x56>
 1c0:	2c c1       	rjmp	.+600    	; 0x41a <_fpadd_parts+0x2ae>
 1c2:	88 e0       	ldi	r24, 0x08	; 8
 1c4:	f7 01       	movw	r30, r14
 1c6:	da 01       	movw	r26, r20
 1c8:	01 90       	ld	r0, Z+
 1ca:	0d 92       	st	X+, r0
 1cc:	8a 95       	dec	r24
 1ce:	e1 f7       	brne	.-8      	; 0x1c8 <_fpadd_parts+0x5c>
 1d0:	fb 01       	movw	r30, r22
 1d2:	81 81       	ldd	r24, Z+1	; 0x01
 1d4:	f7 01       	movw	r30, r14
 1d6:	91 81       	ldd	r25, Z+1	; 0x01
 1d8:	89 23       	and	r24, r25
 1da:	fa 01       	movw	r30, r20
 1dc:	81 83       	std	Z+1, r24	; 0x01
 1de:	1c c1       	rjmp	.+568    	; 0x418 <_fpadd_parts+0x2ac>
 1e0:	82 30       	cpi	r24, 0x02	; 2
 1e2:	09 f4       	brne	.+2      	; 0x1e6 <_fpadd_parts+0x7a>
 1e4:	17 c1       	rjmp	.+558    	; 0x414 <_fpadd_parts+0x2a8>
 1e6:	f7 01       	movw	r30, r14
 1e8:	82 81       	ldd	r24, Z+2	; 0x02
 1ea:	93 81       	ldd	r25, Z+3	; 0x03
 1ec:	fb 01       	movw	r30, r22
 1ee:	a2 81       	ldd	r26, Z+2	; 0x02
 1f0:	b3 81       	ldd	r27, Z+3	; 0x03
 1f2:	f7 01       	movw	r30, r14
 1f4:	04 81       	ldd	r16, Z+4	; 0x04
 1f6:	15 81       	ldd	r17, Z+5	; 0x05
 1f8:	26 81       	ldd	r18, Z+6	; 0x06
 1fa:	37 81       	ldd	r19, Z+7	; 0x07
 1fc:	fb 01       	movw	r30, r22
 1fe:	84 80       	ldd	r8, Z+4	; 0x04
 200:	95 80       	ldd	r9, Z+5	; 0x05
 202:	a6 80       	ldd	r10, Z+6	; 0x06
 204:	b7 80       	ldd	r11, Z+7	; 0x07
 206:	fc 01       	movw	r30, r24
 208:	ea 1b       	sub	r30, r26
 20a:	fb 0b       	sbc	r31, r27
 20c:	af 01       	movw	r20, r30
 20e:	f7 ff       	sbrs	r31, 7
 210:	04 c0       	rjmp	.+8      	; 0x21a <_fpadd_parts+0xae>
 212:	44 27       	eor	r20, r20
 214:	55 27       	eor	r21, r21
 216:	4e 1b       	sub	r20, r30
 218:	5f 0b       	sbc	r21, r31
 21a:	40 32       	cpi	r20, 0x20	; 32
 21c:	51 05       	cpc	r21, r1
 21e:	0c f0       	brlt	.+2      	; 0x222 <_fpadd_parts+0xb6>
 220:	74 c0       	rjmp	.+232    	; 0x30a <_fpadd_parts+0x19e>
 222:	1e 16       	cp	r1, r30
 224:	1f 06       	cpc	r1, r31
 226:	b4 f5       	brge	.+108    	; 0x294 <_fpadd_parts+0x128>
 228:	24 01       	movw	r4, r8
 22a:	35 01       	movw	r6, r10
 22c:	04 2e       	mov	r0, r20
 22e:	04 c0       	rjmp	.+8      	; 0x238 <_fpadd_parts+0xcc>
 230:	76 94       	lsr	r7
 232:	67 94       	ror	r6
 234:	57 94       	ror	r5
 236:	47 94       	ror	r4
 238:	0a 94       	dec	r0
 23a:	d2 f7       	brpl	.-12     	; 0x230 <_fpadd_parts+0xc4>
 23c:	49 82       	std	Y+1, r4	; 0x01
 23e:	5a 82       	std	Y+2, r5	; 0x02
 240:	6b 82       	std	Y+3, r6	; 0x03
 242:	7c 82       	std	Y+4, r7	; 0x04
 244:	41 2c       	mov	r4, r1
 246:	51 2c       	mov	r5, r1
 248:	32 01       	movw	r6, r4
 24a:	43 94       	inc	r4
 24c:	04 c0       	rjmp	.+8      	; 0x256 <_fpadd_parts+0xea>
 24e:	44 0c       	add	r4, r4
 250:	55 1c       	adc	r5, r5
 252:	66 1c       	adc	r6, r6
 254:	77 1c       	adc	r7, r7
 256:	4a 95       	dec	r20
 258:	d2 f7       	brpl	.-12     	; 0x24e <_fpadd_parts+0xe2>
 25a:	41 e0       	ldi	r20, 0x01	; 1
 25c:	44 1a       	sub	r4, r20
 25e:	51 08       	sbc	r5, r1
 260:	61 08       	sbc	r6, r1
 262:	71 08       	sbc	r7, r1
 264:	48 20       	and	r4, r8
 266:	59 20       	and	r5, r9
 268:	6a 20       	and	r6, r10
 26a:	7b 20       	and	r7, r11
 26c:	81 2c       	mov	r8, r1
 26e:	91 2c       	mov	r9, r1
 270:	54 01       	movw	r10, r8
 272:	83 94       	inc	r8
 274:	45 28       	or	r4, r5
 276:	46 28       	or	r4, r6
 278:	47 28       	or	r4, r7
 27a:	19 f4       	brne	.+6      	; 0x282 <_fpadd_parts+0x116>
 27c:	81 2c       	mov	r8, r1
 27e:	91 2c       	mov	r9, r1
 280:	54 01       	movw	r10, r8
 282:	49 80       	ldd	r4, Y+1	; 0x01
 284:	5a 80       	ldd	r5, Y+2	; 0x02
 286:	6b 80       	ldd	r6, Y+3	; 0x03
 288:	7c 80       	ldd	r7, Y+4	; 0x04
 28a:	84 28       	or	r8, r4
 28c:	95 28       	or	r9, r5
 28e:	a6 28       	or	r10, r6
 290:	b7 28       	or	r11, r7
 292:	46 c0       	rjmp	.+140    	; 0x320 <_fpadd_parts+0x1b4>
 294:	ef 2b       	or	r30, r31
 296:	09 f4       	brne	.+2      	; 0x29a <_fpadd_parts+0x12e>
 298:	43 c0       	rjmp	.+134    	; 0x320 <_fpadd_parts+0x1b4>
 29a:	84 0f       	add	r24, r20
 29c:	95 1f       	adc	r25, r21
 29e:	28 01       	movw	r4, r16
 2a0:	39 01       	movw	r6, r18
 2a2:	04 2e       	mov	r0, r20
 2a4:	04 c0       	rjmp	.+8      	; 0x2ae <_fpadd_parts+0x142>
 2a6:	76 94       	lsr	r7
 2a8:	67 94       	ror	r6
 2aa:	57 94       	ror	r5
 2ac:	47 94       	ror	r4
 2ae:	0a 94       	dec	r0
 2b0:	d2 f7       	brpl	.-12     	; 0x2a6 <_fpadd_parts+0x13a>
 2b2:	49 82       	std	Y+1, r4	; 0x01
 2b4:	5a 82       	std	Y+2, r5	; 0x02
 2b6:	6b 82       	std	Y+3, r6	; 0x03
 2b8:	7c 82       	std	Y+4, r7	; 0x04
 2ba:	41 2c       	mov	r4, r1
 2bc:	51 2c       	mov	r5, r1
 2be:	32 01       	movw	r6, r4
 2c0:	43 94       	inc	r4
 2c2:	04 c0       	rjmp	.+8      	; 0x2cc <_fpadd_parts+0x160>
 2c4:	44 0c       	add	r4, r4
 2c6:	55 1c       	adc	r5, r5
 2c8:	66 1c       	adc	r6, r6
 2ca:	77 1c       	adc	r7, r7
 2cc:	4a 95       	dec	r20
 2ce:	d2 f7       	brpl	.-12     	; 0x2c4 <_fpadd_parts+0x158>
 2d0:	41 e0       	ldi	r20, 0x01	; 1
 2d2:	44 1a       	sub	r4, r20
 2d4:	51 08       	sbc	r5, r1
 2d6:	61 08       	sbc	r6, r1
 2d8:	71 08       	sbc	r7, r1
 2da:	40 22       	and	r4, r16
 2dc:	51 22       	and	r5, r17
 2de:	62 22       	and	r6, r18
 2e0:	73 22       	and	r7, r19
 2e2:	01 e0       	ldi	r16, 0x01	; 1
 2e4:	10 e0       	ldi	r17, 0x00	; 0
 2e6:	20 e0       	ldi	r18, 0x00	; 0
 2e8:	30 e0       	ldi	r19, 0x00	; 0
 2ea:	45 28       	or	r4, r5
 2ec:	46 28       	or	r4, r6
 2ee:	47 28       	or	r4, r7
 2f0:	19 f4       	brne	.+6      	; 0x2f8 <_fpadd_parts+0x18c>
 2f2:	00 e0       	ldi	r16, 0x00	; 0
 2f4:	10 e0       	ldi	r17, 0x00	; 0
 2f6:	98 01       	movw	r18, r16
 2f8:	49 80       	ldd	r4, Y+1	; 0x01
 2fa:	5a 80       	ldd	r5, Y+2	; 0x02
 2fc:	6b 80       	ldd	r6, Y+3	; 0x03
 2fe:	7c 80       	ldd	r7, Y+4	; 0x04
 300:	04 29       	or	r16, r4
 302:	15 29       	or	r17, r5
 304:	26 29       	or	r18, r6
 306:	37 29       	or	r19, r7
 308:	0b c0       	rjmp	.+22     	; 0x320 <_fpadd_parts+0x1b4>
 30a:	a8 17       	cp	r26, r24
 30c:	b9 07       	cpc	r27, r25
 30e:	24 f4       	brge	.+8      	; 0x318 <_fpadd_parts+0x1ac>
 310:	81 2c       	mov	r8, r1
 312:	91 2c       	mov	r9, r1
 314:	54 01       	movw	r10, r8
 316:	04 c0       	rjmp	.+8      	; 0x320 <_fpadd_parts+0x1b4>
 318:	cd 01       	movw	r24, r26
 31a:	00 e0       	ldi	r16, 0x00	; 0
 31c:	10 e0       	ldi	r17, 0x00	; 0
 31e:	98 01       	movw	r18, r16
 320:	f7 01       	movw	r30, r14
 322:	41 81       	ldd	r20, Z+1	; 0x01
 324:	fb 01       	movw	r30, r22
 326:	51 81       	ldd	r21, Z+1	; 0x01
 328:	45 17       	cp	r20, r21
 32a:	09 f4       	brne	.+2      	; 0x32e <_fpadd_parts+0x1c2>
 32c:	46 c0       	rjmp	.+140    	; 0x3ba <_fpadd_parts+0x24e>
 32e:	44 23       	and	r20, r20
 330:	49 f0       	breq	.+18     	; 0x344 <_fpadd_parts+0x1d8>
 332:	24 01       	movw	r4, r8
 334:	35 01       	movw	r6, r10
 336:	40 1a       	sub	r4, r16
 338:	51 0a       	sbc	r5, r17
 33a:	62 0a       	sbc	r6, r18
 33c:	73 0a       	sbc	r7, r19
 33e:	93 01       	movw	r18, r6
 340:	82 01       	movw	r16, r4
 342:	04 c0       	rjmp	.+8      	; 0x34c <_fpadd_parts+0x1e0>
 344:	08 19       	sub	r16, r8
 346:	19 09       	sbc	r17, r9
 348:	2a 09       	sbc	r18, r10
 34a:	3b 09       	sbc	r19, r11
 34c:	37 fd       	sbrc	r19, 7
 34e:	05 c0       	rjmp	.+10     	; 0x35a <_fpadd_parts+0x1ee>
 350:	f6 01       	movw	r30, r12
 352:	11 82       	std	Z+1, r1	; 0x01
 354:	93 83       	std	Z+3, r25	; 0x03
 356:	82 83       	std	Z+2, r24	; 0x02
 358:	0c c0       	rjmp	.+24     	; 0x372 <_fpadd_parts+0x206>
 35a:	41 e0       	ldi	r20, 0x01	; 1
 35c:	f6 01       	movw	r30, r12
 35e:	41 83       	std	Z+1, r20	; 0x01
 360:	93 83       	std	Z+3, r25	; 0x03
 362:	82 83       	std	Z+2, r24	; 0x02
 364:	30 95       	com	r19
 366:	20 95       	com	r18
 368:	10 95       	com	r17
 36a:	01 95       	neg	r16
 36c:	1f 4f       	sbci	r17, 0xFF	; 255
 36e:	2f 4f       	sbci	r18, 0xFF	; 255
 370:	3f 4f       	sbci	r19, 0xFF	; 255
 372:	04 83       	std	Z+4, r16	; 0x04
 374:	15 83       	std	Z+5, r17	; 0x05
 376:	26 83       	std	Z+6, r18	; 0x06
 378:	37 83       	std	Z+7, r19	; 0x07
 37a:	0e c0       	rjmp	.+28     	; 0x398 <_fpadd_parts+0x22c>
 37c:	88 0f       	add	r24, r24
 37e:	99 1f       	adc	r25, r25
 380:	aa 1f       	adc	r26, r26
 382:	bb 1f       	adc	r27, r27
 384:	f6 01       	movw	r30, r12
 386:	84 83       	std	Z+4, r24	; 0x04
 388:	95 83       	std	Z+5, r25	; 0x05
 38a:	a6 83       	std	Z+6, r26	; 0x06
 38c:	b7 83       	std	Z+7, r27	; 0x07
 38e:	82 81       	ldd	r24, Z+2	; 0x02
 390:	93 81       	ldd	r25, Z+3	; 0x03
 392:	01 97       	sbiw	r24, 0x01	; 1
 394:	93 83       	std	Z+3, r25	; 0x03
 396:	82 83       	std	Z+2, r24	; 0x02
 398:	f6 01       	movw	r30, r12
 39a:	84 81       	ldd	r24, Z+4	; 0x04
 39c:	95 81       	ldd	r25, Z+5	; 0x05
 39e:	a6 81       	ldd	r26, Z+6	; 0x06
 3a0:	b7 81       	ldd	r27, Z+7	; 0x07
 3a2:	ac 01       	movw	r20, r24
 3a4:	bd 01       	movw	r22, r26
 3a6:	41 50       	subi	r20, 0x01	; 1
 3a8:	51 09       	sbc	r21, r1
 3aa:	61 09       	sbc	r22, r1
 3ac:	71 09       	sbc	r23, r1
 3ae:	4f 3f       	cpi	r20, 0xFF	; 255
 3b0:	5f 4f       	sbci	r21, 0xFF	; 255
 3b2:	6f 4f       	sbci	r22, 0xFF	; 255
 3b4:	7f 43       	sbci	r23, 0x3F	; 63
 3b6:	10 f3       	brcs	.-60     	; 0x37c <_fpadd_parts+0x210>
 3b8:	0c c0       	rjmp	.+24     	; 0x3d2 <_fpadd_parts+0x266>
 3ba:	f6 01       	movw	r30, r12
 3bc:	41 83       	std	Z+1, r20	; 0x01
 3be:	93 83       	std	Z+3, r25	; 0x03
 3c0:	82 83       	std	Z+2, r24	; 0x02
 3c2:	08 0d       	add	r16, r8
 3c4:	19 1d       	adc	r17, r9
 3c6:	2a 1d       	adc	r18, r10
 3c8:	3b 1d       	adc	r19, r11
 3ca:	04 83       	std	Z+4, r16	; 0x04
 3cc:	15 83       	std	Z+5, r17	; 0x05
 3ce:	26 83       	std	Z+6, r18	; 0x06
 3d0:	37 83       	std	Z+7, r19	; 0x07
 3d2:	83 e0       	ldi	r24, 0x03	; 3
 3d4:	f6 01       	movw	r30, r12
 3d6:	80 83       	st	Z, r24
 3d8:	44 81       	ldd	r20, Z+4	; 0x04
 3da:	55 81       	ldd	r21, Z+5	; 0x05
 3dc:	66 81       	ldd	r22, Z+6	; 0x06
 3de:	77 81       	ldd	r23, Z+7	; 0x07
 3e0:	77 ff       	sbrs	r23, 7
 3e2:	1a c0       	rjmp	.+52     	; 0x418 <_fpadd_parts+0x2ac>
 3e4:	db 01       	movw	r26, r22
 3e6:	ca 01       	movw	r24, r20
 3e8:	81 70       	andi	r24, 0x01	; 1
 3ea:	99 27       	eor	r25, r25
 3ec:	aa 27       	eor	r26, r26
 3ee:	bb 27       	eor	r27, r27
 3f0:	76 95       	lsr	r23
 3f2:	67 95       	ror	r22
 3f4:	57 95       	ror	r21
 3f6:	47 95       	ror	r20
 3f8:	84 2b       	or	r24, r20
 3fa:	95 2b       	or	r25, r21
 3fc:	a6 2b       	or	r26, r22
 3fe:	b7 2b       	or	r27, r23
 400:	84 83       	std	Z+4, r24	; 0x04
 402:	95 83       	std	Z+5, r25	; 0x05
 404:	a6 83       	std	Z+6, r26	; 0x06
 406:	b7 83       	std	Z+7, r27	; 0x07
 408:	82 81       	ldd	r24, Z+2	; 0x02
 40a:	93 81       	ldd	r25, Z+3	; 0x03
 40c:	01 96       	adiw	r24, 0x01	; 1
 40e:	93 83       	std	Z+3, r25	; 0x03
 410:	82 83       	std	Z+2, r24	; 0x02
 412:	02 c0       	rjmp	.+4      	; 0x418 <_fpadd_parts+0x2ac>
 414:	7b 01       	movw	r14, r22
 416:	01 c0       	rjmp	.+2      	; 0x41a <_fpadd_parts+0x2ae>
 418:	76 01       	movw	r14, r12
 41a:	c7 01       	movw	r24, r14
 41c:	24 96       	adiw	r28, 0x04	; 4
 41e:	e0 e1       	ldi	r30, 0x10	; 16
 420:	0c 94 ea 06 	jmp	0xdd4	; 0xdd4 <__epilogue_restores__+0x4>

00000424 <__addsf3>:
 424:	a0 e2       	ldi	r26, 0x20	; 32
 426:	b0 e0       	ldi	r27, 0x00	; 0
 428:	e8 e1       	ldi	r30, 0x18	; 24
 42a:	f2 e0       	ldi	r31, 0x02	; 2
 42c:	0c 94 dc 06 	jmp	0xdb8	; 0xdb8 <__prologue_saves__+0x20>
 430:	6d 8f       	std	Y+29, r22	; 0x1d
 432:	7e 8f       	std	Y+30, r23	; 0x1e
 434:	8f 8f       	std	Y+31, r24	; 0x1f
 436:	98 a3       	std	Y+32, r25	; 0x20
 438:	29 8f       	std	Y+25, r18	; 0x19
 43a:	3a 8f       	std	Y+26, r19	; 0x1a
 43c:	4b 8f       	std	Y+27, r20	; 0x1b
 43e:	5c 8f       	std	Y+28, r21	; 0x1c
 440:	be 01       	movw	r22, r28
 442:	6f 5e       	subi	r22, 0xEF	; 239
 444:	7f 4f       	sbci	r23, 0xFF	; 255
 446:	ce 01       	movw	r24, r28
 448:	4d 96       	adiw	r24, 0x1d	; 29
 44a:	0e 94 9a 05 	call	0xb34	; 0xb34 <__unpack_f>
 44e:	be 01       	movw	r22, r28
 450:	67 5f       	subi	r22, 0xF7	; 247
 452:	7f 4f       	sbci	r23, 0xFF	; 255
 454:	ce 01       	movw	r24, r28
 456:	49 96       	adiw	r24, 0x19	; 25
 458:	0e 94 9a 05 	call	0xb34	; 0xb34 <__unpack_f>
 45c:	ae 01       	movw	r20, r28
 45e:	4f 5f       	subi	r20, 0xFF	; 255
 460:	5f 4f       	sbci	r21, 0xFF	; 255
 462:	be 01       	movw	r22, r28
 464:	67 5f       	subi	r22, 0xF7	; 247
 466:	7f 4f       	sbci	r23, 0xFF	; 255
 468:	ce 01       	movw	r24, r28
 46a:	41 96       	adiw	r24, 0x11	; 17
 46c:	0e 94 b6 00 	call	0x16c	; 0x16c <_fpadd_parts>
 470:	0e 94 d0 04 	call	0x9a0	; 0x9a0 <__pack_f>
 474:	a0 96       	adiw	r28, 0x20	; 32
 476:	e2 e0       	ldi	r30, 0x02	; 2
 478:	0c 94 f8 06 	jmp	0xdf0	; 0xdf0 <__epilogue_restores__+0x20>

0000047c <__subsf3>:
 47c:	a0 e2       	ldi	r26, 0x20	; 32
 47e:	b0 e0       	ldi	r27, 0x00	; 0
 480:	e4 e4       	ldi	r30, 0x44	; 68
 482:	f2 e0       	ldi	r31, 0x02	; 2
 484:	0c 94 dc 06 	jmp	0xdb8	; 0xdb8 <__prologue_saves__+0x20>
 488:	6d 8f       	std	Y+29, r22	; 0x1d
 48a:	7e 8f       	std	Y+30, r23	; 0x1e
 48c:	8f 8f       	std	Y+31, r24	; 0x1f
 48e:	98 a3       	std	Y+32, r25	; 0x20
 490:	29 8f       	std	Y+25, r18	; 0x19
 492:	3a 8f       	std	Y+26, r19	; 0x1a
 494:	4b 8f       	std	Y+27, r20	; 0x1b
 496:	5c 8f       	std	Y+28, r21	; 0x1c
 498:	be 01       	movw	r22, r28
 49a:	6f 5e       	subi	r22, 0xEF	; 239
 49c:	7f 4f       	sbci	r23, 0xFF	; 255
 49e:	ce 01       	movw	r24, r28
 4a0:	4d 96       	adiw	r24, 0x1d	; 29
 4a2:	0e 94 9a 05 	call	0xb34	; 0xb34 <__unpack_f>
 4a6:	be 01       	movw	r22, r28
 4a8:	67 5f       	subi	r22, 0xF7	; 247
 4aa:	7f 4f       	sbci	r23, 0xFF	; 255
 4ac:	ce 01       	movw	r24, r28
 4ae:	49 96       	adiw	r24, 0x19	; 25
 4b0:	0e 94 9a 05 	call	0xb34	; 0xb34 <__unpack_f>
 4b4:	8a 85       	ldd	r24, Y+10	; 0x0a
 4b6:	91 e0       	ldi	r25, 0x01	; 1
 4b8:	89 27       	eor	r24, r25
 4ba:	8a 87       	std	Y+10, r24	; 0x0a
 4bc:	ae 01       	movw	r20, r28
 4be:	4f 5f       	subi	r20, 0xFF	; 255
 4c0:	5f 4f       	sbci	r21, 0xFF	; 255
 4c2:	be 01       	movw	r22, r28
 4c4:	67 5f       	subi	r22, 0xF7	; 247
 4c6:	7f 4f       	sbci	r23, 0xFF	; 255
 4c8:	ce 01       	movw	r24, r28
 4ca:	41 96       	adiw	r24, 0x11	; 17
 4cc:	0e 94 b6 00 	call	0x16c	; 0x16c <_fpadd_parts>
 4d0:	0e 94 d0 04 	call	0x9a0	; 0x9a0 <__pack_f>
 4d4:	a0 96       	adiw	r28, 0x20	; 32
 4d6:	e2 e0       	ldi	r30, 0x02	; 2
 4d8:	0c 94 f8 06 	jmp	0xdf0	; 0xdf0 <__epilogue_restores__+0x20>

000004dc <__mulsf3>:
 4dc:	a0 e2       	ldi	r26, 0x20	; 32
 4de:	b0 e0       	ldi	r27, 0x00	; 0
 4e0:	e4 e7       	ldi	r30, 0x74	; 116
 4e2:	f2 e0       	ldi	r31, 0x02	; 2
 4e4:	0c 94 ce 06 	jmp	0xd9c	; 0xd9c <__prologue_saves__+0x4>
 4e8:	6d 8f       	std	Y+29, r22	; 0x1d
 4ea:	7e 8f       	std	Y+30, r23	; 0x1e
 4ec:	8f 8f       	std	Y+31, r24	; 0x1f
 4ee:	98 a3       	std	Y+32, r25	; 0x20
 4f0:	29 8f       	std	Y+25, r18	; 0x19
 4f2:	3a 8f       	std	Y+26, r19	; 0x1a
 4f4:	4b 8f       	std	Y+27, r20	; 0x1b
 4f6:	5c 8f       	std	Y+28, r21	; 0x1c
 4f8:	be 01       	movw	r22, r28
 4fa:	6f 5e       	subi	r22, 0xEF	; 239
 4fc:	7f 4f       	sbci	r23, 0xFF	; 255
 4fe:	ce 01       	movw	r24, r28
 500:	4d 96       	adiw	r24, 0x1d	; 29
 502:	0e 94 9a 05 	call	0xb34	; 0xb34 <__unpack_f>
 506:	be 01       	movw	r22, r28
 508:	67 5f       	subi	r22, 0xF7	; 247
 50a:	7f 4f       	sbci	r23, 0xFF	; 255
 50c:	ce 01       	movw	r24, r28
 50e:	49 96       	adiw	r24, 0x19	; 25
 510:	0e 94 9a 05 	call	0xb34	; 0xb34 <__unpack_f>
 514:	99 89       	ldd	r25, Y+17	; 0x11
 516:	92 30       	cpi	r25, 0x02	; 2
 518:	08 f4       	brcc	.+2      	; 0x51c <__mulsf3+0x40>
 51a:	12 c0       	rjmp	.+36     	; 0x540 <__mulsf3+0x64>
 51c:	89 85       	ldd	r24, Y+9	; 0x09
 51e:	82 30       	cpi	r24, 0x02	; 2
 520:	08 f4       	brcc	.+2      	; 0x524 <__mulsf3+0x48>
 522:	1a c0       	rjmp	.+52     	; 0x558 <__mulsf3+0x7c>
 524:	94 30       	cpi	r25, 0x04	; 4
 526:	21 f4       	brne	.+8      	; 0x530 <__mulsf3+0x54>
 528:	82 30       	cpi	r24, 0x02	; 2
 52a:	09 f4       	brne	.+2      	; 0x52e <__mulsf3+0x52>
 52c:	b4 c0       	rjmp	.+360    	; 0x696 <__mulsf3+0x1ba>
 52e:	08 c0       	rjmp	.+16     	; 0x540 <__mulsf3+0x64>
 530:	84 30       	cpi	r24, 0x04	; 4
 532:	21 f4       	brne	.+8      	; 0x53c <__mulsf3+0x60>
 534:	92 30       	cpi	r25, 0x02	; 2
 536:	09 f4       	brne	.+2      	; 0x53a <__mulsf3+0x5e>
 538:	ae c0       	rjmp	.+348    	; 0x696 <__mulsf3+0x1ba>
 53a:	0e c0       	rjmp	.+28     	; 0x558 <__mulsf3+0x7c>
 53c:	92 30       	cpi	r25, 0x02	; 2
 53e:	51 f4       	brne	.+20     	; 0x554 <__mulsf3+0x78>
 540:	81 e0       	ldi	r24, 0x01	; 1
 542:	2a 89       	ldd	r18, Y+18	; 0x12
 544:	9a 85       	ldd	r25, Y+10	; 0x0a
 546:	29 13       	cpse	r18, r25
 548:	01 c0       	rjmp	.+2      	; 0x54c <__mulsf3+0x70>
 54a:	80 e0       	ldi	r24, 0x00	; 0
 54c:	8a 8b       	std	Y+18, r24	; 0x12
 54e:	ce 01       	movw	r24, r28
 550:	41 96       	adiw	r24, 0x11	; 17
 552:	a3 c0       	rjmp	.+326    	; 0x69a <__mulsf3+0x1be>
 554:	82 30       	cpi	r24, 0x02	; 2
 556:	51 f4       	brne	.+20     	; 0x56c <__mulsf3+0x90>
 558:	81 e0       	ldi	r24, 0x01	; 1
 55a:	2a 89       	ldd	r18, Y+18	; 0x12
 55c:	9a 85       	ldd	r25, Y+10	; 0x0a
 55e:	29 13       	cpse	r18, r25
 560:	01 c0       	rjmp	.+2      	; 0x564 <__mulsf3+0x88>
 562:	80 e0       	ldi	r24, 0x00	; 0
 564:	8a 87       	std	Y+10, r24	; 0x0a
 566:	ce 01       	movw	r24, r28
 568:	09 96       	adiw	r24, 0x09	; 9
 56a:	97 c0       	rjmp	.+302    	; 0x69a <__mulsf3+0x1be>
 56c:	8d 88       	ldd	r8, Y+21	; 0x15
 56e:	9e 88       	ldd	r9, Y+22	; 0x16
 570:	af 88       	ldd	r10, Y+23	; 0x17
 572:	b8 8c       	ldd	r11, Y+24	; 0x18
 574:	0d 85       	ldd	r16, Y+13	; 0x0d
 576:	1e 85       	ldd	r17, Y+14	; 0x0e
 578:	2f 85       	ldd	r18, Y+15	; 0x0f
 57a:	38 89       	ldd	r19, Y+16	; 0x10
 57c:	e0 e2       	ldi	r30, 0x20	; 32
 57e:	f0 e0       	ldi	r31, 0x00	; 0
 580:	80 e0       	ldi	r24, 0x00	; 0
 582:	90 e0       	ldi	r25, 0x00	; 0
 584:	dc 01       	movw	r26, r24
 586:	c1 2c       	mov	r12, r1
 588:	d1 2c       	mov	r13, r1
 58a:	76 01       	movw	r14, r12
 58c:	40 e0       	ldi	r20, 0x00	; 0
 58e:	50 e0       	ldi	r21, 0x00	; 0
 590:	ba 01       	movw	r22, r20
 592:	80 fe       	sbrs	r8, 0
 594:	18 c0       	rjmp	.+48     	; 0x5c6 <__mulsf3+0xea>
 596:	40 0f       	add	r20, r16
 598:	51 1f       	adc	r21, r17
 59a:	62 1f       	adc	r22, r18
 59c:	73 1f       	adc	r23, r19
 59e:	8c 0d       	add	r24, r12
 5a0:	9d 1d       	adc	r25, r13
 5a2:	ae 1d       	adc	r26, r14
 5a4:	bf 1d       	adc	r27, r15
 5a6:	41 2c       	mov	r4, r1
 5a8:	51 2c       	mov	r5, r1
 5aa:	32 01       	movw	r6, r4
 5ac:	43 94       	inc	r4
 5ae:	40 17       	cp	r20, r16
 5b0:	51 07       	cpc	r21, r17
 5b2:	62 07       	cpc	r22, r18
 5b4:	73 07       	cpc	r23, r19
 5b6:	18 f0       	brcs	.+6      	; 0x5be <__mulsf3+0xe2>
 5b8:	41 2c       	mov	r4, r1
 5ba:	51 2c       	mov	r5, r1
 5bc:	32 01       	movw	r6, r4
 5be:	84 0d       	add	r24, r4
 5c0:	95 1d       	adc	r25, r5
 5c2:	a6 1d       	adc	r26, r6
 5c4:	b7 1d       	adc	r27, r7
 5c6:	cc 0c       	add	r12, r12
 5c8:	dd 1c       	adc	r13, r13
 5ca:	ee 1c       	adc	r14, r14
 5cc:	ff 1c       	adc	r15, r15
 5ce:	37 ff       	sbrs	r19, 7
 5d0:	02 c0       	rjmp	.+4      	; 0x5d6 <__mulsf3+0xfa>
 5d2:	68 94       	set
 5d4:	c0 f8       	bld	r12, 0
 5d6:	00 0f       	add	r16, r16
 5d8:	11 1f       	adc	r17, r17
 5da:	22 1f       	adc	r18, r18
 5dc:	33 1f       	adc	r19, r19
 5de:	b6 94       	lsr	r11
 5e0:	a7 94       	ror	r10
 5e2:	97 94       	ror	r9
 5e4:	87 94       	ror	r8
 5e6:	31 97       	sbiw	r30, 0x01	; 1
 5e8:	a1 f6       	brne	.-88     	; 0x592 <__mulsf3+0xb6>
 5ea:	2b 89       	ldd	r18, Y+19	; 0x13
 5ec:	3c 89       	ldd	r19, Y+20	; 0x14
 5ee:	eb 85       	ldd	r30, Y+11	; 0x0b
 5f0:	fc 85       	ldd	r31, Y+12	; 0x0c
 5f2:	2e 0f       	add	r18, r30
 5f4:	3f 1f       	adc	r19, r31
 5f6:	2e 5f       	subi	r18, 0xFE	; 254
 5f8:	3f 4f       	sbci	r19, 0xFF	; 255
 5fa:	3c 83       	std	Y+4, r19	; 0x04
 5fc:	2b 83       	std	Y+3, r18	; 0x03
 5fe:	21 e0       	ldi	r18, 0x01	; 1
 600:	ea 89       	ldd	r30, Y+18	; 0x12
 602:	3a 85       	ldd	r19, Y+10	; 0x0a
 604:	e3 13       	cpse	r30, r19
 606:	01 c0       	rjmp	.+2      	; 0x60a <__mulsf3+0x12e>
 608:	20 e0       	ldi	r18, 0x00	; 0
 60a:	2a 83       	std	Y+2, r18	; 0x02
 60c:	eb 81       	ldd	r30, Y+3	; 0x03
 60e:	fc 81       	ldd	r31, Y+4	; 0x04
 610:	0c c0       	rjmp	.+24     	; 0x62a <__mulsf3+0x14e>
 612:	80 ff       	sbrs	r24, 0
 614:	05 c0       	rjmp	.+10     	; 0x620 <__mulsf3+0x144>
 616:	76 95       	lsr	r23
 618:	67 95       	ror	r22
 61a:	57 95       	ror	r21
 61c:	47 95       	ror	r20
 61e:	70 68       	ori	r23, 0x80	; 128
 620:	b6 95       	lsr	r27
 622:	a7 95       	ror	r26
 624:	97 95       	ror	r25
 626:	87 95       	ror	r24
 628:	31 96       	adiw	r30, 0x01	; 1
 62a:	b7 fd       	sbrc	r27, 7
 62c:	f2 cf       	rjmp	.-28     	; 0x612 <__mulsf3+0x136>
 62e:	9f 01       	movw	r18, r30
 630:	0c c0       	rjmp	.+24     	; 0x64a <__mulsf3+0x16e>
 632:	88 0f       	add	r24, r24
 634:	99 1f       	adc	r25, r25
 636:	aa 1f       	adc	r26, r26
 638:	bb 1f       	adc	r27, r27
 63a:	77 fd       	sbrc	r23, 7
 63c:	81 60       	ori	r24, 0x01	; 1
 63e:	44 0f       	add	r20, r20
 640:	55 1f       	adc	r21, r21
 642:	66 1f       	adc	r22, r22
 644:	77 1f       	adc	r23, r23
 646:	21 50       	subi	r18, 0x01	; 1
 648:	31 09       	sbc	r19, r1
 64a:	00 97       	sbiw	r24, 0x00	; 0
 64c:	a1 05       	cpc	r26, r1
 64e:	e0 e4       	ldi	r30, 0x40	; 64
 650:	be 07       	cpc	r27, r30
 652:	78 f3       	brcs	.-34     	; 0x632 <__mulsf3+0x156>
 654:	2b 83       	std	Y+3, r18	; 0x03
 656:	3c 83       	std	Y+4, r19	; 0x04
 658:	8c 01       	movw	r16, r24
 65a:	9d 01       	movw	r18, r26
 65c:	0f 77       	andi	r16, 0x7F	; 127
 65e:	11 27       	eor	r17, r17
 660:	22 27       	eor	r18, r18
 662:	33 27       	eor	r19, r19
 664:	00 34       	cpi	r16, 0x40	; 64
 666:	11 05       	cpc	r17, r1
 668:	21 05       	cpc	r18, r1
 66a:	31 05       	cpc	r19, r1
 66c:	59 f4       	brne	.+22     	; 0x684 <__mulsf3+0x1a8>
 66e:	87 fd       	sbrc	r24, 7
 670:	09 c0       	rjmp	.+18     	; 0x684 <__mulsf3+0x1a8>
 672:	45 2b       	or	r20, r21
 674:	46 2b       	or	r20, r22
 676:	47 2b       	or	r20, r23
 678:	29 f0       	breq	.+10     	; 0x684 <__mulsf3+0x1a8>
 67a:	80 5c       	subi	r24, 0xC0	; 192
 67c:	9f 4f       	sbci	r25, 0xFF	; 255
 67e:	af 4f       	sbci	r26, 0xFF	; 255
 680:	bf 4f       	sbci	r27, 0xFF	; 255
 682:	80 78       	andi	r24, 0x80	; 128
 684:	8d 83       	std	Y+5, r24	; 0x05
 686:	9e 83       	std	Y+6, r25	; 0x06
 688:	af 83       	std	Y+7, r26	; 0x07
 68a:	b8 87       	std	Y+8, r27	; 0x08
 68c:	83 e0       	ldi	r24, 0x03	; 3
 68e:	89 83       	std	Y+1, r24	; 0x01
 690:	ce 01       	movw	r24, r28
 692:	01 96       	adiw	r24, 0x01	; 1
 694:	02 c0       	rjmp	.+4      	; 0x69a <__mulsf3+0x1be>
 696:	80 e0       	ldi	r24, 0x00	; 0
 698:	91 e0       	ldi	r25, 0x01	; 1
 69a:	0e 94 d0 04 	call	0x9a0	; 0x9a0 <__pack_f>
 69e:	a0 96       	adiw	r28, 0x20	; 32
 6a0:	e0 e1       	ldi	r30, 0x10	; 16
 6a2:	0c 94 ea 06 	jmp	0xdd4	; 0xdd4 <__epilogue_restores__+0x4>

000006a6 <__divsf3>:
 6a6:	a8 e1       	ldi	r26, 0x18	; 24
 6a8:	b0 e0       	ldi	r27, 0x00	; 0
 6aa:	e9 e5       	ldi	r30, 0x59	; 89
 6ac:	f3 e0       	ldi	r31, 0x03	; 3
 6ae:	0c 94 d6 06 	jmp	0xdac	; 0xdac <__prologue_saves__+0x14>
 6b2:	6d 8b       	std	Y+21, r22	; 0x15
 6b4:	7e 8b       	std	Y+22, r23	; 0x16
 6b6:	8f 8b       	std	Y+23, r24	; 0x17
 6b8:	98 8f       	std	Y+24, r25	; 0x18
 6ba:	29 8b       	std	Y+17, r18	; 0x11
 6bc:	3a 8b       	std	Y+18, r19	; 0x12
 6be:	4b 8b       	std	Y+19, r20	; 0x13
 6c0:	5c 8b       	std	Y+20, r21	; 0x14
 6c2:	be 01       	movw	r22, r28
 6c4:	67 5f       	subi	r22, 0xF7	; 247
 6c6:	7f 4f       	sbci	r23, 0xFF	; 255
 6c8:	ce 01       	movw	r24, r28
 6ca:	45 96       	adiw	r24, 0x15	; 21
 6cc:	0e 94 9a 05 	call	0xb34	; 0xb34 <__unpack_f>
 6d0:	be 01       	movw	r22, r28
 6d2:	6f 5f       	subi	r22, 0xFF	; 255
 6d4:	7f 4f       	sbci	r23, 0xFF	; 255
 6d6:	ce 01       	movw	r24, r28
 6d8:	41 96       	adiw	r24, 0x11	; 17
 6da:	0e 94 9a 05 	call	0xb34	; 0xb34 <__unpack_f>
 6de:	99 85       	ldd	r25, Y+9	; 0x09
 6e0:	92 30       	cpi	r25, 0x02	; 2
 6e2:	08 f4       	brcc	.+2      	; 0x6e6 <__divsf3+0x40>
 6e4:	75 c0       	rjmp	.+234    	; 0x7d0 <__divsf3+0x12a>
 6e6:	89 81       	ldd	r24, Y+1	; 0x01
 6e8:	82 30       	cpi	r24, 0x02	; 2
 6ea:	08 f4       	brcc	.+2      	; 0x6ee <__divsf3+0x48>
 6ec:	74 c0       	rjmp	.+232    	; 0x7d6 <__divsf3+0x130>
 6ee:	2a 85       	ldd	r18, Y+10	; 0x0a
 6f0:	3a 81       	ldd	r19, Y+2	; 0x02
 6f2:	23 27       	eor	r18, r19
 6f4:	2a 87       	std	Y+10, r18	; 0x0a
 6f6:	94 30       	cpi	r25, 0x04	; 4
 6f8:	11 f0       	breq	.+4      	; 0x6fe <__divsf3+0x58>
 6fa:	92 30       	cpi	r25, 0x02	; 2
 6fc:	19 f4       	brne	.+6      	; 0x704 <__divsf3+0x5e>
 6fe:	98 13       	cpse	r25, r24
 700:	67 c0       	rjmp	.+206    	; 0x7d0 <__divsf3+0x12a>
 702:	6c c0       	rjmp	.+216    	; 0x7dc <__divsf3+0x136>
 704:	84 30       	cpi	r24, 0x04	; 4
 706:	39 f4       	brne	.+14     	; 0x716 <__divsf3+0x70>
 708:	1d 86       	std	Y+13, r1	; 0x0d
 70a:	1e 86       	std	Y+14, r1	; 0x0e
 70c:	1f 86       	std	Y+15, r1	; 0x0f
 70e:	18 8a       	std	Y+16, r1	; 0x10
 710:	1c 86       	std	Y+12, r1	; 0x0c
 712:	1b 86       	std	Y+11, r1	; 0x0b
 714:	04 c0       	rjmp	.+8      	; 0x71e <__divsf3+0x78>
 716:	82 30       	cpi	r24, 0x02	; 2
 718:	29 f4       	brne	.+10     	; 0x724 <__divsf3+0x7e>
 71a:	84 e0       	ldi	r24, 0x04	; 4
 71c:	89 87       	std	Y+9, r24	; 0x09
 71e:	ce 01       	movw	r24, r28
 720:	09 96       	adiw	r24, 0x09	; 9
 722:	5e c0       	rjmp	.+188    	; 0x7e0 <__divsf3+0x13a>
 724:	8b 85       	ldd	r24, Y+11	; 0x0b
 726:	9c 85       	ldd	r25, Y+12	; 0x0c
 728:	2b 81       	ldd	r18, Y+3	; 0x03
 72a:	3c 81       	ldd	r19, Y+4	; 0x04
 72c:	82 1b       	sub	r24, r18
 72e:	93 0b       	sbc	r25, r19
 730:	9c 87       	std	Y+12, r25	; 0x0c
 732:	8b 87       	std	Y+11, r24	; 0x0b
 734:	4d 85       	ldd	r20, Y+13	; 0x0d
 736:	5e 85       	ldd	r21, Y+14	; 0x0e
 738:	6f 85       	ldd	r22, Y+15	; 0x0f
 73a:	78 89       	ldd	r23, Y+16	; 0x10
 73c:	cd 80       	ldd	r12, Y+5	; 0x05
 73e:	de 80       	ldd	r13, Y+6	; 0x06
 740:	ef 80       	ldd	r14, Y+7	; 0x07
 742:	f8 84       	ldd	r15, Y+8	; 0x08
 744:	4c 15       	cp	r20, r12
 746:	5d 05       	cpc	r21, r13
 748:	6e 05       	cpc	r22, r14
 74a:	7f 05       	cpc	r23, r15
 74c:	38 f4       	brcc	.+14     	; 0x75c <__divsf3+0xb6>
 74e:	44 0f       	add	r20, r20
 750:	55 1f       	adc	r21, r21
 752:	66 1f       	adc	r22, r22
 754:	77 1f       	adc	r23, r23
 756:	01 97       	sbiw	r24, 0x01	; 1
 758:	9c 87       	std	Y+12, r25	; 0x0c
 75a:	8b 87       	std	Y+11, r24	; 0x0b
 75c:	ef e1       	ldi	r30, 0x1F	; 31
 75e:	f0 e0       	ldi	r31, 0x00	; 0
 760:	00 e0       	ldi	r16, 0x00	; 0
 762:	10 e0       	ldi	r17, 0x00	; 0
 764:	20 e0       	ldi	r18, 0x00	; 0
 766:	30 e4       	ldi	r19, 0x40	; 64
 768:	80 e0       	ldi	r24, 0x00	; 0
 76a:	90 e0       	ldi	r25, 0x00	; 0
 76c:	dc 01       	movw	r26, r24
 76e:	4c 15       	cp	r20, r12
 770:	5d 05       	cpc	r21, r13
 772:	6e 05       	cpc	r22, r14
 774:	7f 05       	cpc	r23, r15
 776:	40 f0       	brcs	.+16     	; 0x788 <__divsf3+0xe2>
 778:	80 2b       	or	r24, r16
 77a:	91 2b       	or	r25, r17
 77c:	a2 2b       	or	r26, r18
 77e:	b3 2b       	or	r27, r19
 780:	4c 19       	sub	r20, r12
 782:	5d 09       	sbc	r21, r13
 784:	6e 09       	sbc	r22, r14
 786:	7f 09       	sbc	r23, r15
 788:	36 95       	lsr	r19
 78a:	27 95       	ror	r18
 78c:	17 95       	ror	r17
 78e:	07 95       	ror	r16
 790:	44 0f       	add	r20, r20
 792:	55 1f       	adc	r21, r21
 794:	66 1f       	adc	r22, r22
 796:	77 1f       	adc	r23, r23
 798:	31 97       	sbiw	r30, 0x01	; 1
 79a:	49 f7       	brne	.-46     	; 0x76e <__divsf3+0xc8>
 79c:	8c 01       	movw	r16, r24
 79e:	9d 01       	movw	r18, r26
 7a0:	0f 77       	andi	r16, 0x7F	; 127
 7a2:	11 27       	eor	r17, r17
 7a4:	22 27       	eor	r18, r18
 7a6:	33 27       	eor	r19, r19
 7a8:	00 34       	cpi	r16, 0x40	; 64
 7aa:	11 05       	cpc	r17, r1
 7ac:	21 05       	cpc	r18, r1
 7ae:	31 05       	cpc	r19, r1
 7b0:	59 f4       	brne	.+22     	; 0x7c8 <__divsf3+0x122>
 7b2:	87 fd       	sbrc	r24, 7
 7b4:	09 c0       	rjmp	.+18     	; 0x7c8 <__divsf3+0x122>
 7b6:	45 2b       	or	r20, r21
 7b8:	46 2b       	or	r20, r22
 7ba:	47 2b       	or	r20, r23
 7bc:	29 f0       	breq	.+10     	; 0x7c8 <__divsf3+0x122>
 7be:	80 5c       	subi	r24, 0xC0	; 192
 7c0:	9f 4f       	sbci	r25, 0xFF	; 255
 7c2:	af 4f       	sbci	r26, 0xFF	; 255
 7c4:	bf 4f       	sbci	r27, 0xFF	; 255
 7c6:	80 78       	andi	r24, 0x80	; 128
 7c8:	8d 87       	std	Y+13, r24	; 0x0d
 7ca:	9e 87       	std	Y+14, r25	; 0x0e
 7cc:	af 87       	std	Y+15, r26	; 0x0f
 7ce:	b8 8b       	std	Y+16, r27	; 0x10
 7d0:	ce 01       	movw	r24, r28
 7d2:	09 96       	adiw	r24, 0x09	; 9
 7d4:	05 c0       	rjmp	.+10     	; 0x7e0 <__divsf3+0x13a>
 7d6:	ce 01       	movw	r24, r28
 7d8:	01 96       	adiw	r24, 0x01	; 1
 7da:	02 c0       	rjmp	.+4      	; 0x7e0 <__divsf3+0x13a>
 7dc:	80 e0       	ldi	r24, 0x00	; 0
 7de:	91 e0       	ldi	r25, 0x01	; 1
 7e0:	0e 94 d0 04 	call	0x9a0	; 0x9a0 <__pack_f>
 7e4:	68 96       	adiw	r28, 0x18	; 24
 7e6:	e8 e0       	ldi	r30, 0x08	; 8
 7e8:	0c 94 f2 06 	jmp	0xde4	; 0xde4 <__epilogue_restores__+0x14>

000007ec <__gesf2>:
 7ec:	a8 e1       	ldi	r26, 0x18	; 24
 7ee:	b0 e0       	ldi	r27, 0x00	; 0
 7f0:	ec ef       	ldi	r30, 0xFC	; 252
 7f2:	f3 e0       	ldi	r31, 0x03	; 3
 7f4:	0c 94 dc 06 	jmp	0xdb8	; 0xdb8 <__prologue_saves__+0x20>
 7f8:	6d 8b       	std	Y+21, r22	; 0x15
 7fa:	7e 8b       	std	Y+22, r23	; 0x16
 7fc:	8f 8b       	std	Y+23, r24	; 0x17
 7fe:	98 8f       	std	Y+24, r25	; 0x18
 800:	29 8b       	std	Y+17, r18	; 0x11
 802:	3a 8b       	std	Y+18, r19	; 0x12
 804:	4b 8b       	std	Y+19, r20	; 0x13
 806:	5c 8b       	std	Y+20, r21	; 0x14
 808:	be 01       	movw	r22, r28
 80a:	67 5f       	subi	r22, 0xF7	; 247
 80c:	7f 4f       	sbci	r23, 0xFF	; 255
 80e:	ce 01       	movw	r24, r28
 810:	45 96       	adiw	r24, 0x15	; 21
 812:	0e 94 9a 05 	call	0xb34	; 0xb34 <__unpack_f>
 816:	be 01       	movw	r22, r28
 818:	6f 5f       	subi	r22, 0xFF	; 255
 81a:	7f 4f       	sbci	r23, 0xFF	; 255
 81c:	ce 01       	movw	r24, r28
 81e:	41 96       	adiw	r24, 0x11	; 17
 820:	0e 94 9a 05 	call	0xb34	; 0xb34 <__unpack_f>
 824:	89 85       	ldd	r24, Y+9	; 0x09
 826:	82 30       	cpi	r24, 0x02	; 2
 828:	58 f0       	brcs	.+22     	; 0x840 <__gesf2+0x54>
 82a:	89 81       	ldd	r24, Y+1	; 0x01
 82c:	82 30       	cpi	r24, 0x02	; 2
 82e:	40 f0       	brcs	.+16     	; 0x840 <__gesf2+0x54>
 830:	be 01       	movw	r22, r28
 832:	6f 5f       	subi	r22, 0xFF	; 255
 834:	7f 4f       	sbci	r23, 0xFF	; 255
 836:	ce 01       	movw	r24, r28
 838:	09 96       	adiw	r24, 0x09	; 9
 83a:	0e 94 09 06 	call	0xc12	; 0xc12 <__fpcmp_parts_f>
 83e:	01 c0       	rjmp	.+2      	; 0x842 <__gesf2+0x56>
 840:	8f ef       	ldi	r24, 0xFF	; 255
 842:	68 96       	adiw	r28, 0x18	; 24
 844:	e2 e0       	ldi	r30, 0x02	; 2
 846:	0c 94 f8 06 	jmp	0xdf0	; 0xdf0 <__epilogue_restores__+0x20>

0000084a <__floatsisf>:
 84a:	a8 e0       	ldi	r26, 0x08	; 8
 84c:	b0 e0       	ldi	r27, 0x00	; 0
 84e:	eb e2       	ldi	r30, 0x2B	; 43
 850:	f4 e0       	ldi	r31, 0x04	; 4
 852:	0c 94 da 06 	jmp	0xdb4	; 0xdb4 <__prologue_saves__+0x1c>
 856:	23 e0       	ldi	r18, 0x03	; 3
 858:	29 83       	std	Y+1, r18	; 0x01
 85a:	8b 01       	movw	r16, r22
 85c:	9c 01       	movw	r18, r24
 85e:	00 27       	eor	r16, r16
 860:	37 fd       	sbrc	r19, 7
 862:	03 95       	inc	r16
 864:	11 27       	eor	r17, r17
 866:	22 27       	eor	r18, r18
 868:	33 27       	eor	r19, r19
 86a:	40 2f       	mov	r20, r16
 86c:	0a 83       	std	Y+2, r16	; 0x02
 86e:	61 15       	cp	r22, r1
 870:	71 05       	cpc	r23, r1
 872:	81 05       	cpc	r24, r1
 874:	91 05       	cpc	r25, r1
 876:	19 f4       	brne	.+6      	; 0x87e <__floatsisf+0x34>
 878:	82 e0       	ldi	r24, 0x02	; 2
 87a:	89 83       	std	Y+1, r24	; 0x01
 87c:	35 c0       	rjmp	.+106    	; 0x8e8 <__floatsisf+0x9e>
 87e:	2e e1       	ldi	r18, 0x1E	; 30
 880:	30 e0       	ldi	r19, 0x00	; 0
 882:	3c 83       	std	Y+4, r19	; 0x04
 884:	2b 83       	std	Y+3, r18	; 0x03
 886:	44 23       	and	r20, r20
 888:	71 f0       	breq	.+28     	; 0x8a6 <__floatsisf+0x5c>
 88a:	61 15       	cp	r22, r1
 88c:	71 05       	cpc	r23, r1
 88e:	81 05       	cpc	r24, r1
 890:	20 e8       	ldi	r18, 0x80	; 128
 892:	92 07       	cpc	r25, r18
 894:	71 f1       	breq	.+92     	; 0x8f2 <__floatsisf+0xa8>
 896:	00 27       	eor	r16, r16
 898:	11 27       	eor	r17, r17
 89a:	98 01       	movw	r18, r16
 89c:	06 1b       	sub	r16, r22
 89e:	17 0b       	sbc	r17, r23
 8a0:	28 0b       	sbc	r18, r24
 8a2:	39 0b       	sbc	r19, r25
 8a4:	02 c0       	rjmp	.+4      	; 0x8aa <__floatsisf+0x60>
 8a6:	8b 01       	movw	r16, r22
 8a8:	9c 01       	movw	r18, r24
 8aa:	c9 01       	movw	r24, r18
 8ac:	b8 01       	movw	r22, r16
 8ae:	0e 94 03 07 	call	0xe06	; 0xe06 <__clzsi2>
 8b2:	01 97       	sbiw	r24, 0x01	; 1
 8b4:	18 16       	cp	r1, r24
 8b6:	19 06       	cpc	r1, r25
 8b8:	2c f0       	brlt	.+10     	; 0x8c4 <__floatsisf+0x7a>
 8ba:	0d 83       	std	Y+5, r16	; 0x05
 8bc:	1e 83       	std	Y+6, r17	; 0x06
 8be:	2f 83       	std	Y+7, r18	; 0x07
 8c0:	38 87       	std	Y+8, r19	; 0x08
 8c2:	12 c0       	rjmp	.+36     	; 0x8e8 <__floatsisf+0x9e>
 8c4:	08 2e       	mov	r0, r24
 8c6:	04 c0       	rjmp	.+8      	; 0x8d0 <__floatsisf+0x86>
 8c8:	00 0f       	add	r16, r16
 8ca:	11 1f       	adc	r17, r17
 8cc:	22 1f       	adc	r18, r18
 8ce:	33 1f       	adc	r19, r19
 8d0:	0a 94       	dec	r0
 8d2:	d2 f7       	brpl	.-12     	; 0x8c8 <__floatsisf+0x7e>
 8d4:	0d 83       	std	Y+5, r16	; 0x05
 8d6:	1e 83       	std	Y+6, r17	; 0x06
 8d8:	2f 83       	std	Y+7, r18	; 0x07
 8da:	38 87       	std	Y+8, r19	; 0x08
 8dc:	2e e1       	ldi	r18, 0x1E	; 30
 8de:	30 e0       	ldi	r19, 0x00	; 0
 8e0:	28 1b       	sub	r18, r24
 8e2:	39 0b       	sbc	r19, r25
 8e4:	3c 83       	std	Y+4, r19	; 0x04
 8e6:	2b 83       	std	Y+3, r18	; 0x03
 8e8:	ce 01       	movw	r24, r28
 8ea:	01 96       	adiw	r24, 0x01	; 1
 8ec:	0e 94 d0 04 	call	0x9a0	; 0x9a0 <__pack_f>
 8f0:	04 c0       	rjmp	.+8      	; 0x8fa <__floatsisf+0xb0>
 8f2:	60 e0       	ldi	r22, 0x00	; 0
 8f4:	70 e0       	ldi	r23, 0x00	; 0
 8f6:	80 e0       	ldi	r24, 0x00	; 0
 8f8:	9f ec       	ldi	r25, 0xCF	; 207
 8fa:	28 96       	adiw	r28, 0x08	; 8
 8fc:	e4 e0       	ldi	r30, 0x04	; 4
 8fe:	0c 94 f6 06 	jmp	0xdec	; 0xdec <__epilogue_restores__+0x1c>

00000902 <__fixsfsi>:
 902:	ac e0       	ldi	r26, 0x0C	; 12
 904:	b0 e0       	ldi	r27, 0x00	; 0
 906:	e7 e8       	ldi	r30, 0x87	; 135
 908:	f4 e0       	ldi	r31, 0x04	; 4
 90a:	0c 94 da 06 	jmp	0xdb4	; 0xdb4 <__prologue_saves__+0x1c>
 90e:	69 87       	std	Y+9, r22	; 0x09
 910:	7a 87       	std	Y+10, r23	; 0x0a
 912:	8b 87       	std	Y+11, r24	; 0x0b
 914:	9c 87       	std	Y+12, r25	; 0x0c
 916:	be 01       	movw	r22, r28
 918:	6f 5f       	subi	r22, 0xFF	; 255
 91a:	7f 4f       	sbci	r23, 0xFF	; 255
 91c:	ce 01       	movw	r24, r28
 91e:	09 96       	adiw	r24, 0x09	; 9
 920:	0e 94 9a 05 	call	0xb34	; 0xb34 <__unpack_f>
 924:	89 81       	ldd	r24, Y+1	; 0x01
 926:	82 30       	cpi	r24, 0x02	; 2
 928:	91 f1       	breq	.+100    	; 0x98e <__fixsfsi+0x8c>
 92a:	82 30       	cpi	r24, 0x02	; 2
 92c:	80 f1       	brcs	.+96     	; 0x98e <__fixsfsi+0x8c>
 92e:	84 30       	cpi	r24, 0x04	; 4
 930:	41 f4       	brne	.+16     	; 0x942 <__fixsfsi+0x40>
 932:	8a 81       	ldd	r24, Y+2	; 0x02
 934:	88 23       	and	r24, r24
 936:	31 f1       	breq	.+76     	; 0x984 <__fixsfsi+0x82>
 938:	00 e0       	ldi	r16, 0x00	; 0
 93a:	10 e0       	ldi	r17, 0x00	; 0
 93c:	20 e0       	ldi	r18, 0x00	; 0
 93e:	30 e8       	ldi	r19, 0x80	; 128
 940:	29 c0       	rjmp	.+82     	; 0x994 <__fixsfsi+0x92>
 942:	2b 81       	ldd	r18, Y+3	; 0x03
 944:	3c 81       	ldd	r19, Y+4	; 0x04
 946:	37 fd       	sbrc	r19, 7
 948:	22 c0       	rjmp	.+68     	; 0x98e <__fixsfsi+0x8c>
 94a:	2f 31       	cpi	r18, 0x1F	; 31
 94c:	31 05       	cpc	r19, r1
 94e:	8c f7       	brge	.-30     	; 0x932 <__fixsfsi+0x30>
 950:	8e e1       	ldi	r24, 0x1E	; 30
 952:	90 e0       	ldi	r25, 0x00	; 0
 954:	82 1b       	sub	r24, r18
 956:	93 0b       	sbc	r25, r19
 958:	0d 81       	ldd	r16, Y+5	; 0x05
 95a:	1e 81       	ldd	r17, Y+6	; 0x06
 95c:	2f 81       	ldd	r18, Y+7	; 0x07
 95e:	38 85       	ldd	r19, Y+8	; 0x08
 960:	04 c0       	rjmp	.+8      	; 0x96a <__fixsfsi+0x68>
 962:	36 95       	lsr	r19
 964:	27 95       	ror	r18
 966:	17 95       	ror	r17
 968:	07 95       	ror	r16
 96a:	8a 95       	dec	r24
 96c:	d2 f7       	brpl	.-12     	; 0x962 <__fixsfsi+0x60>
 96e:	8a 81       	ldd	r24, Y+2	; 0x02
 970:	88 23       	and	r24, r24
 972:	81 f0       	breq	.+32     	; 0x994 <__fixsfsi+0x92>
 974:	30 95       	com	r19
 976:	20 95       	com	r18
 978:	10 95       	com	r17
 97a:	01 95       	neg	r16
 97c:	1f 4f       	sbci	r17, 0xFF	; 255
 97e:	2f 4f       	sbci	r18, 0xFF	; 255
 980:	3f 4f       	sbci	r19, 0xFF	; 255
 982:	08 c0       	rjmp	.+16     	; 0x994 <__fixsfsi+0x92>
 984:	0f ef       	ldi	r16, 0xFF	; 255
 986:	1f ef       	ldi	r17, 0xFF	; 255
 988:	2f ef       	ldi	r18, 0xFF	; 255
 98a:	3f e7       	ldi	r19, 0x7F	; 127
 98c:	03 c0       	rjmp	.+6      	; 0x994 <__fixsfsi+0x92>
 98e:	00 e0       	ldi	r16, 0x00	; 0
 990:	10 e0       	ldi	r17, 0x00	; 0
 992:	98 01       	movw	r18, r16
 994:	b8 01       	movw	r22, r16
 996:	c9 01       	movw	r24, r18
 998:	2c 96       	adiw	r28, 0x0c	; 12
 99a:	e4 e0       	ldi	r30, 0x04	; 4
 99c:	0c 94 f6 06 	jmp	0xdec	; 0xdec <__epilogue_restores__+0x1c>

000009a0 <__pack_f>:
 9a0:	0f 93       	push	r16
 9a2:	1f 93       	push	r17
 9a4:	cf 93       	push	r28
 9a6:	df 93       	push	r29
 9a8:	dc 01       	movw	r26, r24
 9aa:	14 96       	adiw	r26, 0x04	; 4
 9ac:	4d 91       	ld	r20, X+
 9ae:	5d 91       	ld	r21, X+
 9b0:	6d 91       	ld	r22, X+
 9b2:	7c 91       	ld	r23, X
 9b4:	17 97       	sbiw	r26, 0x07	; 7
 9b6:	11 96       	adiw	r26, 0x01	; 1
 9b8:	ec 91       	ld	r30, X
 9ba:	11 97       	sbiw	r26, 0x01	; 1
 9bc:	8c 91       	ld	r24, X
 9be:	82 30       	cpi	r24, 0x02	; 2
 9c0:	20 f4       	brcc	.+8      	; 0x9ca <__pack_f+0x2a>
 9c2:	60 61       	ori	r22, 0x10	; 16
 9c4:	8f ef       	ldi	r24, 0xFF	; 255
 9c6:	90 e0       	ldi	r25, 0x00	; 0
 9c8:	a6 c0       	rjmp	.+332    	; 0xb16 <__stack+0x17>
 9ca:	84 30       	cpi	r24, 0x04	; 4
 9cc:	09 f4       	brne	.+2      	; 0x9d0 <__pack_f+0x30>
 9ce:	9e c0       	rjmp	.+316    	; 0xb0c <__stack+0xd>
 9d0:	82 30       	cpi	r24, 0x02	; 2
 9d2:	09 f4       	brne	.+2      	; 0x9d6 <__pack_f+0x36>
 9d4:	95 c0       	rjmp	.+298    	; 0xb00 <__stack+0x1>
 9d6:	41 15       	cp	r20, r1
 9d8:	51 05       	cpc	r21, r1
 9da:	61 05       	cpc	r22, r1
 9dc:	71 05       	cpc	r23, r1
 9de:	09 f4       	brne	.+2      	; 0x9e2 <__pack_f+0x42>
 9e0:	92 c0       	rjmp	.+292    	; 0xb06 <__stack+0x7>
 9e2:	12 96       	adiw	r26, 0x02	; 2
 9e4:	2d 91       	ld	r18, X+
 9e6:	3c 91       	ld	r19, X
 9e8:	13 97       	sbiw	r26, 0x03	; 3
 9ea:	22 38       	cpi	r18, 0x82	; 130
 9ec:	8f ef       	ldi	r24, 0xFF	; 255
 9ee:	38 07       	cpc	r19, r24
 9f0:	0c f0       	brlt	.+2      	; 0x9f4 <__pack_f+0x54>
 9f2:	58 c0       	rjmp	.+176    	; 0xaa4 <__pack_f+0x104>
 9f4:	c2 e8       	ldi	r28, 0x82	; 130
 9f6:	df ef       	ldi	r29, 0xFF	; 255
 9f8:	c2 1b       	sub	r28, r18
 9fa:	d3 0b       	sbc	r29, r19
 9fc:	ca 31       	cpi	r28, 0x1A	; 26
 9fe:	d1 05       	cpc	r29, r1
 a00:	6c f5       	brge	.+90     	; 0xa5c <__pack_f+0xbc>
 a02:	8a 01       	movw	r16, r20
 a04:	9b 01       	movw	r18, r22
 a06:	0c 2e       	mov	r0, r28
 a08:	04 c0       	rjmp	.+8      	; 0xa12 <__pack_f+0x72>
 a0a:	36 95       	lsr	r19
 a0c:	27 95       	ror	r18
 a0e:	17 95       	ror	r17
 a10:	07 95       	ror	r16
 a12:	0a 94       	dec	r0
 a14:	d2 f7       	brpl	.-12     	; 0xa0a <__pack_f+0x6a>
 a16:	81 e0       	ldi	r24, 0x01	; 1
 a18:	90 e0       	ldi	r25, 0x00	; 0
 a1a:	a0 e0       	ldi	r26, 0x00	; 0
 a1c:	b0 e0       	ldi	r27, 0x00	; 0
 a1e:	0c 2e       	mov	r0, r28
 a20:	04 c0       	rjmp	.+8      	; 0xa2a <__pack_f+0x8a>
 a22:	88 0f       	add	r24, r24
 a24:	99 1f       	adc	r25, r25
 a26:	aa 1f       	adc	r26, r26
 a28:	bb 1f       	adc	r27, r27
 a2a:	0a 94       	dec	r0
 a2c:	d2 f7       	brpl	.-12     	; 0xa22 <__pack_f+0x82>
 a2e:	01 97       	sbiw	r24, 0x01	; 1
 a30:	a1 09       	sbc	r26, r1
 a32:	b1 09       	sbc	r27, r1
 a34:	84 23       	and	r24, r20
 a36:	95 23       	and	r25, r21
 a38:	a6 23       	and	r26, r22
 a3a:	b7 23       	and	r27, r23
 a3c:	41 e0       	ldi	r20, 0x01	; 1
 a3e:	50 e0       	ldi	r21, 0x00	; 0
 a40:	60 e0       	ldi	r22, 0x00	; 0
 a42:	70 e0       	ldi	r23, 0x00	; 0
 a44:	89 2b       	or	r24, r25
 a46:	8a 2b       	or	r24, r26
 a48:	8b 2b       	or	r24, r27
 a4a:	19 f4       	brne	.+6      	; 0xa52 <__pack_f+0xb2>
 a4c:	40 e0       	ldi	r20, 0x00	; 0
 a4e:	50 e0       	ldi	r21, 0x00	; 0
 a50:	ba 01       	movw	r22, r20
 a52:	40 2b       	or	r20, r16
 a54:	51 2b       	or	r21, r17
 a56:	62 2b       	or	r22, r18
 a58:	73 2b       	or	r23, r19
 a5a:	03 c0       	rjmp	.+6      	; 0xa62 <__pack_f+0xc2>
 a5c:	40 e0       	ldi	r20, 0x00	; 0
 a5e:	50 e0       	ldi	r21, 0x00	; 0
 a60:	ba 01       	movw	r22, r20
 a62:	db 01       	movw	r26, r22
 a64:	ca 01       	movw	r24, r20
 a66:	8f 77       	andi	r24, 0x7F	; 127
 a68:	99 27       	eor	r25, r25
 a6a:	aa 27       	eor	r26, r26
 a6c:	bb 27       	eor	r27, r27
 a6e:	80 34       	cpi	r24, 0x40	; 64
 a70:	91 05       	cpc	r25, r1
 a72:	a1 05       	cpc	r26, r1
 a74:	b1 05       	cpc	r27, r1
 a76:	39 f4       	brne	.+14     	; 0xa86 <__pack_f+0xe6>
 a78:	47 ff       	sbrs	r20, 7
 a7a:	09 c0       	rjmp	.+18     	; 0xa8e <__pack_f+0xee>
 a7c:	40 5c       	subi	r20, 0xC0	; 192
 a7e:	5f 4f       	sbci	r21, 0xFF	; 255
 a80:	6f 4f       	sbci	r22, 0xFF	; 255
 a82:	7f 4f       	sbci	r23, 0xFF	; 255
 a84:	04 c0       	rjmp	.+8      	; 0xa8e <__pack_f+0xee>
 a86:	41 5c       	subi	r20, 0xC1	; 193
 a88:	5f 4f       	sbci	r21, 0xFF	; 255
 a8a:	6f 4f       	sbci	r22, 0xFF	; 255
 a8c:	7f 4f       	sbci	r23, 0xFF	; 255
 a8e:	81 e0       	ldi	r24, 0x01	; 1
 a90:	90 e0       	ldi	r25, 0x00	; 0
 a92:	41 15       	cp	r20, r1
 a94:	51 05       	cpc	r21, r1
 a96:	61 05       	cpc	r22, r1
 a98:	20 e4       	ldi	r18, 0x40	; 64
 a9a:	72 07       	cpc	r23, r18
 a9c:	48 f5       	brcc	.+82     	; 0xaf0 <__pack_f+0x150>
 a9e:	80 e0       	ldi	r24, 0x00	; 0
 aa0:	90 e0       	ldi	r25, 0x00	; 0
 aa2:	26 c0       	rjmp	.+76     	; 0xaf0 <__pack_f+0x150>
 aa4:	20 38       	cpi	r18, 0x80	; 128
 aa6:	31 05       	cpc	r19, r1
 aa8:	8c f5       	brge	.+98     	; 0xb0c <__stack+0xd>
 aaa:	db 01       	movw	r26, r22
 aac:	ca 01       	movw	r24, r20
 aae:	8f 77       	andi	r24, 0x7F	; 127
 ab0:	99 27       	eor	r25, r25
 ab2:	aa 27       	eor	r26, r26
 ab4:	bb 27       	eor	r27, r27
 ab6:	80 34       	cpi	r24, 0x40	; 64
 ab8:	91 05       	cpc	r25, r1
 aba:	a1 05       	cpc	r26, r1
 abc:	b1 05       	cpc	r27, r1
 abe:	39 f4       	brne	.+14     	; 0xace <__pack_f+0x12e>
 ac0:	47 ff       	sbrs	r20, 7
 ac2:	09 c0       	rjmp	.+18     	; 0xad6 <__pack_f+0x136>
 ac4:	40 5c       	subi	r20, 0xC0	; 192
 ac6:	5f 4f       	sbci	r21, 0xFF	; 255
 ac8:	6f 4f       	sbci	r22, 0xFF	; 255
 aca:	7f 4f       	sbci	r23, 0xFF	; 255
 acc:	04 c0       	rjmp	.+8      	; 0xad6 <__pack_f+0x136>
 ace:	41 5c       	subi	r20, 0xC1	; 193
 ad0:	5f 4f       	sbci	r21, 0xFF	; 255
 ad2:	6f 4f       	sbci	r22, 0xFF	; 255
 ad4:	7f 4f       	sbci	r23, 0xFF	; 255
 ad6:	77 fd       	sbrc	r23, 7
 ad8:	04 c0       	rjmp	.+8      	; 0xae2 <__pack_f+0x142>
 ada:	c9 01       	movw	r24, r18
 adc:	81 58       	subi	r24, 0x81	; 129
 ade:	9f 4f       	sbci	r25, 0xFF	; 255
 ae0:	07 c0       	rjmp	.+14     	; 0xaf0 <__pack_f+0x150>
 ae2:	76 95       	lsr	r23
 ae4:	67 95       	ror	r22
 ae6:	57 95       	ror	r21
 ae8:	47 95       	ror	r20
 aea:	c9 01       	movw	r24, r18
 aec:	80 58       	subi	r24, 0x80	; 128
 aee:	9f 4f       	sbci	r25, 0xFF	; 255
 af0:	97 e0       	ldi	r25, 0x07	; 7
 af2:	76 95       	lsr	r23
 af4:	67 95       	ror	r22
 af6:	57 95       	ror	r21
 af8:	47 95       	ror	r20
 afa:	9a 95       	dec	r25
 afc:	d1 f7       	brne	.-12     	; 0xaf2 <__pack_f+0x152>
 afe:	0b c0       	rjmp	.+22     	; 0xb16 <__stack+0x17>
 b00:	80 e0       	ldi	r24, 0x00	; 0
 b02:	90 e0       	ldi	r25, 0x00	; 0
 b04:	05 c0       	rjmp	.+10     	; 0xb10 <__stack+0x11>
 b06:	80 e0       	ldi	r24, 0x00	; 0
 b08:	90 e0       	ldi	r25, 0x00	; 0
 b0a:	05 c0       	rjmp	.+10     	; 0xb16 <__stack+0x17>
 b0c:	8f ef       	ldi	r24, 0xFF	; 255
 b0e:	90 e0       	ldi	r25, 0x00	; 0
 b10:	40 e0       	ldi	r20, 0x00	; 0
 b12:	50 e0       	ldi	r21, 0x00	; 0
 b14:	ba 01       	movw	r22, r20
 b16:	98 2f       	mov	r25, r24
 b18:	96 95       	lsr	r25
 b1a:	e0 fb       	bst	r30, 0
 b1c:	97 f9       	bld	r25, 7
 b1e:	36 2f       	mov	r19, r22
 b20:	80 fb       	bst	r24, 0
 b22:	37 f9       	bld	r19, 7
 b24:	64 2f       	mov	r22, r20
 b26:	75 2f       	mov	r23, r21
 b28:	83 2f       	mov	r24, r19
 b2a:	df 91       	pop	r29
 b2c:	cf 91       	pop	r28
 b2e:	1f 91       	pop	r17
 b30:	0f 91       	pop	r16
 b32:	08 95       	ret

00000b34 <__unpack_f>:
 b34:	cf 92       	push	r12
 b36:	df 92       	push	r13
 b38:	ef 92       	push	r14
 b3a:	dc 01       	movw	r26, r24
 b3c:	fb 01       	movw	r30, r22
 b3e:	cc 90       	ld	r12, X
 b40:	11 96       	adiw	r26, 0x01	; 1
 b42:	dc 90       	ld	r13, X
 b44:	11 97       	sbiw	r26, 0x01	; 1
 b46:	12 96       	adiw	r26, 0x02	; 2
 b48:	8c 91       	ld	r24, X
 b4a:	12 97       	sbiw	r26, 0x02	; 2
 b4c:	3f e7       	ldi	r19, 0x7F	; 127
 b4e:	e3 2e       	mov	r14, r19
 b50:	e8 22       	and	r14, r24
 b52:	6e 2d       	mov	r22, r14
 b54:	a6 01       	movw	r20, r12
 b56:	70 e0       	ldi	r23, 0x00	; 0
 b58:	98 2f       	mov	r25, r24
 b5a:	99 1f       	adc	r25, r25
 b5c:	99 27       	eor	r25, r25
 b5e:	99 1f       	adc	r25, r25
 b60:	13 96       	adiw	r26, 0x03	; 3
 b62:	2c 91       	ld	r18, X
 b64:	82 2f       	mov	r24, r18
 b66:	88 0f       	add	r24, r24
 b68:	89 2b       	or	r24, r25
 b6a:	90 e0       	ldi	r25, 0x00	; 0
 b6c:	27 fb       	bst	r18, 7
 b6e:	22 27       	eor	r18, r18
 b70:	20 f9       	bld	r18, 0
 b72:	21 83       	std	Z+1, r18	; 0x01
 b74:	00 97       	sbiw	r24, 0x00	; 0
 b76:	29 f5       	brne	.+74     	; 0xbc2 <__unpack_f+0x8e>
 b78:	41 15       	cp	r20, r1
 b7a:	51 05       	cpc	r21, r1
 b7c:	61 05       	cpc	r22, r1
 b7e:	71 05       	cpc	r23, r1
 b80:	11 f4       	brne	.+4      	; 0xb86 <__unpack_f+0x52>
 b82:	82 e0       	ldi	r24, 0x02	; 2
 b84:	27 c0       	rjmp	.+78     	; 0xbd4 <__unpack_f+0xa0>
 b86:	82 e8       	ldi	r24, 0x82	; 130
 b88:	9f ef       	ldi	r25, 0xFF	; 255
 b8a:	93 83       	std	Z+3, r25	; 0x03
 b8c:	82 83       	std	Z+2, r24	; 0x02
 b8e:	27 e0       	ldi	r18, 0x07	; 7
 b90:	44 0f       	add	r20, r20
 b92:	55 1f       	adc	r21, r21
 b94:	66 1f       	adc	r22, r22
 b96:	77 1f       	adc	r23, r23
 b98:	2a 95       	dec	r18
 b9a:	d1 f7       	brne	.-12     	; 0xb90 <__unpack_f+0x5c>
 b9c:	83 e0       	ldi	r24, 0x03	; 3
 b9e:	80 83       	st	Z, r24
 ba0:	09 c0       	rjmp	.+18     	; 0xbb4 <__unpack_f+0x80>
 ba2:	44 0f       	add	r20, r20
 ba4:	55 1f       	adc	r21, r21
 ba6:	66 1f       	adc	r22, r22
 ba8:	77 1f       	adc	r23, r23
 baa:	82 81       	ldd	r24, Z+2	; 0x02
 bac:	93 81       	ldd	r25, Z+3	; 0x03
 bae:	01 97       	sbiw	r24, 0x01	; 1
 bb0:	93 83       	std	Z+3, r25	; 0x03
 bb2:	82 83       	std	Z+2, r24	; 0x02
 bb4:	41 15       	cp	r20, r1
 bb6:	51 05       	cpc	r21, r1
 bb8:	61 05       	cpc	r22, r1
 bba:	80 e4       	ldi	r24, 0x40	; 64
 bbc:	78 07       	cpc	r23, r24
 bbe:	88 f3       	brcs	.-30     	; 0xba2 <__unpack_f+0x6e>
 bc0:	20 c0       	rjmp	.+64     	; 0xc02 <__unpack_f+0xce>
 bc2:	8f 3f       	cpi	r24, 0xFF	; 255
 bc4:	91 05       	cpc	r25, r1
 bc6:	79 f4       	brne	.+30     	; 0xbe6 <__unpack_f+0xb2>
 bc8:	41 15       	cp	r20, r1
 bca:	51 05       	cpc	r21, r1
 bcc:	61 05       	cpc	r22, r1
 bce:	71 05       	cpc	r23, r1
 bd0:	19 f4       	brne	.+6      	; 0xbd8 <__unpack_f+0xa4>
 bd2:	84 e0       	ldi	r24, 0x04	; 4
 bd4:	80 83       	st	Z, r24
 bd6:	19 c0       	rjmp	.+50     	; 0xc0a <__unpack_f+0xd6>
 bd8:	e4 fe       	sbrs	r14, 4
 bda:	03 c0       	rjmp	.+6      	; 0xbe2 <__unpack_f+0xae>
 bdc:	81 e0       	ldi	r24, 0x01	; 1
 bde:	80 83       	st	Z, r24
 be0:	10 c0       	rjmp	.+32     	; 0xc02 <__unpack_f+0xce>
 be2:	10 82       	st	Z, r1
 be4:	0e c0       	rjmp	.+28     	; 0xc02 <__unpack_f+0xce>
 be6:	8f 57       	subi	r24, 0x7F	; 127
 be8:	91 09       	sbc	r25, r1
 bea:	93 83       	std	Z+3, r25	; 0x03
 bec:	82 83       	std	Z+2, r24	; 0x02
 bee:	83 e0       	ldi	r24, 0x03	; 3
 bf0:	80 83       	st	Z, r24
 bf2:	87 e0       	ldi	r24, 0x07	; 7
 bf4:	44 0f       	add	r20, r20
 bf6:	55 1f       	adc	r21, r21
 bf8:	66 1f       	adc	r22, r22
 bfa:	77 1f       	adc	r23, r23
 bfc:	8a 95       	dec	r24
 bfe:	d1 f7       	brne	.-12     	; 0xbf4 <__unpack_f+0xc0>
 c00:	70 64       	ori	r23, 0x40	; 64
 c02:	44 83       	std	Z+4, r20	; 0x04
 c04:	55 83       	std	Z+5, r21	; 0x05
 c06:	66 83       	std	Z+6, r22	; 0x06
 c08:	77 83       	std	Z+7, r23	; 0x07
 c0a:	ef 90       	pop	r14
 c0c:	df 90       	pop	r13
 c0e:	cf 90       	pop	r12
 c10:	08 95       	ret

00000c12 <__fpcmp_parts_f>:
 c12:	cf 93       	push	r28
 c14:	fc 01       	movw	r30, r24
 c16:	db 01       	movw	r26, r22
 c18:	90 81       	ld	r25, Z
 c1a:	92 30       	cpi	r25, 0x02	; 2
 c1c:	08 f4       	brcc	.+2      	; 0xc20 <__fpcmp_parts_f+0xe>
 c1e:	52 c0       	rjmp	.+164    	; 0xcc4 <__fpcmp_parts_f+0xb2>
 c20:	8c 91       	ld	r24, X
 c22:	82 30       	cpi	r24, 0x02	; 2
 c24:	08 f4       	brcc	.+2      	; 0xc28 <__fpcmp_parts_f+0x16>
 c26:	4e c0       	rjmp	.+156    	; 0xcc4 <__fpcmp_parts_f+0xb2>
 c28:	94 30       	cpi	r25, 0x04	; 4
 c2a:	71 f4       	brne	.+28     	; 0xc48 <__fpcmp_parts_f+0x36>
 c2c:	84 30       	cpi	r24, 0x04	; 4
 c2e:	39 f4       	brne	.+14     	; 0xc3e <__fpcmp_parts_f+0x2c>
 c30:	11 96       	adiw	r26, 0x01	; 1
 c32:	2c 91       	ld	r18, X
 c34:	30 e0       	ldi	r19, 0x00	; 0
 c36:	81 81       	ldd	r24, Z+1	; 0x01
 c38:	28 1b       	sub	r18, r24
 c3a:	31 09       	sbc	r19, r1
 c3c:	48 c0       	rjmp	.+144    	; 0xcce <__fpcmp_parts_f+0xbc>
 c3e:	81 81       	ldd	r24, Z+1	; 0x01
 c40:	88 23       	and	r24, r24
 c42:	09 f4       	brne	.+2      	; 0xc46 <__fpcmp_parts_f+0x34>
 c44:	3f c0       	rjmp	.+126    	; 0xcc4 <__fpcmp_parts_f+0xb2>
 c46:	3b c0       	rjmp	.+118    	; 0xcbe <__fpcmp_parts_f+0xac>
 c48:	84 30       	cpi	r24, 0x04	; 4
 c4a:	29 f4       	brne	.+10     	; 0xc56 <__fpcmp_parts_f+0x44>
 c4c:	11 96       	adiw	r26, 0x01	; 1
 c4e:	8c 91       	ld	r24, X
 c50:	81 11       	cpse	r24, r1
 c52:	38 c0       	rjmp	.+112    	; 0xcc4 <__fpcmp_parts_f+0xb2>
 c54:	34 c0       	rjmp	.+104    	; 0xcbe <__fpcmp_parts_f+0xac>
 c56:	92 30       	cpi	r25, 0x02	; 2
 c58:	19 f4       	brne	.+6      	; 0xc60 <__fpcmp_parts_f+0x4e>
 c5a:	82 30       	cpi	r24, 0x02	; 2
 c5c:	b9 f7       	brne	.-18     	; 0xc4c <__fpcmp_parts_f+0x3a>
 c5e:	35 c0       	rjmp	.+106    	; 0xcca <__fpcmp_parts_f+0xb8>
 c60:	82 30       	cpi	r24, 0x02	; 2
 c62:	69 f3       	breq	.-38     	; 0xc3e <__fpcmp_parts_f+0x2c>
 c64:	c1 81       	ldd	r28, Z+1	; 0x01
 c66:	11 96       	adiw	r26, 0x01	; 1
 c68:	8c 91       	ld	r24, X
 c6a:	11 97       	sbiw	r26, 0x01	; 1
 c6c:	c8 13       	cpse	r28, r24
 c6e:	1d c0       	rjmp	.+58     	; 0xcaa <__fpcmp_parts_f+0x98>
 c70:	22 81       	ldd	r18, Z+2	; 0x02
 c72:	33 81       	ldd	r19, Z+3	; 0x03
 c74:	12 96       	adiw	r26, 0x02	; 2
 c76:	8d 91       	ld	r24, X+
 c78:	9c 91       	ld	r25, X
 c7a:	13 97       	sbiw	r26, 0x03	; 3
 c7c:	82 17       	cp	r24, r18
 c7e:	93 07       	cpc	r25, r19
 c80:	0c f4       	brge	.+2      	; 0xc84 <__fpcmp_parts_f+0x72>
 c82:	13 c0       	rjmp	.+38     	; 0xcaa <__fpcmp_parts_f+0x98>
 c84:	28 17       	cp	r18, r24
 c86:	39 07       	cpc	r19, r25
 c88:	0c f4       	brge	.+2      	; 0xc8c <__fpcmp_parts_f+0x7a>
 c8a:	17 c0       	rjmp	.+46     	; 0xcba <__fpcmp_parts_f+0xa8>
 c8c:	44 81       	ldd	r20, Z+4	; 0x04
 c8e:	55 81       	ldd	r21, Z+5	; 0x05
 c90:	66 81       	ldd	r22, Z+6	; 0x06
 c92:	77 81       	ldd	r23, Z+7	; 0x07
 c94:	14 96       	adiw	r26, 0x04	; 4
 c96:	8d 91       	ld	r24, X+
 c98:	9d 91       	ld	r25, X+
 c9a:	0d 90       	ld	r0, X+
 c9c:	bc 91       	ld	r27, X
 c9e:	a0 2d       	mov	r26, r0
 ca0:	84 17       	cp	r24, r20
 ca2:	95 07       	cpc	r25, r21
 ca4:	a6 07       	cpc	r26, r22
 ca6:	b7 07       	cpc	r27, r23
 ca8:	18 f4       	brcc	.+6      	; 0xcb0 <__fpcmp_parts_f+0x9e>
 caa:	c1 11       	cpse	r28, r1
 cac:	08 c0       	rjmp	.+16     	; 0xcbe <__fpcmp_parts_f+0xac>
 cae:	0a c0       	rjmp	.+20     	; 0xcc4 <__fpcmp_parts_f+0xb2>
 cb0:	48 17       	cp	r20, r24
 cb2:	59 07       	cpc	r21, r25
 cb4:	6a 07       	cpc	r22, r26
 cb6:	7b 07       	cpc	r23, r27
 cb8:	40 f4       	brcc	.+16     	; 0xcca <__fpcmp_parts_f+0xb8>
 cba:	c1 11       	cpse	r28, r1
 cbc:	03 c0       	rjmp	.+6      	; 0xcc4 <__fpcmp_parts_f+0xb2>
 cbe:	2f ef       	ldi	r18, 0xFF	; 255
 cc0:	3f ef       	ldi	r19, 0xFF	; 255
 cc2:	05 c0       	rjmp	.+10     	; 0xcce <__fpcmp_parts_f+0xbc>
 cc4:	21 e0       	ldi	r18, 0x01	; 1
 cc6:	30 e0       	ldi	r19, 0x00	; 0
 cc8:	02 c0       	rjmp	.+4      	; 0xcce <__fpcmp_parts_f+0xbc>
 cca:	20 e0       	ldi	r18, 0x00	; 0
 ccc:	30 e0       	ldi	r19, 0x00	; 0
 cce:	c9 01       	movw	r24, r18
 cd0:	cf 91       	pop	r28
 cd2:	08 95       	ret

00000cd4 <main>:
 cd4:	10 ba       	out	0x10, r1	; 16
 cd6:	11 ba       	out	0x11, r1	; 17
 cd8:	8f ef       	ldi	r24, 0xFF	; 255
 cda:	84 b9       	out	0x04, r24	; 4
 cdc:	15 b8       	out	0x05, r1	; 5
 cde:	84 b5       	in	r24, 0x24	; 36
 ce0:	83 68       	ori	r24, 0x83	; 131
 ce2:	84 bd       	out	0x24, r24	; 36
 ce4:	80 91 6f 00 	lds	r24, 0x006F
 ce8:	81 60       	ori	r24, 0x01	; 1
 cea:	80 93 6f 00 	sts	0x006F, r24
 cee:	80 91 7a 00 	lds	r24, 0x007A
 cf2:	87 60       	ori	r24, 0x07	; 7
 cf4:	80 93 7a 00 	sts	0x007A, r24
 cf8:	80 91 7c 00 	lds	r24, 0x007C
 cfc:	80 64       	ori	r24, 0x40	; 64
 cfe:	80 93 7c 00 	sts	0x007C, r24
 d02:	80 91 7a 00 	lds	r24, 0x007A
 d06:	80 68       	ori	r24, 0x80	; 128
 d08:	80 93 7a 00 	sts	0x007A, r24
 d0c:	78 94       	sei
 d0e:	85 b5       	in	r24, 0x25	; 37
 d10:	83 60       	ori	r24, 0x03	; 3
 d12:	85 bd       	out	0x25, r24	; 37
 d14:	80 91 7a 00 	lds	r24, 0x007A
 d18:	80 64       	ori	r24, 0x40	; 64
 d1a:	80 93 7a 00 	sts	0x007A, r24
 d1e:	80 91 7a 00 	lds	r24, 0x007A
 d22:	80 64       	ori	r24, 0x40	; 64
 d24:	80 93 7a 00 	sts	0x007A, r24
 d28:	80 91 78 00 	lds	r24, 0x0078
 d2c:	90 91 79 00 	lds	r25, 0x0079
 d30:	d9 2f       	mov	r29, r25
 d32:	90 e0       	ldi	r25, 0x00	; 0
 d34:	c9 2f       	mov	r28, r25
 d36:	be 01       	movw	r22, r28
 d38:	68 0f       	add	r22, r24
 d3a:	71 1d       	adc	r23, r1
 d3c:	88 27       	eor	r24, r24
 d3e:	77 fd       	sbrc	r23, 7
 d40:	80 95       	com	r24
 d42:	98 2f       	mov	r25, r24
 d44:	0e 94 25 04 	call	0x84a	; 0x84a <__floatsisf>
 d48:	60 93 08 01 	sts	0x0108, r22
 d4c:	70 93 09 01 	sts	0x0109, r23
 d50:	80 93 0a 01 	sts	0x010A, r24
 d54:	90 93 0b 01 	sts	0x010B, r25
 d58:	60 91 08 01 	lds	r22, 0x0108
 d5c:	70 91 09 01 	lds	r23, 0x0109
 d60:	80 91 0a 01 	lds	r24, 0x010A
 d64:	90 91 0b 01 	lds	r25, 0x010B
 d68:	20 e0       	ldi	r18, 0x00	; 0
 d6a:	30 ec       	ldi	r19, 0xC0	; 192
 d6c:	4f e7       	ldi	r20, 0x7F	; 127
 d6e:	54 e4       	ldi	r21, 0x44	; 68
 d70:	0e 94 53 03 	call	0x6a6	; 0x6a6 <__divsf3>
 d74:	20 e0       	ldi	r18, 0x00	; 0
 d76:	30 e0       	ldi	r19, 0x00	; 0
 d78:	40 e8       	ldi	r20, 0x80	; 128
 d7a:	53 e4       	ldi	r21, 0x43	; 67
 d7c:	0e 94 6e 02 	call	0x4dc	; 0x4dc <__mulsf3>
 d80:	0e 94 89 00 	call	0x112	; 0x112 <__fixunssfsi>
 d84:	67 bd       	out	0x27, r22	; 39
 d86:	10 92 08 01 	sts	0x0108, r1
 d8a:	10 92 09 01 	sts	0x0109, r1
 d8e:	10 92 0a 01 	sts	0x010A, r1
 d92:	10 92 0b 01 	sts	0x010B, r1
 d96:	c3 cf       	rjmp	.-122    	; 0xd1e <main+0x4a>

00000d98 <__prologue_saves__>:
 d98:	2f 92       	push	r2
 d9a:	3f 92       	push	r3
 d9c:	4f 92       	push	r4
 d9e:	5f 92       	push	r5
 da0:	6f 92       	push	r6
 da2:	7f 92       	push	r7
 da4:	8f 92       	push	r8
 da6:	9f 92       	push	r9
 da8:	af 92       	push	r10
 daa:	bf 92       	push	r11
 dac:	cf 92       	push	r12
 dae:	df 92       	push	r13
 db0:	ef 92       	push	r14
 db2:	ff 92       	push	r15
 db4:	0f 93       	push	r16
 db6:	1f 93       	push	r17
 db8:	cf 93       	push	r28
 dba:	df 93       	push	r29
 dbc:	cd b7       	in	r28, 0x3d	; 61
 dbe:	de b7       	in	r29, 0x3e	; 62
 dc0:	ca 1b       	sub	r28, r26
 dc2:	db 0b       	sbc	r29, r27
 dc4:	0f b6       	in	r0, 0x3f	; 63
 dc6:	f8 94       	cli
 dc8:	de bf       	out	0x3e, r29	; 62
 dca:	0f be       	out	0x3f, r0	; 63
 dcc:	cd bf       	out	0x3d, r28	; 61
 dce:	09 94       	ijmp

00000dd0 <__epilogue_restores__>:
 dd0:	2a 88       	ldd	r2, Y+18	; 0x12
 dd2:	39 88       	ldd	r3, Y+17	; 0x11
 dd4:	48 88       	ldd	r4, Y+16	; 0x10
 dd6:	5f 84       	ldd	r5, Y+15	; 0x0f
 dd8:	6e 84       	ldd	r6, Y+14	; 0x0e
 dda:	7d 84       	ldd	r7, Y+13	; 0x0d
 ddc:	8c 84       	ldd	r8, Y+12	; 0x0c
 dde:	9b 84       	ldd	r9, Y+11	; 0x0b
 de0:	aa 84       	ldd	r10, Y+10	; 0x0a
 de2:	b9 84       	ldd	r11, Y+9	; 0x09
 de4:	c8 84       	ldd	r12, Y+8	; 0x08
 de6:	df 80       	ldd	r13, Y+7	; 0x07
 de8:	ee 80       	ldd	r14, Y+6	; 0x06
 dea:	fd 80       	ldd	r15, Y+5	; 0x05
 dec:	0c 81       	ldd	r16, Y+4	; 0x04
 dee:	1b 81       	ldd	r17, Y+3	; 0x03
 df0:	aa 81       	ldd	r26, Y+2	; 0x02
 df2:	b9 81       	ldd	r27, Y+1	; 0x01
 df4:	ce 0f       	add	r28, r30
 df6:	d1 1d       	adc	r29, r1
 df8:	0f b6       	in	r0, 0x3f	; 63
 dfa:	f8 94       	cli
 dfc:	de bf       	out	0x3e, r29	; 62
 dfe:	0f be       	out	0x3f, r0	; 63
 e00:	cd bf       	out	0x3d, r28	; 61
 e02:	ed 01       	movw	r28, r26
 e04:	08 95       	ret

00000e06 <__clzsi2>:
 e06:	0e 94 0c 07 	call	0xe18	; 0xe18 <__clzhi2>
 e0a:	84 ff       	sbrs	r24, 4
 e0c:	08 95       	ret
 e0e:	cb 01       	movw	r24, r22
 e10:	0e 94 0c 07 	call	0xe18	; 0xe18 <__clzhi2>
 e14:	80 5f       	subi	r24, 0xF0	; 240
 e16:	08 95       	ret

00000e18 <__clzhi2>:
 e18:	aa 27       	eor	r26, r26
 e1a:	99 23       	and	r25, r25
 e1c:	29 f4       	brne	.+10     	; 0xe28 <__clzhi2+0x10>
 e1e:	a8 5f       	subi	r26, 0xF8	; 248
 e20:	98 2b       	or	r25, r24
 e22:	11 f4       	brne	.+4      	; 0xe28 <__clzhi2+0x10>
 e24:	80 e1       	ldi	r24, 0x10	; 16
 e26:	08 95       	ret
 e28:	90 31       	cpi	r25, 0x10	; 16
 e2a:	18 f4       	brcc	.+6      	; 0xe32 <__clzhi2+0x1a>
 e2c:	ad 5f       	subi	r26, 0xFD	; 253
 e2e:	92 95       	swap	r25
 e30:	a3 95       	inc	r26
 e32:	99 0f       	add	r25, r25
 e34:	e8 f7       	brcc	.-6      	; 0xe30 <__clzhi2+0x18>
 e36:	8a 2f       	mov	r24, r26
 e38:	99 27       	eor	r25, r25
 e3a:	08 95       	ret

00000e3c <_exit>:
 e3c:	f8 94       	cli

00000e3e <__stop_program>:
 e3e:	ff cf       	rjmp	.-2      	; 0xe3e <__stop_program>
