C51 COMPILER V9.52.0.0   MAIN                                                              09/21/2014 16:09:57 PAGE 1   


C51 COMPILER V9.52.0.0, COMPILATION OF MODULE MAIN
OBJECT MODULE PLACED IN .\main.obj
COMPILER INVOKED BY: C:\Keil\C51\BIN\C51.exe Z:\home\aloo\Documents\Acads\Sem5\EE337 Microprocessors Lab\Exp8\exp8hw\mai
                    -n.c BROWSE DEBUG OBJECTEXTEND PRINT(.\main.lst) TABS(2) OBJECT(.\main.obj)

line level    source

   1          #include <regx51.h>
   2          #include "lcd.h"
   3          #include <stdio.h>
   4          
   5          code unsigned char dayData[]={0x37,0x43,0x14,4,0x24,5,0x54};
   6          char temp[3];
   7          
   8          int main() {
   9   1        init_lcd();
  10   1        lcd_command(LCD_first);
  11   1        switch(dayData[3]) {
  12   2          case 1: lcd_string("MON"); break;
  13   2          case 2: lcd_string("TUE"); break;
  14   2          case 3: lcd_string("WED"); break;
  15   2          case 4: lcd_string("THU"); break;
  16   2          case 5: lcd_string("FRI"); break;
  17   2          case 6: lcd_string("SAT"); break;
  18   2          case 7: lcd_string("SUN"); break;
  19   2        }
  20   1        lcd_string(" ");
  21   1        sprintf(temp,"%x",dayData[4]);
  22   1        temp[2]='\0';
  23   1        lcd_string(temp);
  24   1        lcd_string(" ");
  25   1        switch(dayData[5]) {
  26   2          case 1: lcd_string("JAN"); break;
  27   2          case 2: lcd_string("FEB"); break;
  28   2          case 3: lcd_string("MAR"); break;
  29   2          case 4: lcd_string("APR"); break;
  30   2          case 5: lcd_string("MAY"); break;
  31   2          case 6: lcd_string("JUN"); break;
  32   2          case 7: lcd_string("JUL"); break;
  33   2          case 8: lcd_string("AUG"); break;
  34   2          case 9: lcd_string("SEP"); break;
  35   2          case 10: lcd_string("OCT"); break;
  36   2          case 11: lcd_string("NOV"); break;
  37   2          case 12: lcd_string("DEC"); break;
  38   2        }
  39   1        lcd_string(" 20");
  40   1        sprintf(temp,"%x",dayData[6]);
  41   1        temp[2]='\0';
  42   1        lcd_string(temp);
  43   1        
  44   1        lcd_command(LCD_last+4);
  45   1        
  46   1        sprintf(temp,"%x",dayData[2]);
  47   1        temp[2]='\0';
  48   1        lcd_string(temp);
  49   1        
  50   1        lcd_string(":");
  51   1        sprintf(temp,"%x",dayData[1]);
  52   1        temp[2]='\0';
  53   1        lcd_string(temp);
  54   1        
C51 COMPILER V9.52.0.0   MAIN                                                              09/21/2014 16:09:57 PAGE 2   

  55   1        lcd_string(":");
  56   1        sprintf(temp,"%x",dayData[0]);
  57   1        temp[2]='\0';
  58   1        lcd_string(temp);
  59   1        
  60   1        while(1);
  61   1      }


MODULE INFORMATION:   STATIC OVERLAYABLE
   CODE SIZE        =    508    ----
   CONSTANT SIZE    =     94    ----
   XDATA SIZE       =   ----    ----
   PDATA SIZE       =   ----    ----
   DATA SIZE        =      3    ----
   IDATA SIZE       =   ----    ----
   BIT SIZE         =   ----    ----
END OF MODULE INFORMATION.


C51 COMPILATION COMPLETE.  0 WARNING(S),  0 ERROR(S)
