C51 COMPILER V9.52.0.0   MAIN                                                              09/23/2014 13:44:34 PAGE 1   


C51 COMPILER V9.52.0.0, COMPILATION OF MODULE MAIN
OBJECT MODULE PLACED IN Z:\home\aloo\Documents\Acads\Sem5\EE337 Microprocessors Lab\Exp8\exp8q2\main.obj
COMPILER INVOKED BY: C:\Keil\C51\BIN\C51.exe C:\users\aloo\My Documents\Documents\Acads\Sem5\EE337 Microprocessors Lab\E
                    -xp8\exp8q2\main.c BROWSE DEBUG OBJECTEXTEND PRINT(.\main.lst) TABS(2) OBJECT(Z:\home\aloo\Documents\Acads\Sem5\EE337 Mic
                    -roprocessors Lab\Exp8\exp8q2\main.obj)

line level    source

   1          #include <regx51.h>
   2          #include "delay.h"
   3          #include "watch.h"
   4          #include "lcd.h"
   5          
   6          _watch_state watch_state;
   7          
   8          int main() {
   9   1        init_lcd();
  10   1        init_watch(&watch_state);
  11   1        disp_watch(&watch_state);
  12   1        P1 = 0x0F;                    // LEDs as outputs, switches as inputs.
  13   1        while(1) {
  14   2          update_watch(&watch_state);
  15   2          disp_watch(&watch_state);
  16   2        }
  17   1      }


MODULE INFORMATION:   STATIC OVERLAYABLE
   CODE SIZE        =     44    ----
   CONSTANT SIZE    =   ----    ----
   XDATA SIZE       =   ----    ----
   PDATA SIZE       =   ----    ----
   DATA SIZE        =      8    ----
   IDATA SIZE       =   ----    ----
   BIT SIZE         =   ----    ----
END OF MODULE INFORMATION.


C51 COMPILATION COMPLETE.  0 WARNING(S),  0 ERROR(S)
