C51 COMPILER V9.52.0.0   WATCH                                                             09/23/2014 14:04:42 PAGE 1   


C51 COMPILER V9.52.0.0, COMPILATION OF MODULE WATCH
OBJECT MODULE PLACED IN Z:\home\aloo\Documents\Acads\Sem5\EE337 Microprocessors Lab\Exp8\exp8q2\watch.obj
COMPILER INVOKED BY: C:\Keil\C51\BIN\C51.exe watch.c BROWSE DEBUG OBJECTEXTEND TABS(2) OBJECT(Z:\home\aloo\Documents\Aca
                    -ds\Sem5\EE337 Microprocessors Lab\Exp8\exp8q2\watch.obj)

line level    source

   1          #include "lcd.h"
   2          #include "watch.h"
   3          
   4          #define _DIFF LCD_last-LCD_first
   5          
   6          typedef unsigned char uchar;
   7          
   8          int dayData[]={0x15,0x15,0x14,4,0x24,5,0x54};
   9          code int maxDayData[]={0x59,0x59,0x23,7,0x24,12,0x99};
  10          code int minDayData[]={0,0,0,1,1,1,0};
  11          code int daysInAMonth[]={31, 28, 31, 30, 31, 30, 31, 31, 30, 31, 30, 31};
  12          code uchar* days[]={"MON", "TUE", "WED", "THU", "FRI", "SAT", "SUN"};
  13          code uchar* months[]={"JAN", "FEB", "MAR", "APR", "MAY", "JUN", "JUL", "AUG", "SEP", "OCT", "NOV", "DEC"};
  14          code uchar first_offsets[]={0, 5, 8, 12, _DIFF+4, _DIFF+7, _DIFF+10};
  15          code uchar lengths[]={3, 2, 3, 4, 2, 2, 2};
  16          
  17          char temp[3];
  18          
  19          void init_watch(_watch_state* watch_state) {
  20   1        watch_state->state=-1;
  21   1        watch_state->disapp=0;
  22   1        watch_state->oldModePin=mode;
  23   1        watch_state->oldIncPin=inc;
  24   1      }
  25          
  26          void disp_watch(_watch_state* watch_state) {
  27   1        int index;
  28   1        lcd_command(LCD_first);
  29   1        lcd_string(days[dayData[3]-1]);
  30   1        lcd_string(", ");
  31   1        sprintf(temp,"%x",dayData[4]);
  32   1        temp[2]='\0';
  33   1        lcd_string(temp);
  34   1        lcd_string(" ");
  35   1        lcd_string(months[dayData[5]-1]);
  36   1        lcd_string(" 20");
  37   1        sprintf(temp,"%x",dayData[6]);
  38   1        temp[2]='\0';
  39   1        lcd_string(temp);
  40   1        
  41   1        lcd_command(LCD_last+4);
  42   1        
  43   1        sprintf(temp,"%x",dayData[2]);
  44   1        temp[2]='\0';
  45   1        lcd_string(temp);
  46   1        
  47   1        lcd_string(":");
  48   1        sprintf(temp,"%x",dayData[1]);
  49   1        temp[2]='\0';
  50   1        lcd_string(temp);
  51   1        
  52   1        lcd_string(":");
  53   1        sprintf(temp,"%x",dayData[0]);
  54   1        temp[2]='\0';
C51 COMPILER V9.52.0.0   WATCH                                                             09/23/2014 14:04:42 PAGE 2   

  55   1        lcd_string(temp);
  56   1        
  57   1        if(watch_state->state != -1) {
  58   2          if(watch_state->disapp == 1) {
  59   3            lcd_command(LCD_first+first_offsets[watch_state->state]);
  60   3            for(index=0;index<lengths[watch_state->state];index++) {
  61   4              lcd_string(" ");
  62   4            }
  63   3          }
  64   2        }
  65   1      }
  66          
  67          void update_watch(_watch_state* watch_state) {
  68   1        int index;
  69   1        if(watch_state->oldModePin!=mode) {
  70   2          watch_state->state=(watch_state->state+1>6)?-1:watch_state->state+1;
  71   2          watch_state->oldModePin=mode;
  72   2        }
  73   1        watch_state->disapp=1-watch_state->disapp;
  74   1        for(index=0;index<MS;index++) {
  75   2          if(watch_state->oldIncPin!=inc) {
  76   3            if(watch_state->state!=4) {
  77   4              dayData[watch_state->state]=(dayData[watch_state->state]+1>maxDayData[watch_state->state])?minDayData[
             -watch_state->state]:dayData[watch_state->state]+1;
  78   4            }
  79   3            else {
  80   4              dayData[4]=(dayData[5]!=2)?daysInAMonth[dayData[5]]:((dayData[6]%4==0)?29:28);
  81   4            }
  82   3            watch_state->oldIncPin=inc;
  83   3            break;
  84   3          }
  85   2        }
  86   1      }


MODULE INFORMATION:   STATIC OVERLAYABLE
   CODE SIZE        =    822    ----
   CONSTANT SIZE    =    213    ----
   XDATA SIZE       =   ----    ----
   PDATA SIZE       =   ----    ----
   DATA SIZE        =     17      10
   IDATA SIZE       =   ----    ----
   BIT SIZE         =   ----    ----
END OF MODULE INFORMATION.


C51 COMPILATION COMPLETE.  0 WARNING(S),  0 ERROR(S)
