
main:     file format elf32-avr


Disassembly of section .text:

00000000 <__vectors>:
   0:	0c 94 2a 00 	jmp	0x54	; 0x54 <__ctors_end>
   4:	0c 94 34 00 	jmp	0x68	; 0x68 <__bad_interrupt>
   8:	0c 94 34 00 	jmp	0x68	; 0x68 <__bad_interrupt>
   c:	0c 94 34 00 	jmp	0x68	; 0x68 <__bad_interrupt>
  10:	0c 94 34 00 	jmp	0x68	; 0x68 <__bad_interrupt>
  14:	0c 94 34 00 	jmp	0x68	; 0x68 <__bad_interrupt>
  18:	0c 94 34 00 	jmp	0x68	; 0x68 <__bad_interrupt>
  1c:	0c 94 47 00 	jmp	0x8e	; 0x8e <__vector_7>
  20:	0c 94 34 00 	jmp	0x68	; 0x68 <__bad_interrupt>
  24:	0c 94 34 00 	jmp	0x68	; 0x68 <__bad_interrupt>
  28:	0c 94 34 00 	jmp	0x68	; 0x68 <__bad_interrupt>
  2c:	0c 94 34 00 	jmp	0x68	; 0x68 <__bad_interrupt>
  30:	0c 94 34 00 	jmp	0x68	; 0x68 <__bad_interrupt>
  34:	0c 94 34 00 	jmp	0x68	; 0x68 <__bad_interrupt>
  38:	0c 94 34 00 	jmp	0x68	; 0x68 <__bad_interrupt>
  3c:	0c 94 34 00 	jmp	0x68	; 0x68 <__bad_interrupt>
  40:	0c 94 34 00 	jmp	0x68	; 0x68 <__bad_interrupt>
  44:	0c 94 34 00 	jmp	0x68	; 0x68 <__bad_interrupt>
  48:	0c 94 34 00 	jmp	0x68	; 0x68 <__bad_interrupt>
  4c:	0c 94 34 00 	jmp	0x68	; 0x68 <__bad_interrupt>
  50:	0c 94 34 00 	jmp	0x68	; 0x68 <__bad_interrupt>

00000054 <__ctors_end>:
  54:	11 24       	eor	r1, r1
  56:	1f be       	out	0x3f, r1	; 63
  58:	cf e5       	ldi	r28, 0x5F	; 95
  5a:	d8 e0       	ldi	r29, 0x08	; 8
  5c:	de bf       	out	0x3e, r29	; 62
  5e:	cd bf       	out	0x3d, r28	; 61
  60:	0e 94 36 00 	call	0x6c	; 0x6c <main>
  64:	0c 94 53 00 	jmp	0xa6	; 0xa6 <_exit>

00000068 <__bad_interrupt>:
  68:	0c 94 00 00 	jmp	0	; 0x0 <__vectors>

0000006c <main>:
  6c:	78 94       	sei
  6e:	89 b7       	in	r24, 0x39	; 57
  70:	80 61       	ori	r24, 0x10	; 16
  72:	89 bf       	out	0x39, r24	; 57
  74:	80 e2       	ldi	r24, 0x20	; 32
  76:	81 bb       	out	0x11, r24	; 17
  78:	8f b5       	in	r24, 0x2f	; 47
  7a:	80 64       	ori	r24, 0x40	; 64
  7c:	8f bd       	out	0x2f, r24	; 47
  7e:	89 e0       	ldi	r24, 0x09	; 9
  80:	9d e3       	ldi	r25, 0x3D	; 61
  82:	9b bd       	out	0x2b, r25	; 43
  84:	8a bd       	out	0x2a, r24	; 42
  86:	8e b5       	in	r24, 0x2e	; 46
  88:	83 60       	ori	r24, 0x03	; 3
  8a:	8e bd       	out	0x2e, r24	; 46
  8c:	ff cf       	rjmp	.-2      	; 0x8c <main+0x20>

0000008e <__vector_7>:
  8e:	1f 92       	push	r1
  90:	0f 92       	push	r0
  92:	0f b6       	in	r0, 0x3f	; 63
  94:	0f 92       	push	r0
  96:	11 24       	eor	r1, r1
  98:	1d bc       	out	0x2d, r1	; 45
  9a:	1c bc       	out	0x2c, r1	; 44
  9c:	0f 90       	pop	r0
  9e:	0f be       	out	0x3f, r0	; 63
  a0:	0f 90       	pop	r0
  a2:	1f 90       	pop	r1
  a4:	18 95       	reti

000000a6 <_exit>:
  a6:	f8 94       	cli

000000a8 <__stop_program>:
  a8:	ff cf       	rjmp	.-2      	; 0xa8 <__stop_program>
