C51 COMPILER V9.52.0.0   LCD                                                               08/25/2014 13:45:13 PAGE 1   


C51 COMPILER V9.52.0.0, COMPILATION OF MODULE LCD
OBJECT MODULE PLACED IN Z:\home\aloo\Documents\Acads\Sem5\EE337 Microprocessors Lab\Exp5\exp5hw\lcd.obj
COMPILER INVOKED BY: C:\Keil\C51\BIN\C51.exe Z:\home\aloo\Documents\Acads\Sem5\EE337 Microprocessors Lab\Exp5\exp5hw\lcd
                    -.c LARGE BROWSE DEBUG OBJECTEXTEND PRINT(.\lcd.lst) TABS(2) OBJECT(Z:\home\aloo\Documents\Acads\Sem5\EE337 Microprocesso
                    -rs Lab\Exp5\exp5hw\lcd.obj)

line level    source

   1          #include"lcd.h"
   2          
   3          void init_lcd() {
   4   1        lcd_command(0x38);
   5   1        lcd_command(0x0C);
   6   1        lcd_command(0x01);
   7   1        lcd_command(0x06);
   8   1      }
   9          
  10          void lcd_command(int cmd) {
  11   1        LCD_data=cmd;
  12   1        LCD_cont&=~(1<<LCD_rs);
  13   1        LCD_cont&=~(1<<LCD_rw);
  14   1        LCD_cont|=(1<<LCD_en);
  15   1        software_delay(1);
  16   1        LCD_cont&=~(1<<LCD_en);
  17   1        software_delay(1);
  18   1      }
  19          
  20          void lcd_data(int dat) {
  21   1        LCD_data=dat;
  22   1        LCD_cont|=(1<<LCD_rs);
  23   1        LCD_cont&=~(1<<LCD_rw);
  24   1        LCD_cont|=(1<<LCD_en);
  25   1        software_delay(1);
  26   1        LCD_cont&=~(1<<LCD_en);
  27   1        software_delay(2);
  28   1      }
  29          
  30          void lcd_string(char* ptr) {
  31   1        int i=0;
  32   1        while(ptr[i]!='\0') {
  33   2          lcd_data(ptr[i]);
  34   2          i=i+1;
  35   2        }
  36   1      }


MODULE INFORMATION:   STATIC OVERLAYABLE
   CODE SIZE        =    150    ----
   CONSTANT SIZE    =   ----    ----
   XDATA SIZE       =   ----       5
   PDATA SIZE       =   ----    ----
   DATA SIZE        =   ----    ----
   IDATA SIZE       =   ----    ----
   BIT SIZE         =   ----    ----
END OF MODULE INFORMATION.


C51 COMPILATION COMPLETE.  0 WARNING(S),  0 ERROR(S)
