
main:     file format elf32-avr


Disassembly of section .text:

00000000 <__vectors>:
   0:	0c 94 2a 00 	jmp	0x54	; 0x54 <__ctors_end>
   4:	0c 94 47 00 	jmp	0x8e	; 0x8e <__bad_interrupt>
   8:	0c 94 47 00 	jmp	0x8e	; 0x8e <__bad_interrupt>
   c:	0c 94 47 00 	jmp	0x8e	; 0x8e <__bad_interrupt>
  10:	0c 94 47 00 	jmp	0x8e	; 0x8e <__bad_interrupt>
  14:	0c 94 47 00 	jmp	0x8e	; 0x8e <__bad_interrupt>
  18:	0c 94 47 00 	jmp	0x8e	; 0x8e <__bad_interrupt>
  1c:	0c 94 47 00 	jmp	0x8e	; 0x8e <__bad_interrupt>
  20:	0c 94 47 00 	jmp	0x8e	; 0x8e <__bad_interrupt>
  24:	0c 94 47 00 	jmp	0x8e	; 0x8e <__bad_interrupt>
  28:	0c 94 47 00 	jmp	0x8e	; 0x8e <__bad_interrupt>
  2c:	0c 94 47 00 	jmp	0x8e	; 0x8e <__bad_interrupt>
  30:	0c 94 47 00 	jmp	0x8e	; 0x8e <__bad_interrupt>
  34:	0c 94 47 00 	jmp	0x8e	; 0x8e <__bad_interrupt>
  38:	0c 94 47 00 	jmp	0x8e	; 0x8e <__bad_interrupt>
  3c:	0c 94 47 00 	jmp	0x8e	; 0x8e <__bad_interrupt>
  40:	0c 94 47 00 	jmp	0x8e	; 0x8e <__bad_interrupt>
  44:	0c 94 47 00 	jmp	0x8e	; 0x8e <__bad_interrupt>
  48:	0c 94 47 00 	jmp	0x8e	; 0x8e <__bad_interrupt>
  4c:	0c 94 47 00 	jmp	0x8e	; 0x8e <__bad_interrupt>
  50:	0c 94 47 00 	jmp	0x8e	; 0x8e <__bad_interrupt>

00000054 <__ctors_end>:
  54:	11 24       	eor	r1, r1
  56:	1f be       	out	0x3f, r1	; 63
  58:	cf e5       	ldi	r28, 0x5F	; 95
  5a:	d8 e0       	ldi	r29, 0x08	; 8
  5c:	de bf       	out	0x3e, r29	; 62
  5e:	cd bf       	out	0x3d, r28	; 61

00000060 <__do_copy_data>:
  60:	10 e0       	ldi	r17, 0x00	; 0
  62:	a0 e6       	ldi	r26, 0x60	; 96
  64:	b0 e0       	ldi	r27, 0x00	; 0
  66:	ec e5       	ldi	r30, 0x5C	; 92
  68:	f3 e0       	ldi	r31, 0x03	; 3
  6a:	02 c0       	rjmp	.+4      	; 0x70 <__do_copy_data+0x10>
  6c:	05 90       	lpm	r0, Z+
  6e:	0d 92       	st	X+, r0
  70:	a6 36       	cpi	r26, 0x66	; 102
  72:	b1 07       	cpc	r27, r17
  74:	d9 f7       	brne	.-10     	; 0x6c <__do_copy_data+0xc>

00000076 <__do_clear_bss>:
  76:	10 e0       	ldi	r17, 0x00	; 0
  78:	a6 e6       	ldi	r26, 0x66	; 102
  7a:	b0 e0       	ldi	r27, 0x00	; 0
  7c:	01 c0       	rjmp	.+2      	; 0x80 <.do_clear_bss_start>

0000007e <.do_clear_bss_loop>:
  7e:	1d 92       	st	X+, r1

00000080 <.do_clear_bss_start>:
  80:	a0 39       	cpi	r26, 0x90	; 144
  82:	b1 07       	cpc	r27, r17
  84:	e1 f7       	brne	.-8      	; 0x7e <.do_clear_bss_loop>
  86:	0e 94 14 01 	call	0x228	; 0x228 <main>
  8a:	0c 94 ac 01 	jmp	0x358	; 0x358 <_exit>

0000008e <__bad_interrupt>:
  8e:	0c 94 00 00 	jmp	0	; 0x0 <__vectors>

00000092 <Check_IF_MrLCD_isBusy>:
  92:	17 ba       	out	0x17, r1	; 23
  94:	97 9a       	sbi	0x12, 7	; 18
  96:	82 b3       	in	r24, 0x12	; 18
  98:	88 7f       	andi	r24, 0xF8	; 248
  9a:	82 bb       	out	0x12, r24	; 18
  9c:	c7 9b       	sbis	0x18, 7	; 24
  9e:	08 c0       	rjmp	.+16     	; 0xb0 <Check_IF_MrLCD_isBusy+0x1e>
  a0:	95 9a       	sbi	0x12, 5	; 18
  a2:	00 00       	nop
  a4:	00 00       	nop
  a6:	82 b3       	in	r24, 0x12	; 18
  a8:	80 7c       	andi	r24, 0xC0	; 192
  aa:	82 bb       	out	0x12, r24	; 18
  ac:	c7 99       	sbic	0x18, 7	; 24
  ae:	f8 cf       	rjmp	.-16     	; 0xa0 <Check_IF_MrLCD_isBusy+0xe>
  b0:	8f ef       	ldi	r24, 0xFF	; 255
  b2:	87 bb       	out	0x17, r24	; 23
  b4:	08 95       	ret

000000b6 <Peek_A_Boo>:
  b6:	95 9a       	sbi	0x12, 5	; 18
  b8:	00 00       	nop
  ba:	00 00       	nop
  bc:	82 b3       	in	r24, 0x12	; 18
  be:	80 7c       	andi	r24, 0xC0	; 192
  c0:	82 bb       	out	0x12, r24	; 18
  c2:	08 95       	ret

000000c4 <Send_A_Command>:
  c4:	df 93       	push	r29
  c6:	cf 93       	push	r28
  c8:	0f 92       	push	r0
  ca:	cd b7       	in	r28, 0x3d	; 61
  cc:	de b7       	in	r29, 0x3e	; 62
  ce:	89 83       	std	Y+1, r24	; 0x01
  d0:	0e 94 49 00 	call	0x92	; 0x92 <Check_IF_MrLCD_isBusy>
  d4:	89 81       	ldd	r24, Y+1	; 0x01
  d6:	88 bb       	out	0x18, r24	; 24
  d8:	82 b3       	in	r24, 0x12	; 18
  da:	8b 77       	andi	r24, 0x7B	; 123
  dc:	82 bb       	out	0x12, r24	; 18
  de:	95 9a       	sbi	0x12, 5	; 18
  e0:	00 00       	nop
  e2:	00 00       	nop
  e4:	82 b3       	in	r24, 0x12	; 18
  e6:	80 7c       	andi	r24, 0xC0	; 192
  e8:	82 bb       	out	0x12, r24	; 18
  ea:	18 ba       	out	0x18, r1	; 24
  ec:	0f 90       	pop	r0
  ee:	cf 91       	pop	r28
  f0:	df 91       	pop	r29
  f2:	08 95       	ret

000000f4 <Send_A_Character>:
  f4:	df 93       	push	r29
  f6:	cf 93       	push	r28
  f8:	0f 92       	push	r0
  fa:	cd b7       	in	r28, 0x3d	; 61
  fc:	de b7       	in	r29, 0x3e	; 62
  fe:	89 83       	std	Y+1, r24	; 0x01
 100:	0e 94 49 00 	call	0x92	; 0x92 <Check_IF_MrLCD_isBusy>
 104:	89 81       	ldd	r24, Y+1	; 0x01
 106:	88 bb       	out	0x18, r24	; 24
 108:	97 98       	cbi	0x12, 7	; 18
 10a:	92 9a       	sbi	0x12, 2	; 18
 10c:	95 9a       	sbi	0x12, 5	; 18
 10e:	00 00       	nop
 110:	00 00       	nop
 112:	82 b3       	in	r24, 0x12	; 18
 114:	80 7c       	andi	r24, 0xC0	; 192
 116:	82 bb       	out	0x12, r24	; 18
 118:	18 ba       	out	0x18, r1	; 24
 11a:	0f 90       	pop	r0
 11c:	cf 91       	pop	r28
 11e:	df 91       	pop	r29
 120:	08 95       	ret

00000122 <Send_A_String>:
 122:	cf 93       	push	r28
 124:	df 93       	push	r29
 126:	ec 01       	movw	r28, r24
 128:	88 81       	ld	r24, Y
 12a:	18 16       	cp	r1, r24
 12c:	34 f4       	brge	.+12     	; 0x13a <Send_A_String+0x18>
 12e:	21 96       	adiw	r28, 0x01	; 1
 130:	0e 94 7a 00 	call	0xf4	; 0xf4 <Send_A_Character>
 134:	89 91       	ld	r24, Y+
 136:	18 16       	cp	r1, r24
 138:	dc f3       	brlt	.-10     	; 0x130 <Send_A_String+0xe>
 13a:	df 91       	pop	r29
 13c:	cf 91       	pop	r28
 13e:	08 95       	ret

00000140 <GotoMrLCDsLocation>:
 140:	81 58       	subi	r24, 0x81	; 129
 142:	e6 2f       	mov	r30, r22
 144:	f0 e0       	ldi	r31, 0x00	; 0
 146:	ef 59       	subi	r30, 0x9F	; 159
 148:	ff 4f       	sbci	r31, 0xFF	; 255
 14a:	90 81       	ld	r25, Z
 14c:	89 0f       	add	r24, r25
 14e:	0e 94 62 00 	call	0xc4	; 0xc4 <Send_A_Command>
 152:	08 95       	ret

00000154 <InitializeMrLCD>:
 154:	81 b3       	in	r24, 0x11	; 17
 156:	84 6a       	ori	r24, 0xA4	; 164
 158:	81 bb       	out	0x11, r24	; 17
 15a:	85 ea       	ldi	r24, 0xA5	; 165
 15c:	9e e0       	ldi	r25, 0x0E	; 14
 15e:	01 97       	sbiw	r24, 0x01	; 1
 160:	f1 f7       	brne	.-4      	; 0x15e <InitializeMrLCD+0xa>
 162:	00 c0       	rjmp	.+0      	; 0x164 <InitializeMrLCD+0x10>
 164:	00 00       	nop
 166:	81 e0       	ldi	r24, 0x01	; 1
 168:	0e 94 62 00 	call	0xc4	; 0xc4 <Send_A_Command>
 16c:	83 ef       	ldi	r24, 0xF3	; 243
 16e:	91 e0       	ldi	r25, 0x01	; 1
 170:	01 97       	sbiw	r24, 0x01	; 1
 172:	f1 f7       	brne	.-4      	; 0x170 <InitializeMrLCD+0x1c>
 174:	00 c0       	rjmp	.+0      	; 0x176 <InitializeMrLCD+0x22>
 176:	00 00       	nop
 178:	88 e3       	ldi	r24, 0x38	; 56
 17a:	0e 94 62 00 	call	0xc4	; 0xc4 <Send_A_Command>
 17e:	90 e1       	ldi	r25, 0x10	; 16
 180:	9a 95       	dec	r25
 182:	f1 f7       	brne	.-4      	; 0x180 <InitializeMrLCD+0x2c>
 184:	00 c0       	rjmp	.+0      	; 0x186 <InitializeMrLCD+0x32>
 186:	8c e0       	ldi	r24, 0x0C	; 12
 188:	0e 94 62 00 	call	0xc4	; 0xc4 <Send_A_Command>
 18c:	80 e1       	ldi	r24, 0x10	; 16
 18e:	8a 95       	dec	r24
 190:	f1 f7       	brne	.-4      	; 0x18e <InitializeMrLCD+0x3a>
 192:	00 c0       	rjmp	.+0      	; 0x194 <InitializeMrLCD+0x40>
 194:	08 95       	ret

00000196 <ADCInit>:
 196:	37 9a       	sbi	0x06, 7	; 6
 198:	87 b1       	in	r24, 0x07	; 7
 19a:	80 66       	ori	r24, 0x60	; 96
 19c:	87 b9       	out	0x07, r24	; 7
 19e:	32 9a       	sbi	0x06, 2	; 6
 1a0:	36 9a       	sbi	0x06, 6	; 6
 1a2:	08 95       	ret

000001a4 <ADCRead>:
 1a4:	36 9a       	sbi	0x06, 6	; 6
 1a6:	36 9b       	sbis	0x06, 6	; 6
 1a8:	fe cf       	rjmp	.-4      	; 0x1a6 <ADCRead+0x2>
 1aa:	85 b1       	in	r24, 0x05	; 5
 1ac:	90 e0       	ldi	r25, 0x00	; 0
 1ae:	08 95       	ret

000001b0 <Line>:
 1b0:	0f 93       	push	r16
 1b2:	1f 93       	push	r17
 1b4:	cf 93       	push	r28
 1b6:	df 93       	push	r29
 1b8:	8c 01       	movw	r16, r24
 1ba:	80 e4       	ldi	r24, 0x40	; 64
 1bc:	0e 94 62 00 	call	0xc4	; 0xc4 <Send_A_Command>
 1c0:	08 30       	cpi	r16, 0x08	; 8
 1c2:	11 05       	cpc	r17, r1
 1c4:	ec f4       	brge	.+58     	; 0x200 <Line+0x50>
 1c6:	c8 e0       	ldi	r28, 0x08	; 8
 1c8:	d0 e0       	ldi	r29, 0x00	; 0
 1ca:	80 e0       	ldi	r24, 0x00	; 0
 1cc:	0e 94 7a 00 	call	0xf4	; 0xf4 <Send_A_Character>
 1d0:	21 97       	sbiw	r28, 0x01	; 1
 1d2:	0c 17       	cp	r16, r28
 1d4:	1d 07       	cpc	r17, r29
 1d6:	cc f3       	brlt	.-14     	; 0x1ca <Line+0x1a>
 1d8:	8f e1       	ldi	r24, 0x1F	; 31
 1da:	0e 94 7a 00 	call	0xf4	; 0xf4 <Send_A_Character>
 1de:	02 30       	cpi	r16, 0x02	; 2
 1e0:	11 05       	cpc	r17, r1
 1e2:	4c f0       	brlt	.+18     	; 0x1f6 <Line+0x46>
 1e4:	c1 e0       	ldi	r28, 0x01	; 1
 1e6:	d0 e0       	ldi	r29, 0x00	; 0
 1e8:	80 e0       	ldi	r24, 0x00	; 0
 1ea:	0e 94 7a 00 	call	0xf4	; 0xf4 <Send_A_Character>
 1ee:	21 96       	adiw	r28, 0x01	; 1
 1f0:	c0 17       	cp	r28, r16
 1f2:	d1 07       	cpc	r29, r17
 1f4:	cc f3       	brlt	.-14     	; 0x1e8 <Line+0x38>
 1f6:	df 91       	pop	r29
 1f8:	cf 91       	pop	r28
 1fa:	1f 91       	pop	r17
 1fc:	0f 91       	pop	r16
 1fe:	08 95       	ret
 200:	8f e1       	ldi	r24, 0x1F	; 31
 202:	0e 94 7a 00 	call	0xf4	; 0xf4 <Send_A_Character>
 206:	ee cf       	rjmp	.-36     	; 0x1e4 <Line+0x34>

00000208 <PopLeft>:
 208:	fc 01       	movw	r30, r24
 20a:	20 e0       	ldi	r18, 0x00	; 0
 20c:	30 e0       	ldi	r19, 0x00	; 0
 20e:	42 81       	ldd	r20, Z+2	; 0x02
 210:	53 81       	ldd	r21, Z+3	; 0x03
 212:	41 93       	st	Z+, r20
 214:	51 93       	st	Z+, r21
 216:	2f 5f       	subi	r18, 0xFF	; 255
 218:	3f 4f       	sbci	r19, 0xFF	; 255
 21a:	23 31       	cpi	r18, 0x13	; 19
 21c:	31 05       	cpc	r19, r1
 21e:	b9 f7       	brne	.-18     	; 0x20e <PopLeft+0x6>
 220:	fc 01       	movw	r30, r24
 222:	77 a3       	std	Z+39, r23	; 0x27
 224:	66 a3       	std	Z+38, r22	; 0x26
 226:	08 95       	ret

00000228 <main>:
 228:	ef 92       	push	r14
 22a:	ff 92       	push	r15
 22c:	0f 93       	push	r16
 22e:	1f 93       	push	r17
 230:	cf 93       	push	r28
 232:	df 93       	push	r29
 234:	0e 94 aa 00 	call	0x154	; 0x154 <InitializeMrLCD>
 238:	0e 94 cb 00 	call	0x196	; 0x196 <ADCInit>
 23c:	e8 e6       	ldi	r30, 0x68	; 104
 23e:	f0 e0       	ldi	r31, 0x00	; 0
 240:	8f ef       	ldi	r24, 0xFF	; 255
 242:	9f ef       	ldi	r25, 0xFF	; 255
 244:	81 93       	st	Z+, r24
 246:	91 93       	st	Z+, r25
 248:	20 e0       	ldi	r18, 0x00	; 0
 24a:	e0 39       	cpi	r30, 0x90	; 144
 24c:	f2 07       	cpc	r31, r18
 24e:	d1 f7       	brne	.-12     	; 0x244 <main+0x1c>
 250:	31 e0       	ldi	r19, 0x01	; 1
 252:	e3 2e       	mov	r14, r19
 254:	f1 2c       	mov	r15, r1
 256:	36 9a       	sbi	0x06, 6	; 6
 258:	36 9b       	sbis	0x06, 6	; 6
 25a:	fe cf       	rjmp	.-4      	; 0x258 <main+0x30>
 25c:	65 b1       	in	r22, 0x05	; 5
 25e:	70 e0       	ldi	r23, 0x00	; 0
 260:	75 95       	asr	r23
 262:	67 95       	ror	r22
 264:	75 95       	asr	r23
 266:	67 95       	ror	r22
 268:	75 95       	asr	r23
 26a:	67 95       	ror	r22
 26c:	70 93 67 00 	sts	0x0067, r23
 270:	60 93 66 00 	sts	0x0066, r22
 274:	61 15       	cp	r22, r1
 276:	71 05       	cpc	r23, r1
 278:	31 f4       	brne	.+12     	; 0x286 <main+0x5e>
 27a:	f0 92 67 00 	sts	0x0067, r15
 27e:	e0 92 66 00 	sts	0x0066, r14
 282:	61 e0       	ldi	r22, 0x01	; 1
 284:	70 e0       	ldi	r23, 0x00	; 0
 286:	88 e6       	ldi	r24, 0x68	; 104
 288:	90 e0       	ldi	r25, 0x00	; 0
 28a:	0e 94 04 01 	call	0x208	; 0x208 <PopLeft>
 28e:	c8 e6       	ldi	r28, 0x68	; 104
 290:	d0 e0       	ldi	r29, 0x00	; 0
 292:	01 e0       	ldi	r16, 0x01	; 1
 294:	10 e0       	ldi	r17, 0x00	; 0
 296:	16 c0       	rjmp	.+44     	; 0x2c4 <main+0x9c>
 298:	75 95       	asr	r23
 29a:	67 95       	ror	r22
 29c:	75 95       	asr	r23
 29e:	67 95       	ror	r22
 2a0:	75 95       	asr	r23
 2a2:	67 95       	ror	r22
 2a4:	70 95       	com	r23
 2a6:	61 95       	neg	r22
 2a8:	7f 4f       	sbci	r23, 0xFF	; 255
 2aa:	6c 5f       	subi	r22, 0xFC	; 252
 2ac:	80 2f       	mov	r24, r16
 2ae:	0e 94 a0 00 	call	0x140	; 0x140 <GotoMrLCDsLocation>
 2b2:	80 e0       	ldi	r24, 0x00	; 0
 2b4:	0e 94 7a 00 	call	0xf4	; 0xf4 <Send_A_Character>
 2b8:	0f 5f       	subi	r16, 0xFF	; 255
 2ba:	1f 4f       	sbci	r17, 0xFF	; 255
 2bc:	22 96       	adiw	r28, 0x02	; 2
 2be:	05 31       	cpi	r16, 0x15	; 21
 2c0:	11 05       	cpc	r17, r1
 2c2:	91 f0       	breq	.+36     	; 0x2e8 <main+0xc0>
 2c4:	88 81       	ld	r24, Y
 2c6:	99 81       	ldd	r25, Y+1	; 0x01
 2c8:	18 16       	cp	r1, r24
 2ca:	19 06       	cpc	r1, r25
 2cc:	ac f7       	brge	.-22     	; 0x2b8 <main+0x90>
 2ce:	87 70       	andi	r24, 0x07	; 7
 2d0:	90 70       	andi	r25, 0x00	; 0
 2d2:	0e 94 d8 00 	call	0x1b0	; 0x1b0 <Line>
 2d6:	98 81       	ld	r25, Y
 2d8:	89 81       	ldd	r24, Y+1	; 0x01
 2da:	69 2f       	mov	r22, r25
 2dc:	78 2f       	mov	r23, r24
 2de:	77 ff       	sbrs	r23, 7
 2e0:	db cf       	rjmp	.-74     	; 0x298 <main+0x70>
 2e2:	69 5f       	subi	r22, 0xF9	; 249
 2e4:	7f 4f       	sbci	r23, 0xFF	; 255
 2e6:	d8 cf       	rjmp	.-80     	; 0x298 <main+0x70>
 2e8:	8f e9       	ldi	r24, 0x9F	; 159
 2ea:	96 e8       	ldi	r25, 0x86	; 134
 2ec:	a1 e0       	ldi	r26, 0x01	; 1
 2ee:	81 50       	subi	r24, 0x01	; 1
 2f0:	90 40       	sbci	r25, 0x00	; 0
 2f2:	a0 40       	sbci	r26, 0x00	; 0
 2f4:	e1 f7       	brne	.-8      	; 0x2ee <main+0xc6>
 2f6:	00 c0       	rjmp	.+0      	; 0x2f8 <main+0xd0>
 2f8:	00 00       	nop
 2fa:	c8 e6       	ldi	r28, 0x68	; 104
 2fc:	d0 e0       	ldi	r29, 0x00	; 0
 2fe:	01 e0       	ldi	r16, 0x01	; 1
 300:	10 e0       	ldi	r17, 0x00	; 0
 302:	18 c0       	rjmp	.+48     	; 0x334 <main+0x10c>
 304:	75 95       	asr	r23
 306:	67 95       	ror	r22
 308:	75 95       	asr	r23
 30a:	67 95       	ror	r22
 30c:	75 95       	asr	r23
 30e:	67 95       	ror	r22
 310:	70 95       	com	r23
 312:	61 95       	neg	r22
 314:	7f 4f       	sbci	r23, 0xFF	; 255
 316:	6c 5f       	subi	r22, 0xFC	; 252
 318:	80 2f       	mov	r24, r16
 31a:	0e 94 a0 00 	call	0x140	; 0x140 <GotoMrLCDsLocation>
 31e:	80 e6       	ldi	r24, 0x60	; 96
 320:	90 e0       	ldi	r25, 0x00	; 0
 322:	0e 94 91 00 	call	0x122	; 0x122 <Send_A_String>
 326:	0f 5f       	subi	r16, 0xFF	; 255
 328:	1f 4f       	sbci	r17, 0xFF	; 255
 32a:	22 96       	adiw	r28, 0x02	; 2
 32c:	05 31       	cpi	r16, 0x15	; 21
 32e:	11 05       	cpc	r17, r1
 330:	09 f4       	brne	.+2      	; 0x334 <main+0x10c>
 332:	91 cf       	rjmp	.-222    	; 0x256 <main+0x2e>
 334:	88 81       	ld	r24, Y
 336:	99 81       	ldd	r25, Y+1	; 0x01
 338:	18 16       	cp	r1, r24
 33a:	19 06       	cpc	r1, r25
 33c:	a4 f7       	brge	.-24     	; 0x326 <main+0xfe>
 33e:	87 70       	andi	r24, 0x07	; 7
 340:	90 70       	andi	r25, 0x00	; 0
 342:	0e 94 d8 00 	call	0x1b0	; 0x1b0 <Line>
 346:	98 81       	ld	r25, Y
 348:	89 81       	ldd	r24, Y+1	; 0x01
 34a:	69 2f       	mov	r22, r25
 34c:	78 2f       	mov	r23, r24
 34e:	77 ff       	sbrs	r23, 7
 350:	d9 cf       	rjmp	.-78     	; 0x304 <main+0xdc>
 352:	69 5f       	subi	r22, 0xF9	; 249
 354:	7f 4f       	sbci	r23, 0xFF	; 255
 356:	d6 cf       	rjmp	.-84     	; 0x304 <main+0xdc>

00000358 <_exit>:
 358:	f8 94       	cli

0000035a <__stop_program>:
 35a:	ff cf       	rjmp	.-2      	; 0x35a <__stop_program>
